[2025-10-20 22:01:34.759] [ UPS, Pump State: 123, Mode: 1 ] RAW: [7B 00 00 00 00 00 00 01] DLC: 8
[2025-10-20 22:01:38.750] [ UPS, Pump State: 124, Mode: 1 ] RAW: [7C 00 00 00 00 00 00 01] DLC: 8
[2025-10-20 22:01:42.740] [ UPS, Pump State: 124, Mode: 1 ] RAW: [7C 00 00 00 00 00 00 01] DLC: 8
[2025-10-20 22:01:46.730] [ UPS, Pump State: 123, Mode: 1 ] RAW: [7B 00 00 00 00 00 00 01] DLC: 8
[2025-10-20 22:01:50.719] [ UPS, Pump State: 124, Mode: 1 ] RAW: [7C 00 00 00 00 00 00 01] DLC: 8
[2025-10-20 22:01:54.710] [ UPS, Pump State: 124, Mode: 1 ] RAW: [7C 00 00 00 00 00 00 01] DLC: 8
[2025-10-20 22:01:58.696] [ UPS, Pump State: 124, Mode: 1 ] RAW: [7C 00 00 00 00 00 00 01] DLC: 8
[2025-10-20 22:02:02.689] [ UPS, Pump State: 124, Mode: 1 ] RAW: [7C 00 00 00 00 00 00 01] DLC: 8
[2025-10-20 22:02:06.679] [ UPS, Pump State: 123, Mode: 1 ] RAW: [7B 00 00 00 00 00 00 01] DLC: 8
[2025-10-20 22:02:10.669] [ UPS, Pump State: 124, Mode: 1 ] RAW: [7C 00 00 00 00 00 00 01] DLC: 8
[2025-10-20 22:02:14.660] [ UPS, Pump State: 123, Mode: 1 ] RAW: [7B 00 00 00 00 00 00 01] DLC: 8
[2025-10-20 22:02:18.649] [ UPS, Pump State: 123, Mode: 1 ] RAW: [7B 00 00 00 00 00 00 01] DLC: 8
[2025-10-20 22:02:22.638] [ UPS, Pump State: 123, Mode: 1 ] RAW: [7B 00 00 00 00 00 00 01] DLC: 8
[2025-10-20 22:02:26.628] [ UPS, Pump State: 124, Mode: 1 ] RAW: [7C 00 00 00 00 00 00 01] DLC: 8
[2025-10-20 22:02:30.621] [ UPS, Pump State: 123, Mode: 1 ] RAW: [7B 00 00 00 00 00 00 01] DLC: 8
[2025-10-20 22:02:34.608] [ UPS, Pump State: 124, Mode: 1 ] RAW: [7C 00 00 00 00 00 00 01] DLC: 8
[2025-10-20 22:02:38.599] [ UPS, Pump State: 123, Mode: 1 ] RAW: [7B 00 00 00 00 00 00 01] DLC: 8
[2025-10-20 22:02:42.589] [ UPS, Pump State: 123, Mode: 1 ] RAW: [7B 00 00 00 00 00 00 01] DLC: 8
[2025-10-20 22:02:46.579] [ UPS, Pump State: 124, Mode: 1 ] RAW: [7C 00 00 00 00 00 00 01] DLC: 8
[2025-10-20 22:02:50.569] [ UPS, Pump State: 123, Mode: 1 ] RAW: [7B 00 00 00 00 00 00 01] DLC: 8
[2025-10-20 22:02:54.559] [ UPS, Pump State: 123, Mode: 1 ] RAW: [7B 00 00 00 00 00 00 01] DLC: 8
[2025-10-20 22:02:58.548] [ UPS, Pump State: 124, Mode: 1 ] RAW: [7C 00 00 00 00 00 00 01] DLC: 8
[2025-10-20 22:03:02.538] [ UPS, Pump State: 124, Mode: 1 ] RAW: [7C 00 00 00 00 00 00 01] DLC: 8
[2025-10-20 22:03:06.527] [ UPS, Pump State: 123, Mode: 1 ] RAW: [7B 00 00 00 00 00 00 01] DLC: 8
[2025-10-20 22:03:10.517] [ UPS, Pump State: 123, Mode: 1 ] RAW: [7B 00 00 00 00 00 00 01] DLC: 8
[2025-10-20 22:03:14.507] [ UPS, Pump State: 123, Mode: 1 ] RAW: [7B 00 00 00 00 00 00 01] DLC: 8
[2025-10-20 22:03:18.497] [ UPS, Pump State: 123, Mode: 1 ] RAW: [7B 00 00 00 00 00 00 01] DLC: 8
[2025-10-20 22:03:22.487] [ UPS, Pump State: 124, Mode: 1 ] RAW: [7C 00 00 00 00 00 00 01] DLC: 8
[2025-10-20 22:03:26.477] [ UPS, Pump State: 124, Mode: 1 ] RAW: [7C 00 00 00 00 00 00 01] DLC: 8
[2025-10-20 22:03:30.465] [ UPS, Pump State: 123, Mode: 1 ] RAW: [7B 00 00 00 00 00 00 01] DLC: 8
[2025-10-20 22:03:34.456] [ UPS, Pump State: 123, Mode: 1 ] RAW: [7B 00 00 00 00 00 00 01] DLC: 8
[2025-10-20 22:03:38.446] [ UPS, Pump State: 124, Mode: 1 ] RAW: [7C 00 00 00 00 00 00 01] DLC: 8
[2025-10-20 22:03:42.437] [ UPS, Pump State: 124, Mode: 1 ] RAW: [7C 00 00 00 00 00 00 01] DLC: 8
[2025-10-20 22:03:46.426] [ UPS, Pump State: 123, Mode: 1 ] RAW: [7B 00 00 00 00 00 00 01] DLC: 8
[2025-10-20 22:03:50.417] [ UPS, Pump State: 123, Mode: 1 ] RAW: [7B 00 00 00 00 00 00 01] DLC: 8
[2025-10-20 22:03:54.410] [ UPS, Pump State: 124, Mode: 1 ] RAW: [7C 00 00 00 00 00 00 01] DLC: 8
[2025-10-20 22:03:58.403] [ UPS, Pump State: 124, Mode: 1 ] RAW: [7C 00 00 00 00 00 00 01] DLC: 8
[2025-10-20 22:04:02.395] [ UPS, Pump State: 123, Mode: 1 ] RAW: [7B 00 00 00 00 00 00 01] DLC: 8
[2025-10-20 22:04:06.388] [ UPS, Pump State: 123, Mode: 1 ] RAW: [7B 00 00 00 00 00 00 01] DLC: 8
[2025-10-20 22:04:10.380] [ UPS, Pump State: 124, Mode: 1 ] RAW: [7C 00 00 00 00 00 00 01] DLC: 8
[2025-10-20 22:04:14.372] [ UPS, Pump State: 123, Mode: 1 ] RAW: [7B 00 00 00 00 00 00 01] DLC: 8
[2025-10-20 22:04:18.365] [ UPS, Pump State: 123, Mode: 1 ] RAW: [7B 00 00 00 00 00 00 01] DLC: 8
[2025-10-20 22:04:22.358] [ UPS, Pump State: 123, Mode: 1 ] RAW: [7B 00 00 00 00 00 00 01] DLC: 8
[2025-10-20 22:04:26.350] [ UPS, Pump State: 124, Mode: 1 ] RAW: [7C 00 00 00 00 00 00 01] DLC: 8
[2025-10-20 22:04:30.345] [ UPS, Pump State: 123, Mode: 1 ] RAW: [7B 00 00 00 00 00 00 01] DLC: 8
[2025-10-20 22:04:34.338] [ UPS, Pump State: 123, Mode: 1 ] RAW: [7B 00 00 00 00 00 00 01] DLC: 8
[2025-10-20 22:04:38.330] [ UPS, Pump State: 123, Mode: 1 ] RAW: [7B 00 00 00 00 00 00 01] DLC: 8
[2025-10-20 22:04:42.322] [ UPS, Pump State: 122, Mode: 1 ] RAW: [7A 00 00 00 00 00 00 01] DLC: 8
[2025-10-20 22:04:46.321] [ UPS, Pump State: 123, Mode: 1 ] RAW: [7B 00 00 00 00 00 00 01] DLC: 8
[2025-10-20 22:04:50.307] [ UPS, Pump State: 123, Mode: 1 ] RAW: [7B 00 00 00 00 00 00 01] DLC: 8
[2025-10-20 22:04:54.299] [ UPS, Pump State: 123, Mode: 1 ] RAW: [7B 00 00 00 00 00 00 01] DLC: 8
[2025-10-20 22:04:58.291] [ UPS, Pump State: 123, Mode: 1 ] RAW: [7B 00 00 00 00 00 00 01] DLC: 8
[2025-10-20 22:05:02.283] [ UPS, Pump State: 123, Mode: 1 ] RAW: [7B 00 00 00 00 00 00 01] DLC: 8
[2025-10-20 22:05:06.275] [ UPS, Pump State: 123, Mode: 1 ] RAW: [7B 00 00 00 00 00 00 01] DLC: 8
[2025-10-20 22:05:10.263] [ UPS, Pump State: 123, Mode: 1 ] RAW: [7B 00 00 00 00 00 00 01] DLC: 8
[2025-10-20 22:05:14.254] [ UPS, Pump State: 124, Mode: 1 ] RAW: [7C 00 00 00 00 00 00 01] DLC: 8
[2025-10-20 22:05:18.244] [ UPS, Pump State: 124, Mode: 1 ] RAW: [7C 00 00 00 00 00 00 01] DLC: 8
[2025-10-20 22:05:22.234] [ UPS, Pump State: 123, Mode: 1 ] RAW: [7B 00 00 00 00 00 00 01] DLC: 8
[2025-10-20 22:05:26.225] [ UPS, Pump State: 123, Mode: 1 ] RAW: [7B 00 00 00 00 00 00 01] DLC: 8
[2025-10-20 22:05:30.216] [ UPS, Pump State: 123, Mode: 1 ] RAW: [7B 00 00 00 00 00 00 01] DLC: 8
[2025-10-20 22:05:34.206] [ UPS, Pump State: 123, Mode: 1 ] RAW: [7B 00 00 00 00 00 00 01] DLC: 8
[2025-10-20 22:05:38.198] [ UPS, Pump State: 124, Mode: 1 ] RAW: [7C 00 00 00 00 00 00 01] DLC: 8
[2025-10-20 22:05:42.188] [ UPS, Pump State: 123, Mode: 1 ] RAW: [7B 00 00 00 00 00 00 01] DLC: 8
[2025-10-20 22:05:46.179] [ UPS, Pump State: 123, Mode: 1 ] RAW: [7B 00 00 00 00 00 00 01] DLC: 8
[2025-10-20 22:05:50.170] [ UPS, Pump State: 123, Mode: 1 ] RAW: [7B 00 00 00 00 00 00 01] DLC: 8
[2025-10-20 22:05:54.162] [ UPS, Pump State: 124, Mode: 1 ] RAW: [7C 00 00 00 00 00 00 01] DLC: 8
[2025-10-20 22:05:58.153] [ UPS, Pump State: 123, Mode: 1 ] RAW: [7B 00 00 00 00 00 00 01] DLC: 8
[2025-10-20 22:06:02.142] [ UPS, Pump State: 124, Mode: 1 ] RAW: [7C 00 00 00 00 00 00 01] DLC: 8
[2025-10-20 22:06:06.134] [ UPS, Pump State: 123, Mode: 1 ] RAW: [7B 00 00 00 00 00 00 01] DLC: 8
[2025-10-20 22:06:10.125] [ UPS, Pump State: 123, Mode: 1 ] RAW: [7B 00 00 00 00 00 00 01] DLC: 8
[2025-10-20 22:06:14.116] [ UPS, Pump State: 124, Mode: 1 ] RAW: [7C 00 00 00 00 00 00 01] DLC: 8
[2025-10-20 22:06:18.107] [ UPS, Pump State: 123, Mode: 1 ] RAW: [7B 00 00 00 00 00 00 01] DLC: 8
[2025-10-20 22:06:22.099] [ UPS, Pump State: 123, Mode: 1 ] RAW: [7B 00 00 00 00 00 00 01] DLC: 8
[2025-10-20 22:06:26.090] [ UPS, Pump State: 123, Mode: 1 ] RAW: [7B 00 00 00 00 00 00 01] DLC: 8
[2025-10-20 22:06:30.079] [ UPS, Pump State: 123, Mode: 1 ] RAW: [7B 00 00 00 00 00 00 01] DLC: 8
[2025-10-20 22:06:34.070] [ UPS, Pump State: 123, Mode: 1 ] RAW: [7B 00 00 00 00 00 00 01] DLC: 8
[2025-10-20 22:06:38.061] [ UPS, Pump State: 124, Mode: 1 ] RAW: [7C 00 00 00 00 00 00 01] DLC: 8
[2025-10-20 22:06:42.051] [ UPS, Pump State: 123, Mode: 1 ] RAW: [7B 00 00 00 00 00 00 01] DLC: 8
[2025-10-20 22:06:46.043] [ UPS, Pump State: 123, Mode: 1 ] RAW: [7B 00 00 00 00 00 00 01] DLC: 8
[2025-10-20 22:06:50.034] [ UPS, Pump State: 123, Mode: 1 ] RAW: [7B 00 00 00 00 00 00 01] DLC: 8
[2025-10-20 22:06:54.026] [ UPS, Pump State: 123, Mode: 1 ] RAW: [7B 00 00 00 00 00 00 01] DLC: 8
[2025-10-20 22:06:58.016] [ UPS, Pump State: 123, Mode: 1 ] RAW: [7B 00 00 00 00 00 00 01] DLC: 8
[2025-10-20 22:07:02.007] [ UPS, Pump State: 123, Mode: 1 ] RAW: [7B 00 00 00 00 00 00 01] DLC: 8
[2025-10-20 22:07:05.997] [ UPS, Pump State: 123, Mode: 1 ] RAW: [7B 00 00 00 00 00 00 01] DLC: 8
[2025-10-20 22:07:09.987] [ UPS, Pump State: 123, Mode: 1 ] RAW: [7B 00 00 00 00 00 00 01] DLC: 8
[2025-10-20 22:07:13.977] [ UPS, Pump State: 123, Mode: 1 ] RAW: [7B 00 00 00 00 00 00 01] DLC: 8
[2025-10-20 22:07:17.966] [ UPS, Pump State: 124, Mode: 1 ] RAW: [7C 00 00 00 00 00 00 01] DLC: 8
[2025-10-20 22:07:21.957] [ UPS, Pump State: 123, Mode: 1 ] RAW: [7B 00 00 00 00 00 00 01] DLC: 8
[2025-10-20 22:07:25.946] [ UPS, Pump State: 123, Mode: 1 ] RAW: [7B 00 00 00 00 00 00 01] DLC: 8
[2025-10-20 22:07:29.936] [ UPS, Pump State: 124, Mode: 1 ] RAW: [7C 00 00 00 00 00 00 01] DLC: 8
[2025-10-20 22:07:33.926] [ UPS, Pump State: 123, Mode: 1 ] RAW: [7B 00 00 00 00 00 00 01] DLC: 8
[2025-10-20 22:07:37.917] [ UPS, Pump State: 123, Mode: 1 ] RAW: [7B 00 00 00 00 00 00 01] DLC: 8
[2025-10-20 22:07:41.908] [ UPS, Pump State: 123, Mode: 1 ] RAW: [7B 00 00 00 00 00 00 01] DLC: 8
[2025-10-20 22:07:45.899] [ UPS, Pump State: 124, Mode: 1 ] RAW: [7C 00 00 00 00 00 00 01] DLC: 8
[2025-10-20 22:07:49.889] [ UPS, Pump State: 124, Mode: 1 ] RAW: [7C 00 00 00 00 00 00 01] DLC: 8
[2025-10-20 22:07:53.880] [ UPS, Pump State: 124, Mode: 1 ] RAW: [7C 00 00 00 00 00 00 01] DLC: 8
[2025-10-20 22:07:57.870] [ UPS, Pump State: 124, Mode: 1 ] RAW: [7C 00 00 00 00 00 00 01] DLC: 8
[2025-10-20 22:08:01.861] [ UPS, Pump State: 124, Mode: 1 ] RAW: [7C 00 00 00 00 00 00 01] DLC: 8
[2025-10-20 22:08:05.851] [ UPS, Pump State: 123, Mode: 1 ] RAW: [7B 00 00 00 00 00 00 01] DLC: 8
[2025-10-20 22:08:09.841] [ UPS, Pump State: 123, Mode: 1 ] RAW: [7B 00 00 00 00 00 00 01] DLC: 8
[2025-10-20 22:08:13.831] [ UPS, Pump State: 122, Mode: 1 ] RAW: [7A 00 00 00 00 00 00 01] DLC: 8
[2025-10-20 22:08:17.820] [ UPS, Pump State: 123, Mode: 1 ] RAW: [7B 00 00 00 00 00 00 01] DLC: 8
[2025-10-20 22:08:21.811] [ UPS, Pump State: 123, Mode: 1 ] RAW: [7B 00 00 00 00 00 00 01] DLC: 8
[2025-10-20 22:08:25.801] [ UPS, Pump State: 124, Mode: 1 ] RAW: [7C 00 00 00 00 00 00 01] DLC: 8
[2025-10-20 22:08:29.791] [ UPS, Pump State: 123, Mode: 1 ] RAW: [7B 00 00 00 00 00 00 01] DLC: 8
[2025-10-20 22:08:33.785] [ UPS, Pump State: 123, Mode: 1 ] RAW: [7B 00 00 00 00 00 00 01] DLC: 8
[2025-10-20 22:08:37.777] [ UPS, Pump State: 123, Mode: 1 ] RAW: [7B 00 00 00 00 00 00 01] DLC: 8
[2025-10-20 22:08:41.771] [ UPS, Pump State: 123, Mode: 1 ] RAW: [7B 00 00 00 00 00 00 01] DLC: 8
[2025-10-20 22:08:45.764] [ UPS, Pump State: 122, Mode: 1 ] RAW: [7A 00 00 00 00 00 00 01] DLC: 8
[2025-10-20 22:08:49.756] [ UPS, Pump State: 123, Mode: 1 ] RAW: [7B 00 00 00 00 00 00 01] DLC: 8
[2025-10-20 22:08:53.749] [ UPS, Pump State: 124, Mode: 1 ] RAW: [7C 00 00 00 00 00 00 01] DLC: 8
[2025-10-20 22:08:57.741] [ UPS, Pump State: 123, Mode: 1 ] RAW: [7B 00 00 00 00 00 00 01] DLC: 8
[2025-10-20 22:09:01.734] [ UPS, Pump State: 123, Mode: 1 ] RAW: [7B 00 00 00 00 00 00 01] DLC: 8
[2025-10-20 22:09:05.727] [ UPS, Pump State: 123, Mode: 1 ] RAW: [7B 00 00 00 00 00 00 01] DLC: 8
[2025-10-20 22:09:09.719] [ UPS, Pump State: 123, Mode: 1 ] RAW: [7B 00 00 00 00 00 00 01] DLC: 8
[2025-10-20 22:09:13.712] [ UPS, Pump State: 123, Mode: 1 ] RAW: [7B 00 00 00 00 00 00 01] DLC: 8
[2025-10-20 22:09:17.705] [ UPS, Pump State: 123, Mode: 1 ] RAW: [7B 00 00 00 00 00 00 01] DLC: 8
[2025-10-20 22:09:21.698] [ UPS, Pump State: 122, Mode: 1 ] RAW: [7A 00 00 00 00 00 00 01] DLC: 8
[2025-10-20 22:09:25.690] [ UPS, Pump State: 123, Mode: 1 ] RAW: [7B 00 00 00 00 00 00 01] DLC: 8
[2025-10-20 22:09:29.682] [ UPS, Pump State: 124, Mode: 1 ] RAW: [7C 00 00 00 00 00 00 01] DLC: 8
[2025-10-20 22:09:33.676] [ UPS, Pump State: 123, Mode: 1 ] RAW: [7B 00 00 00 00 00 00 01] DLC: 8
[2025-10-20 22:09:37.668] [ UPS, Pump State: 122, Mode: 1 ] RAW: [7A 00 00 00 00 00 00 01] DLC: 8
[2025-10-20 22:09:41.661] [ UPS, Pump State: 123, Mode: 1 ] RAW: [7B 00 00 00 00 00 00 01] DLC: 8
[2025-10-20 22:09:45.654] [ UPS, Pump State: 123, Mode: 1 ] RAW: [7B 00 00 00 00 00 00 01] DLC: 8
[2025-10-20 22:09:49.646] [ UPS, Pump State: 123, Mode: 1 ] RAW: [7B 00 00 00 00 00 00 01] DLC: 8
[2025-10-20 22:09:53.639] [ UPS, Pump State: 122, Mode: 1 ] RAW: [7A 00 00 00 00 00 00 01] DLC: 8
[2025-10-20 22:09:57.631] [ UPS, Pump State: 122, Mode: 1 ] RAW: [7A 00 00 00 00 00 00 01] DLC: 8
[2025-10-20 22:10:01.625] [ UPS, Pump State: 122, Mode: 1 ] RAW: [7A 00 00 00 00 00 00 01] DLC: 8
[2025-10-20 22:10:05.617] [ UPS, Pump State: 123, Mode: 1 ] RAW: [7B 00 00 00 00 00 00 01] DLC: 8
[2025-10-20 22:10:09.610] [ UPS, Pump State: 122, Mode: 1 ] RAW: [7A 00 00 00 00 00 00 01] DLC: 8
[2025-10-20 22:10:13.603] [ UPS, Pump State: 123, Mode: 1 ] RAW: [7B 00 00 00 00 00 00 01] DLC: 8
[2025-10-20 22:10:17.596] [ UPS, Pump State: 123, Mode: 1 ] RAW: [7B 00 00 00 00 00 00 01] DLC: 8
[2025-10-20 22:10:21.588] [ UPS, Pump State: 123, Mode: 1 ] RAW: [7B 00 00 00 00 00 00 01] DLC: 8
[2025-10-20 22:10:25.579] [ UPS, Pump State: 123, Mode: 1 ] RAW: [7B 00 00 00 00 00 00 01] DLC: 8
[2025-10-20 22:10:29.569] [ UPS, Pump State: 123, Mode: 1 ] RAW: [7B 00 00 00 00 00 00 01] DLC: 8
[2025-10-20 22:10:33.559] [ UPS, Pump State: 123, Mode: 1 ] RAW: [7B 00 00 00 00 00 00 01] DLC: 8
[2025-10-20 22:10:37.548] [ UPS, Pump State: 123, Mode: 1 ] RAW: [7B 00 00 00 00 00 00 01] DLC: 8
[2025-10-20 22:10:41.537] [ UPS, Pump State: 123, Mode: 1 ] RAW: [7B 00 00 00 00 00 00 01] DLC: 8
[2025-10-20 22:10:45.526] [ UPS, Pump State: 123, Mode: 1 ] RAW: [7B 00 00 00 00 00 00 01] DLC: 8
[2025-10-20 22:10:49.515] [ UPS, Pump State: 122, Mode: 1 ] RAW: [7A 00 00 00 00 00 00 01] DLC: 8
[2025-10-20 22:10:53.504] [ UPS, Pump State: 122, Mode: 1 ] RAW: [7A 00 00 00 00 00 00 01] DLC: 8
[2025-10-20 22:10:57.494] [ UPS, Pump State: 123, Mode: 1 ] RAW: [7B 00 00 00 00 00 00 01] DLC: 8
[2025-10-20 22:11:01.484] [ UPS, Pump State: 122, Mode: 1 ] RAW: [7A 00 00 00 00 00 00 01] DLC: 8
[2025-10-20 22:11:05.475] [ UPS, Pump State: 123, Mode: 1 ] RAW: [7B 00 00 00 00 00 00 01] DLC: 8
[2025-10-20 22:11:09.466] [ UPS, Pump State: 123, Mode: 1 ] RAW: [7B 00 00 00 00 00 00 01] DLC: 8
[2025-10-20 22:11:13.455] [ UPS, Pump State: 123, Mode: 1 ] RAW: [7B 00 00 00 00 00 00 01] DLC: 8
[2025-10-20 22:11:17.445] [ UPS, Pump State: 123, Mode: 1 ] RAW: [7B 00 00 00 00 00 00 01] DLC: 8
[2025-10-20 22:11:21.435] [ UPS, Pump State: 123, Mode: 1 ] RAW: [7B 00 00 00 00 00 00 01] DLC: 8
[2025-10-20 22:11:25.425] [ UPS, Pump State: 124, Mode: 1 ] RAW: [7C 00 00 00 00 00 00 01] DLC: 8
[2025-10-20 22:11:29.415] [ UPS, Pump State: 123, Mode: 1 ] RAW: [7B 00 00 00 00 00 00 01] DLC: 8
[2025-10-20 22:11:33.404] [ UPS, Pump State: 123, Mode: 1 ] RAW: [7B 00 00 00 00 00 00 01] DLC: 8
[2025-10-20 22:11:37.397] [ UPS, Pump State: 123, Mode: 1 ] RAW: [7B 00 00 00 00 00 00 01] DLC: 8
[2025-10-20 22:11:41.389] [ UPS, Pump State: 123, Mode: 1 ] RAW: [7B 00 00 00 00 00 00 01] DLC: 8
[2025-10-20 22:11:45.383] [ UPS, Pump State: 123, Mode: 1 ] RAW: [7B 00 00 00 00 00 00 01] DLC: 8
[2025-10-20 22:11:49.376] [ UPS, Pump State: 123, Mode: 1 ] RAW: [7B 00 00 00 00 00 00 01] DLC: 8
[2025-10-20 22:11:53.370] [ UPS, Pump State: 122, Mode: 1 ] RAW: [7A 00 00 00 00 00 00 01] DLC: 8
[2025-10-20 22:11:57.362] [ UPS, Pump State: 123, Mode: 1 ] RAW: [7B 00 00 00 00 00 00 01] DLC: 8
[2025-10-20 22:12:01.355] [ UPS, Pump State: 123, Mode: 1 ] RAW: [7B 00 00 00 00 00 00 01] DLC: 8
[2025-10-20 22:12:05.347] [ UPS, Pump State: 122, Mode: 1 ] RAW: [7A 00 00 00 00 00 00 01] DLC: 8
[2025-10-20 22:12:09.340] [ UPS, Pump State: 124, Mode: 1 ] RAW: [7C 00 00 00 00 00 00 01] DLC: 8
[2025-10-20 22:12:13.333] [ UPS, Pump State: 123, Mode: 1 ] RAW: [7B 00 00 00 00 00 00 01] DLC: 8
[2025-10-20 22:12:17.326] [ UPS, Pump State: 124, Mode: 1 ] RAW: [7C 00 00 00 00 00 00 01] DLC: 8
[2025-10-20 22:12:21.320] [ UPS, Pump State: 123, Mode: 1 ] RAW: [7B 00 00 00 00 00 00 01] DLC: 8
[2025-10-20 22:12:25.312] [ UPS, Pump State: 123, Mode: 1 ] RAW: [7B 00 00 00 00 00 00 01] DLC: 8
[2025-10-20 22:12:29.310] [ UPS, Pump State: 123, Mode: 1 ] RAW: [7B 00 00 00 00 00 00 01] DLC: 8
[2025-10-20 22:12:33.296] [ UPS, Pump State: 123, Mode: 1 ] RAW: [7B 00 00 00 00 00 00 01] DLC: 8
[2025-10-20 22:12:37.289] [ UPS, Pump State: 122, Mode: 1 ] RAW: [7A 00 00 00 00 00 00 01] DLC: 8
[2025-10-20 22:12:41.282] [ UPS, Pump State: 123, Mode: 1 ] RAW: [7B 00 00 00 00 00 00 01] DLC: 8
[2025-10-20 22:12:45.274] [ UPS, Pump State: 123, Mode: 1 ] RAW: [7B 00 00 00 00 00 00 01] DLC: 8
[2025-10-20 22:12:49.266] [ UPS, Pump State: 123, Mode: 1 ] RAW: [7B 00 00 00 00 00 00 01] DLC: 8
[2025-10-20 22:12:53.259] [ UPS, Pump State: 123, Mode: 1 ] RAW: [7B 00 00 00 00 00 00 01] DLC: 8
[2025-10-20 22:12:57.251] [ UPS, Pump State: 123, Mode: 1 ] RAW: [7B 00 00 00 00 00 00 01] DLC: 8
[2025-10-20 22:13:01.244] [ UPS, Pump State: 122, Mode: 1 ] RAW: [7A 00 00 00 00 00 00 01] DLC: 8
[2025-10-20 22:13:05.234] [ UPS, Pump State: 123, Mode: 1 ] RAW: [7B 00 00 00 00 00 00 01] DLC: 8
[2025-10-20 22:13:09.217] [ UPS, Pump State: 124, Mode: 1 ] RAW: [7C 00 00 00 00 00 00 01] DLC: 8
[2025-10-20 22:13:13.218] [ UPS, Pump State: 123, Mode: 1 ] RAW: [7B 00 00 00 00 00 00 01] DLC: 8
[2025-10-20 22:13:17.207] [ UPS, Pump State: 123, Mode: 1 ] RAW: [7B 00 00 00 00 00 00 01] DLC: 8
[2025-10-20 22:13:21.201] [ UPS, Pump State: 123, Mode: 1 ] RAW: [7B 00 00 00 00 00 00 01] DLC: 8
[2025-10-20 22:13:25.193] [ UPS, Pump State: 123, Mode: 1 ] RAW: [7B 00 00 00 00 00 00 01] DLC: 8
[2025-10-20 22:13:29.174] [ UPS, Pump State: 123, Mode: 1 ] RAW: [7B 00 00 00 00 00 00 01] DLC: 8
[2025-10-20 22:13:33.177] [ UPS, Pump State: 123, Mode: 1 ] RAW: [7B 00 00 00 00 00 00 01] DLC: 8
[2025-10-20 22:13:37.169] [ UPS, Pump State: 122, Mode: 1 ] RAW: [7A 00 00 00 00 00 00 01] DLC: 8
[2025-10-20 22:13:41.161] [ UPS, Pump State: 122, Mode: 1 ] RAW: [7A 00 00 00 00 00 00 01] DLC: 8
[2025-10-20 22:13:45.153] [ UPS, Pump State: 124, Mode: 1 ] RAW: [7C 00 00 00 00 00 00 01] DLC: 8
[2025-10-20 22:13:49.144] [ UPS, Pump State: 123, Mode: 1 ] RAW: [7B 00 00 00 00 00 00 01] DLC: 8
[2025-10-20 22:13:53.135] [ UPS, Pump State: 123, Mode: 1 ] RAW: [7B 00 00 00 00 00 00 01] DLC: 8
[2025-10-20 22:13:57.127] [ UPS, Pump State: 122, Mode: 1 ] RAW: [7A 00 00 00 00 00 00 01] DLC: 8
[2025-10-20 22:14:01.118] [ UPS, Pump State: 123, Mode: 1 ] RAW: [7B 00 00 00 00 00 00 01] DLC: 8
[2025-10-20 22:14:05.109] [ UPS, Pump State: 123, Mode: 1 ] RAW: [7B 00 00 00 00 00 00 01] DLC: 8
[2025-10-20 22:14:09.102] [ UPS, Pump State: 123, Mode: 1 ] RAW: [7B 00 00 00 00 00 00 01] DLC: 8
[2025-10-20 22:14:13.093] [ UPS, Pump State: 123, Mode: 1 ] RAW: [7B 00 00 00 00 00 00 01] DLC: 8
[2025-10-20 22:14:17.085] [ UPS, Pump State: 124, Mode: 1 ] RAW: [7C 00 00 00 00 00 00 01] DLC: 8
[2025-10-20 22:14:21.077] [ UPS, Pump State: 124, Mode: 1 ] RAW: [7C 00 00 00 00 00 00 01] DLC: 8
[2025-10-20 22:14:25.070] [ UPS, Pump State: 123, Mode: 1 ] RAW: [7B 00 00 00 00 00 00 01] DLC: 8
[2025-10-20 22:14:29.062] [ UPS, Pump State: 124, Mode: 1 ] RAW: [7C 00 00 00 00 00 00 01] DLC: 8
[2025-10-20 22:14:33.054] [ UPS, Pump State: 123, Mode: 1 ] RAW: [7B 00 00 00 00 00 00 01] DLC: 8
[2025-10-20 22:14:37.047] [ UPS, Pump State: 123, Mode: 1 ] RAW: [7B 00 00 00 00 00 00 01] DLC: 8
[2025-10-20 22:14:41.038] [ UPS, Pump State: 123, Mode: 1 ] RAW: [7B 00 00 00 00 00 00 01] DLC: 8
[2025-10-20 22:14:45.030] [ UPS, Pump State: 123, Mode: 1 ] RAW: [7B 00 00 00 00 00 00 01] DLC: 8
[2025-10-20 22:14:49.022] [ UPS, Pump State: 123, Mode: 1 ] RAW: [7B 00 00 00 00 00 00 01] DLC: 8
[2025-10-20 22:14:53.014] [ UPS, Pump State: 123, Mode: 1 ] RAW: [7B 00 00 00 00 00 00 01] DLC: 8
[2025-10-20 22:14:57.007] [ UPS, Pump State: 123, Mode: 1 ] RAW: [7B 00 00 00 00 00 00 01] DLC: 8
[2025-10-20 22:15:00.997] [ UPS, Pump State: 123, Mode: 1 ] RAW: [7B 00 00 00 00 00 00 01] DLC: 8
[2025-10-20 22:15:04.989] [ UPS, Pump State: 123, Mode: 1 ] RAW: [7B 00 00 00 00 00 00 01] DLC: 8
[2025-10-20 22:15:08.980] [ UPS, Pump State: 123, Mode: 1 ] RAW: [7B 00 00 00 00 00 00 01] DLC: 8
[2025-10-20 22:15:12.973] [ UPS, Pump State: 123, Mode: 1 ] RAW: [7B 00 00 00 00 00 00 01] DLC: 8
[2025-10-20 22:15:16.966] [ UPS, Pump State: 124, Mode: 1 ] RAW: [7C 00 00 00 00 00 00 01] DLC: 8
[2025-10-20 22:15:20.957] [ UPS, Pump State: 123, Mode: 1 ] RAW: [7B 00 00 00 00 00 00 01] DLC: 8
[2025-10-20 22:15:24.949] [ UPS, Pump State: 122, Mode: 1 ] RAW: [7A 00 00 00 00 00 00 01] DLC: 8
[2025-10-20 22:15:28.941] [ UPS, Pump State: 123, Mode: 1 ] RAW: [7B 00 00 00 00 00 00 01] DLC: 8
[2025-10-20 22:15:32.934] [ UPS, Pump State: 123, Mode: 1 ] RAW: [7B 00 00 00 00 00 00 01] DLC: 8
[2025-10-20 22:15:36.927] [ UPS, Pump State: 123, Mode: 1 ] RAW: [7B 00 00 00 00 00 00 01] DLC: 8
[2025-10-20 22:15:40.918] [ UPS, Pump State: 124, Mode: 1 ] RAW: [7C 00 00 00 00 00 00 01] DLC: 8
[2025-10-20 22:15:44.910] [ UPS, Pump State: 123, Mode: 1 ] RAW: [7B 00 00 00 00 00 00 01] DLC: 8
[2025-10-20 22:15:48.902] [ UPS, Pump State: 124, Mode: 1 ] RAW: [7C 00 00 00 00 00 00 01] DLC: 8
[2025-10-20 22:15:52.895] [ UPS, Pump State: 124, Mode: 1 ] RAW: [7C 00 00 00 00 00 00 01] DLC: 8
[2025-10-20 22:15:56.887] [ UPS, Pump State: 124, Mode: 1 ] RAW: [7C 00 00 00 00 00 00 01] DLC: 8
[2025-10-20 22:16:00.881] [ UPS, Pump State: 124, Mode: 1 ] RAW: [7C 00 00 00 00 00 00 01] DLC: 8
[2025-10-20 22:16:04.873] [ UPS, Pump State: 124, Mode: 1 ] RAW: [7C 00 00 00 00 00 00 01] DLC: 8
[2025-10-20 22:16:08.865] [ UPS, Pump State: 124, Mode: 1 ] RAW: [7C 00 00 00 00 00 00 01] DLC: 8
[2025-10-20 22:16:12.858] [ UPS, Pump State: 123, Mode: 1 ] RAW: [7B 00 00 00 00 00 00 01] DLC: 8
[2025-10-20 22:16:16.851] [ UPS, Pump State: 123, Mode: 1 ] RAW: [7B 00 00 00 00 00 00 01] DLC: 8
[2025-10-20 22:16:20.843] [ UPS, Pump State: 124, Mode: 1 ] RAW: [7C 00 00 00 00 00 00 01] DLC: 8
[2025-10-20 22:16:24.836] [ UPS, Pump State: 123, Mode: 1 ] RAW: [7B 00 00 00 00 00 00 01] DLC: 8
[2025-10-20 22:16:28.829] [ UPS, Pump State: 123, Mode: 1 ] RAW: [7B 00 00 00 00 00 00 01] DLC: 8
[2025-10-20 22:16:32.826] [ UPS, Pump State: 124, Mode: 1 ] RAW: [7C 00 00 00 00 00 00 01] DLC: 8
[2025-10-20 22:16:36.814] [ UPS, Pump State: 124, Mode: 1 ] RAW: [7C 00 00 00 00 00 00 01] DLC: 8
[2025-10-20 22:16:40.805] [ UPS, Pump State: 123, Mode: 1 ] RAW: [7B 00 00 00 00 00 00 01] DLC: 8
[2025-10-20 22:16:44.795] [ UPS, Pump State: 123, Mode: 1 ] RAW: [7B 00 00 00 00 00 00 01] DLC: 8
[2025-10-20 22:16:48.786] [ UPS, Pump State: 123, Mode: 1 ] RAW: [7B 00 00 00 00 00 00 01] DLC: 8
[2025-10-20 22:16:52.776] [ UPS, Pump State: 123, Mode: 1 ] RAW: [7B 00 00 00 00 00 00 01] DLC: 8
[2025-10-20 22:16:56.767] [ UPS, Pump State: 124, Mode: 1 ] RAW: [7C 00 00 00 00 00 00 01] DLC: 8
[2025-10-20 22:17:00.758] [ UPS, Pump State: 124, Mode: 1 ] RAW: [7C 00 00 00 00 00 00 01] DLC: 8
[2025-10-20 22:17:04.749] [ UPS, Pump State: 123, Mode: 1 ] RAW: [7B 00 00 00 00 00 00 01] DLC: 8
[2025-10-20 22:17:08.740] [ UPS, Pump State: 124, Mode: 1 ] RAW: [7C 00 00 00 00 00 00 01] DLC: 8
[2025-10-20 22:17:12.730] [ UPS, Pump State: 123, Mode: 1 ] RAW: [7B 00 00 00 00 00 00 01] DLC: 8
[2025-10-20 22:17:16.720] [ UPS, Pump State: 123, Mode: 1 ] RAW: [7B 00 00 00 00 00 00 01] DLC: 8
[2025-10-20 22:17:20.709] [ UPS, Pump State: 123, Mode: 1 ] RAW: [7B 00 00 00 00 00 00 01] DLC: 8
[2025-10-20 22:17:24.700] [ UPS, Pump State: 123, Mode: 1 ] RAW: [7B 00 00 00 00 00 00 01] DLC: 8
[2025-10-20 22:17:28.691] [ UPS, Pump State: 124, Mode: 1 ] RAW: [7C 00 00 00 00 00 00 01] DLC: 8
[2025-10-20 22:17:32.680] [ UPS, Pump State: 124, Mode: 1 ] RAW: [7C 00 00 00 00 00 00 01] DLC: 8
[2025-10-20 22:17:36.671] [ UPS, Pump State: 123, Mode: 1 ] RAW: [7B 00 00 00 00 00 00 01] DLC: 8
[2025-10-20 22:17:40.663] [ UPS, Pump State: 124, Mode: 1 ] RAW: [7C 00 00 00 00 00 00 01] DLC: 8
[2025-10-20 22:17:44.659] [ UPS, Pump State: 124, Mode: 1 ] RAW: [7C 00 00 00 00 00 00 01] DLC: 8
[2025-10-20 22:17:48.648] [ UPS, Pump State: 124, Mode: 1 ] RAW: [7C 00 00 00 00 00 00 01] DLC: 8
[2025-10-20 22:17:52.641] [ UPS, Pump State: 123, Mode: 1 ] RAW: [7B 00 00 00 00 00 00 01] DLC: 8
[2025-10-20 22:17:56.631] [ UPS, Pump State: 123, Mode: 1 ] RAW: [7B 00 00 00 00 00 00 01] DLC: 8
[2025-10-20 22:18:00.624] [ UPS, Pump State: 123, Mode: 1 ] RAW: [7B 00 00 00 00 00 00 01] DLC: 8
[2025-10-20 22:18:04.614] [ UPS, Pump State: 123, Mode: 1 ] RAW: [7B 00 00 00 00 00 00 01] DLC: 8
[2025-10-20 22:18:08.606] [ UPS, Pump State: 123, Mode: 1 ] RAW: [7B 00 00 00 00 00 00 01] DLC: 8
[2025-10-20 22:18:12.594] [ UPS, Pump State: 124, Mode: 1 ] RAW: [7C 00 00 00 00 00 00 01] DLC: 8
[2025-10-20 22:18:16.584] [ UPS, Pump State: 124, Mode: 1 ] RAW: [7C 00 00 00 00 00 00 01] DLC: 8
[2025-10-20 22:18:20.574] [ UPS, Pump State: 124, Mode: 1 ] RAW: [7C 00 00 00 00 00 00 01] DLC: 8
[2025-10-20 22:18:24.563] [ UPS, Pump State: 124, Mode: 1 ] RAW: [7C 00 00 00 00 00 00 01] DLC: 8
[2025-10-20 22:18:28.553] [ UPS, Pump State: 124, Mode: 1 ] RAW: [7C 00 00 00 00 00 00 01] DLC: 8
[2025-10-20 22:18:32.543] [ UPS, Pump State: 124, Mode: 1 ] RAW: [7C 00 00 00 00 00 00 01] DLC: 8
[2025-10-20 22:18:36.533] [ UPS, Pump State: 125, Mode: 1 ] RAW: [7D 00 00 00 00 00 00 01] DLC: 8
[2025-10-20 22:18:40.524] [ UPS, Pump State: 124, Mode: 1 ] RAW: [7C 00 00 00 00 00 00 01] DLC: 8
[2025-10-20 22:18:44.513] [ UPS, Pump State: 124, Mode: 1 ] RAW: [7C 00 00 00 00 00 00 01] DLC: 8
[2025-10-20 22:18:48.503] [ UPS, Pump State: 124, Mode: 1 ] RAW: [7C 00 00 00 00 00 00 01] DLC: 8
[2025-10-20 22:18:52.494] [ UPS, Pump State: 124, Mode: 1 ] RAW: [7C 00 00 00 00 00 00 01] DLC: 8
[2025-10-20 22:18:56.484] [ UPS, Pump State: 124, Mode: 1 ] RAW: [7C 00 00 00 00 00 00 01] DLC: 8
[2025-10-20 22:19:00.475] [ UPS, Pump State: 124, Mode: 1 ] RAW: [7C 00 00 00 00 00 00 01] DLC: 8
[2025-10-20 22:19:04.464] [ UPS, Pump State: 123, Mode: 1 ] RAW: [7B 00 00 00 00 00 00 01] DLC: 8
[2025-10-20 22:19:08.455] [ UPS, Pump State: 124, Mode: 1 ] RAW: [7C 00 00 00 00 00 00 01] DLC: 8
[2025-10-20 22:19:12.444] [ UPS, Pump State: 124, Mode: 1 ] RAW: [7C 00 00 00 00 00 00 01] DLC: 8
[2025-10-20 22:19:16.436] [ UPS, Pump State: 125, Mode: 1 ] RAW: [7D 00 00 00 00 00 00 01] DLC: 8
[2025-10-20 22:19:20.425] [ UPS, Pump State: 124, Mode: 1 ] RAW: [7C 00 00 00 00 00 00 01] DLC: 8
[2025-10-20 22:19:24.416] [ UPS, Pump State: 124, Mode: 1 ] RAW: [7C 00 00 00 00 00 00 01] DLC: 8
[2025-10-20 22:19:28.405] [ UPS, Pump State: 123, Mode: 1 ] RAW: [7B 00 00 00 00 00 00 01] DLC: 8
[2025-10-20 22:19:32.395] [ UPS, Pump State: 124, Mode: 1 ] RAW: [7C 00 00 00 00 00 00 01] DLC: 8
[2025-10-20 22:19:36.385] [ UPS, Pump State: 123, Mode: 1 ] RAW: [7B 00 00 00 00 00 00 01] DLC: 8
[2025-10-20 22:19:40.375] [ UPS, Pump State: 123, Mode: 1 ] RAW: [7B 00 00 00 00 00 00 01] DLC: 8
[2025-10-20 22:19:44.364] [ UPS, Pump State: 124, Mode: 1 ] RAW: [7C 00 00 00 00 00 00 01] DLC: 8
[2025-10-20 22:19:48.354] [ UPS, Pump State: 123, Mode: 1 ] RAW: [7B 00 00 00 00 00 00 01] DLC: 8
[2025-10-20 22:19:52.343] [ UPS, Pump State: 124, Mode: 1 ] RAW: [7C 00 00 00 00 00 00 01] DLC: 8
[2025-10-20 22:19:56.334] [ UPS, Pump State: 124, Mode: 1 ] RAW: [7C 00 00 00 00 00 00 01] DLC: 8
[2025-10-20 22:20:00.325] [ UPS, Pump State: 124, Mode: 1 ] RAW: [7C 00 00 00 00 00 00 01] DLC: 8
[2025-10-20 22:20:04.317] [ UPS, Pump State: 124, Mode: 1 ] RAW: [7C 00 00 00 00 00 00 01] DLC: 8
[2025-10-20 22:20:08.311] [ UPS, Pump State: 124, Mode: 1 ] RAW: [7C 00 00 00 00 00 00 01] DLC: 8
[2025-10-20 22:20:12.304] [ UPS, Pump State: 123, Mode: 1 ] RAW: [7B 00 00 00 00 00 00 01] DLC: 8
[2025-10-20 22:20:16.298] [ UPS, Pump State: 123, Mode: 1 ] RAW: [7B 00 00 00 00 00 00 01] DLC: 8
[2025-10-20 22:20:20.292] [ UPS, Pump State: 124, Mode: 1 ] RAW: [7C 00 00 00 00 00 00 01] DLC: 8
[2025-10-20 22:20:24.284] [ UPS, Pump State: 123, Mode: 1 ] RAW: [7B 00 00 00 00 00 00 01] DLC: 8
[2025-10-20 22:20:28.277] [ UPS, Pump State: 124, Mode: 1 ] RAW: [7C 00 00 00 00 00 00 01] DLC: 8
[2025-10-20 22:20:32.271] [ UPS, Pump State: 124, Mode: 1 ] RAW: [7C 00 00 00 00 00 00 01] DLC: 8
[2025-10-20 22:20:36.264] [ UPS, Pump State: 124, Mode: 1 ] RAW: [7C 00 00 00 00 00 00 01] DLC: 8
[2025-10-20 22:20:40.257] [ UPS, Pump State: 124, Mode: 1 ] RAW: [7C 00 00 00 00 00 00 01] DLC: 8
[2025-10-20 22:20:44.250] [ UPS, Pump State: 123, Mode: 1 ] RAW: [7B 00 00 00 00 00 00 01] DLC: 8
[2025-10-20 22:20:48.242] [ UPS, Pump State: 124, Mode: 1 ] RAW: [7C 00 00 00 00 00 00 01] DLC: 8
[2025-10-20 22:20:52.234] [ UPS, Pump State: 124, Mode: 1 ] RAW: [7C 00 00 00 00 00 00 01] DLC: 8
[2025-10-20 22:20:56.227] [ UPS, Pump State: 124, Mode: 1 ] RAW: [7C 00 00 00 00 00 00 01] DLC: 8
[2025-10-20 22:21:00.220] [ UPS, Pump State: 124, Mode: 1 ] RAW: [7C 00 00 00 00 00 00 01] DLC: 8
[2025-10-20 22:21:04.212] [ UPS, Pump State: 123, Mode: 1 ] RAW: [7B 00 00 00 00 00 00 01] DLC: 8
[2025-10-20 22:21:08.204] [ UPS, Pump State: 124, Mode: 1 ] RAW: [7C 00 00 00 00 00 00 01] DLC: 8
[2025-10-20 22:21:12.196] [ UPS, Pump State: 124, Mode: 1 ] RAW: [7C 00 00 00 00 00 00 01] DLC: 8
[2025-10-20 22:21:16.187] [ UPS, Pump State: 124, Mode: 1 ] RAW: [7C 00 00 00 00 00 00 01] DLC: 8
[2025-10-20 22:21:20.178] [ UPS, Pump State: 124, Mode: 1 ] RAW: [7C 00 00 00 00 00 00 01] DLC: 8
[2025-10-20 22:21:24.166] [ UPS, Pump State: 123, Mode: 1 ] RAW: [7B 00 00 00 00 00 00 01] DLC: 8
[2025-10-20 22:21:28.156] [ UPS, Pump State: 123, Mode: 1 ] RAW: [7B 00 00 00 00 00 00 01] DLC: 8
[2025-10-20 22:21:32.145] [ UPS, Pump State: 124, Mode: 1 ] RAW: [7C 00 00 00 00 00 00 01] DLC: 8
[2025-10-20 22:21:36.135] [ UPS, Pump State: 123, Mode: 1 ] RAW: [7B 00 00 00 00 00 00 01] DLC: 8
[2025-10-20 22:21:40.125] [ UPS, Pump State: 124, Mode: 1 ] RAW: [7C 00 00 00 00 00 00 01] DLC: 8
[2025-10-20 22:21:44.116] [ UPS, Pump State: 124, Mode: 1 ] RAW: [7C 00 00 00 00 00 00 01] DLC: 8
[2025-10-20 22:21:48.106] [ UPS, Pump State: 124, Mode: 1 ] RAW: [7C 00 00 00 00 00 00 01] DLC: 8
[2025-10-20 22:21:52.096] [ UPS, Pump State: 124, Mode: 1 ] RAW: [7C 00 00 00 00 00 00 01] DLC: 8
[2025-10-20 22:21:56.087] [ UPS, Pump State: 124, Mode: 1 ] RAW: [7C 00 00 00 00 00 00 01] DLC: 8
[2025-10-20 22:22:00.077] [ UPS, Pump State: 124, Mode: 1 ] RAW: [7C 00 00 00 00 00 00 01] DLC: 8
[2025-10-20 22:22:04.067] [ UPS, Pump State: 124, Mode: 1 ] RAW: [7C 00 00 00 00 00 00 01] DLC: 8
[2025-10-20 22:22:08.058] [ UPS, Pump State: 124, Mode: 1 ] RAW: [7C 00 00 00 00 00 00 01] DLC: 8
[2025-10-20 22:22:12.047] [ UPS, Pump State: 124, Mode: 1 ] RAW: [7C 00 00 00 00 00 00 01] DLC: 8
[2025-10-20 22:22:16.036] [ UPS, Pump State: 124, Mode: 1 ] RAW: [7C 00 00 00 00 00 00 01] DLC: 8
[2025-10-20 22:22:20.026] [ UPS, Pump State: 123, Mode: 1 ] RAW: [7B 00 00 00 00 00 00 01] DLC: 8
[2025-10-20 22:22:24.019] [ UPS, Pump State: 123, Mode: 1 ] RAW: [7B 00 00 00 00 00 00 01] DLC: 8
[2025-10-20 22:22:28.010] [ UPS, Pump State: 123, Mode: 1 ] RAW: [7B 00 00 00 00 00 00 01] DLC: 8
[2025-10-20 22:22:32.003] [ UPS, Pump State: 123, Mode: 1 ] RAW: [7B 00 00 00 00 00 00 01] DLC: 8
[2025-10-20 22:22:35.994] [ UPS, Pump State: 123, Mode: 1 ] RAW: [7B 00 00 00 00 00 00 01] DLC: 8
[2025-10-20 22:22:39.986] [ UPS, Pump State: 124, Mode: 1 ] RAW: [7C 00 00 00 00 00 00 01] DLC: 8
[2025-10-20 22:22:43.978] [ UPS, Pump State: 124, Mode: 1 ] RAW: [7C 00 00 00 00 00 00 01] DLC: 8
[2025-10-20 22:22:47.971] [ UPS, Pump State: 124, Mode: 1 ] RAW: [7C 00 00 00 00 00 00 01] DLC: 8
[2025-10-20 22:22:51.961] [ UPS, Pump State: 124, Mode: 1 ] RAW: [7C 00 00 00 00 00 00 01] DLC: 8
[2025-10-20 22:22:55.950] [ UPS, Pump State: 124, Mode: 1 ] RAW: [7C 00 00 00 00 00 00 01] DLC: 8
[2025-10-20 22:22:59.939] [ UPS, Pump State: 125, Mode: 1 ] RAW: [7D 00 00 00 00 00 00 01] DLC: 8
[2025-10-20 22:23:03.928] [ UPS, Pump State: 124, Mode: 1 ] RAW: [7C 00 00 00 00 00 00 01] DLC: 8
[2025-10-20 22:23:07.918] [ UPS, Pump State: 124, Mode: 1 ] RAW: [7C 00 00 00 00 00 00 01] DLC: 8
[2025-10-20 22:23:11.908] [ UPS, Pump State: 124, Mode: 1 ] RAW: [7C 00 00 00 00 00 00 01] DLC: 8
[2025-10-20 22:23:15.900] [ UPS, Pump State: 124, Mode: 1 ] RAW: [7C 00 00 00 00 00 00 01] DLC: 8
[2025-10-20 22:23:19.888] [ UPS, Pump State: 125, Mode: 1 ] RAW: [7D 00 00 00 00 00 00 01] DLC: 8
[2025-10-20 22:23:23.878] [ UPS, Pump State: 124, Mode: 1 ] RAW: [7C 00 00 00 00 00 00 01] DLC: 8
[2025-10-20 22:23:27.868] [ UPS, Pump State: 124, Mode: 1 ] RAW: [7C 00 00 00 00 00 00 01] DLC: 8
[2025-10-20 22:23:31.858] [ UPS, Pump State: 125, Mode: 1 ] RAW: [7D 00 00 00 00 00 00 01] DLC: 8
[2025-10-20 22:23:35.849] [ UPS, Pump State: 124, Mode: 1 ] RAW: [7C 00 00 00 00 00 00 01] DLC: 8
[2025-10-20 22:23:39.837] [ UPS, Pump State: 124, Mode: 1 ] RAW: [7C 00 00 00 00 00 00 01] DLC: 8
[2025-10-20 22:23:43.826] [ UPS, Pump State: 124, Mode: 1 ] RAW: [7C 00 00 00 00 00 00 01] DLC: 8
[2025-10-20 22:23:47.817] [ UPS, Pump State: 124, Mode: 1 ] RAW: [7C 00 00 00 00 00 00 01] DLC: 8
[2025-10-20 22:23:51.807] [ UPS, Pump State: 125, Mode: 1 ] RAW: [7D 00 00 00 00 00 00 01] DLC: 8
[2025-10-20 22:23:55.798] [ UPS, Pump State: 124, Mode: 1 ] RAW: [7C 00 00 00 00 00 00 01] DLC: 8
[2025-10-20 22:23:59.788] [ UPS, Pump State: 124, Mode: 1 ] RAW: [7C 00 00 00 00 00 00 01] DLC: 8
[2025-10-20 22:24:03.778] [ UPS, Pump State: 124, Mode: 1 ] RAW: [7C 00 00 00 00 00 00 01] DLC: 8
[2025-10-20 22:24:07.768] [ UPS, Pump State: 123, Mode: 1 ] RAW: [7B 00 00 00 00 00 00 01] DLC: 8
[2025-10-20 22:24:11.758] [ UPS, Pump State: 124, Mode: 1 ] RAW: [7C 00 00 00 00 00 00 01] DLC: 8
[2025-10-20 22:24:15.748] [ UPS, Pump State: 124, Mode: 1 ] RAW: [7C 00 00 00 00 00 00 01] DLC: 8
[2025-10-20 22:24:19.738] [ UPS, Pump State: 123, Mode: 1 ] RAW: [7B 00 00 00 00 00 00 01] DLC: 8
[2025-10-20 22:24:23.730] [ UPS, Pump State: 123, Mode: 1 ] RAW: [7B 00 00 00 00 00 00 01] DLC: 8
[2025-10-20 22:24:27.720] [ UPS, Pump State: 124, Mode: 1 ] RAW: [7C 00 00 00 00 00 00 01] DLC: 8
[2025-10-20 22:24:31.712] [ UPS, Pump State: 123, Mode: 1 ] RAW: [7B 00 00 00 00 00 00 01] DLC: 8
[2025-10-20 22:24:35.703] [ UPS, Pump State: 124, Mode: 1 ] RAW: [7C 00 00 00 00 00 00 01] DLC: 8
[2025-10-20 22:24:39.695] [ UPS, Pump State: 124, Mode: 1 ] RAW: [7C 00 00 00 00 00 00 01] DLC: 8
[2025-10-20 22:24:43.686] [ UPS, Pump State: 123, Mode: 1 ] RAW: [7B 00 00 00 00 00 00 01] DLC: 8
[2025-10-20 22:24:47.679] [ UPS, Pump State: 124, Mode: 1 ] RAW: [7C 00 00 00 00 00 00 01] DLC: 8
[2025-10-20 22:24:51.670] [ UPS, Pump State: 124, Mode: 1 ] RAW: [7C 00 00 00 00 00 00 01] DLC: 8
[2025-10-20 22:24:55.663] [ UPS, Pump State: 124, Mode: 1 ] RAW: [7C 00 00 00 00 00 00 01] DLC: 8
[2025-10-20 22:24:59.655] [ UPS, Pump State: 124, Mode: 1 ] RAW: [7C 00 00 00 00 00 00 01] DLC: 8
[2025-10-20 22:25:03.646] [ UPS, Pump State: 124, Mode: 1 ] RAW: [7C 00 00 00 00 00 00 01] DLC: 8
[2025-10-20 22:25:07.638] [ UPS, Pump State: 124, Mode: 1 ] RAW: [7C 00 00 00 00 00 00 01] DLC: 8
[2025-10-20 22:25:11.629] [ UPS, Pump State: 124, Mode: 1 ] RAW: [7C 00 00 00 00 00 00 01] DLC: 8
[2025-10-20 22:25:15.620] [ UPS, Pump State: 124, Mode: 1 ] RAW: [7C 00 00 00 00 00 00 01] DLC: 8
[2025-10-20 22:25:19.611] [ UPS, Pump State: 124, Mode: 1 ] RAW: [7C 00 00 00 00 00 00 01] DLC: 8
[2025-10-20 22:25:23.602] [ UPS, Pump State: 124, Mode: 1 ] RAW: [7C 00 00 00 00 00 00 01] DLC: 8
[2025-10-20 22:25:27.593] [ UPS, Pump State: 123, Mode: 1 ] RAW: [7B 00 00 00 00 00 00 01] DLC: 8
[2025-10-20 22:25:31.585] [ UPS, Pump State: 124, Mode: 1 ] RAW: [7C 00 00 00 00 00 00 01] DLC: 8
[2025-10-20 22:25:35.575] [ UPS, Pump State: 125, Mode: 1 ] RAW: [7D 00 00 00 00 00 00 01] DLC: 8
[2025-10-20 22:25:39.565] [ UPS, Pump State: 124, Mode: 1 ] RAW: [7C 00 00 00 00 00 00 01] DLC: 8
[2025-10-20 22:25:43.558] [ UPS, Pump State: 124, Mode: 1 ] RAW: [7C 00 00 00 00 00 00 01] DLC: 8
[2025-10-20 22:25:47.549] [ UPS, Pump State: 124, Mode: 1 ] RAW: [7C 00 00 00 00 00 00 01] DLC: 8
[2025-10-20 22:25:51.541] [ UPS, Pump State: 124, Mode: 1 ] RAW: [7C 00 00 00 00 00 00 01] DLC: 8
[2025-10-20 22:25:55.531] [ UPS, Pump State: 124, Mode: 1 ] RAW: [7C 00 00 00 00 00 00 01] DLC: 8
[2025-10-20 22:25:59.517] [ UPS, Pump State: 124, Mode: 1 ] RAW: [7C 00 00 00 00 00 00 01] DLC: 8
[2025-10-20 22:26:03.509] [ UPS, Pump State: 124, Mode: 1 ] RAW: [7C 00 00 00 00 00 00 01] DLC: 8
[2025-10-20 22:26:07.498] [ UPS, Pump State: 124, Mode: 1 ] RAW: [7C 00 00 00 00 00 00 01] DLC: 8
[2025-10-20 22:26:11.488] [ UPS, Pump State: 124, Mode: 1 ] RAW: [7C 00 00 00 00 00 00 01] DLC: 8
[2025-10-20 22:26:15.478] [ UPS, Pump State: 123, Mode: 1 ] RAW: [7B 00 00 00 00 00 00 01] DLC: 8
[2025-10-20 22:26:19.467] [ UPS, Pump State: 123, Mode: 1 ] RAW: [7B 00 00 00 00 00 00 01] DLC: 8
[2025-10-20 22:26:23.458] [ UPS, Pump State: 124, Mode: 1 ] RAW: [7C 00 00 00 00 00 00 01] DLC: 8
[2025-10-20 22:26:27.442] [ UPS, Pump State: 124, Mode: 1 ] RAW: [7C 00 00 00 00 00 00 01] DLC: 8
[2025-10-20 22:26:31.426] [ UPS, Pump State: 125, Mode: 1 ] RAW: [7D 00 00 00 00 00 00 01] DLC: 8
[2025-10-20 22:26:35.427] [ UPS, Pump State: 124, Mode: 1 ] RAW: [7C 00 00 00 00 00 00 01] DLC: 8
[2025-10-20 22:26:39.417] [ UPS, Pump State: 124, Mode: 1 ] RAW: [7C 00 00 00 00 00 00 01] DLC: 8
[2025-10-20 22:26:43.408] [ UPS, Pump State: 124, Mode: 1 ] RAW: [7C 00 00 00 00 00 00 01] DLC: 8
[2025-10-20 22:26:47.400] [ UPS, Pump State: 124, Mode: 1 ] RAW: [7C 00 00 00 00 00 00 01] DLC: 8
[2025-10-20 22:26:51.387] [ UPS, Pump State: 123, Mode: 1 ] RAW: [7B 00 00 00 00 00 00 01] DLC: 8
[2025-10-20 22:26:55.376] [ UPS, Pump State: 124, Mode: 1 ] RAW: [7C 00 00 00 00 00 00 01] DLC: 8
[2025-10-20 22:26:59.367] [ UPS, Pump State: 124, Mode: 1 ] RAW: [7C 00 00 00 00 00 00 01] DLC: 8
[2025-10-20 22:27:03.353] [ UPS, Pump State: 124, Mode: 1 ] RAW: [7C 00 00 00 00 00 00 01] DLC: 8
[2025-10-20 22:27:07.345] [ UPS, Pump State: 124, Mode: 1 ] RAW: [7C 00 00 00 00 00 00 01] DLC: 8
[2025-10-20 22:27:11.332] [ UPS, Pump State: 123, Mode: 1 ] RAW: [7B 00 00 00 00 00 00 01] DLC: 8
[2025-10-20 22:27:15.322] [ UPS, Pump State: 123, Mode: 1 ] RAW: [7B 00 00 00 00 00 00 01] DLC: 8
[2025-10-20 22:27:19.310] [ UPS, Pump State: 124, Mode: 1 ] RAW: [7C 00 00 00 00 00 00 01] DLC: 8
[2025-10-20 22:27:23.299] [ UPS, Pump State: 124, Mode: 1 ] RAW: [7C 00 00 00 00 00 00 01] DLC: 8
[2025-10-20 22:27:27.288] [ UPS, Pump State: 124, Mode: 1 ] RAW: [7C 00 00 00 00 00 00 01] DLC: 8
[2025-10-20 22:27:31.274] [ UPS, Pump State: 123, Mode: 1 ] RAW: [7B 00 00 00 00 00 00 01] DLC: 8
[2025-10-20 22:27:35.246] [ UPS, Pump State: 124, Mode: 1 ] RAW: [7C 00 00 00 00 00 00 01] DLC: 8
[2025-10-20 22:27:39.248] [ UPS, Pump State: 125, Mode: 1 ] RAW: [7D 00 00 00 00 00 00 01] DLC: 8
[2025-10-20 22:27:43.235] [ UPS, Pump State: 124, Mode: 1 ] RAW: [7C 00 00 00 00 00 00 01] DLC: 8
[2025-10-20 22:27:47.225] [ UPS, Pump State: 124, Mode: 1 ] RAW: [7C 00 00 00 00 00 00 01] DLC: 8
[2025-10-20 22:27:51.215] [ UPS, Pump State: 124, Mode: 1 ] RAW: [7C 00 00 00 00 00 00 01] DLC: 8
[2025-10-20 22:27:55.206] [ UPS, Pump State: 124, Mode: 1 ] RAW: [7C 00 00 00 00 00 00 01] DLC: 8
[2025-10-20 22:27:59.196] [ UPS, Pump State: 125, Mode: 1 ] RAW: [7D 00 00 00 00 00 00 01] DLC: 8
[2025-10-20 22:28:03.187] [ UPS, Pump State: 124, Mode: 1 ] RAW: [7C 00 00 00 00 00 00 01] DLC: 8
[2025-10-20 22:28:07.178] [ UPS, Pump State: 124, Mode: 1 ] RAW: [7C 00 00 00 00 00 00 01] DLC: 8
[2025-10-20 22:28:11.169] [ UPS, Pump State: 124, Mode: 1 ] RAW: [7C 00 00 00 00 00 00 01] DLC: 8
[2025-10-20 22:28:15.160] [ UPS, Pump State: 125, Mode: 1 ] RAW: [7D 00 00 00 00 00 00 01] DLC: 8
[2025-10-20 22:28:19.158] [ UPS, Pump State: 124, Mode: 1 ] RAW: [7C 00 00 00 00 00 00 01] DLC: 8
[2025-10-20 22:28:23.141] [ UPS, Pump State: 124, Mode: 1 ] RAW: [7C 00 00 00 00 00 00 01] DLC: 8
[2025-10-20 22:28:27.131] [ UPS, Pump State: 124, Mode: 1 ] RAW: [7C 00 00 00 00 00 00 01] DLC: 8
[2025-10-20 22:28:31.122] [ UPS, Pump State: 124, Mode: 1 ] RAW: [7C 00 00 00 00 00 00 01] DLC: 8
[2025-10-20 22:28:35.108] [ UPS, Pump State: 124, Mode: 1 ] RAW: [7C 00 00 00 00 00 00 01] DLC: 8
[2025-10-21 09:06:27.682] [ UPS, Pump State: 11, Mode: 1 ] RAW: [0B 00 00 00 00 00 00 01] DLC: 8
[2025-10-21 09:06:31.664] [ UPS, Pump State: 11, Mode: 1 ] RAW: [0B 00 00 00 00 00 00 01] DLC: 8
[2025-10-21 09:06:35.663] [ UPS, Pump State: 12, Mode: 1 ] RAW: [0C 00 00 00 00 00 00 01] DLC: 8
[2025-10-21 09:06:39.625] [ UPS, Pump State: 11, Mode: 1 ] RAW: [0B 00 00 00 00 00 00 01] DLC: 8
[2025-10-21 09:06:43.626] [ UPS, Pump State: 11, Mode: 1 ] RAW: [0B 00 00 00 00 00 00 01] DLC: 8
[2025-10-21 09:06:47.598] [ UPS, Pump State: 11, Mode: 1 ] RAW: [0B 00 00 00 00 00 00 01] DLC: 8
[2025-10-21 09:06:51.580] [ UPS, Pump State: 11, Mode: 1 ] RAW: [0B 00 00 00 00 00 00 01] DLC: 8
[2025-10-21 09:06:55.566] [ UPS, Pump State: 11, Mode: 1 ] RAW: [0B 00 00 00 00 00 00 01] DLC: 8
[2025-10-21 09:06:59.550] [ UPS, Pump State: 11, Mode: 1 ] RAW: [0B 00 00 00 00 00 00 01] DLC: 8
[2025-10-21 09:07:03.529] [ UPS, Pump State: 12, Mode: 1 ] RAW: [0C 00 00 00 00 00 00 01] DLC: 8
[2025-10-21 09:07:07.516] [ UPS, Pump State: 11, Mode: 1 ] RAW: [0B 00 00 00 00 00 00 01] DLC: 8
[2025-10-21 09:07:11.492] [ UPS, Pump State: 11, Mode: 1 ] RAW: [0B 00 00 00 00 00 00 01] DLC: 8
[2025-10-21 09:07:15.481] [ UPS, Pump State: 11, Mode: 1 ] RAW: [0B 00 00 00 00 00 00 01] DLC: 8
[2025-10-21 09:07:19.465] [ UPS, Pump State: 11, Mode: 1 ] RAW: [0B 00 00 00 00 00 00 01] DLC: 8
[2025-10-21 09:07:23.449] [ UPS, Pump State: 11, Mode: 1 ] RAW: [0B 00 00 00 00 00 00 01] DLC: 8
[2025-10-21 09:07:27.432] [ UPS, Pump State: 12, Mode: 1 ] RAW: [0C 00 00 00 00 00 00 01] DLC: 8
[2025-10-21 09:07:31.414] [ UPS, Pump State: 12, Mode: 1 ] RAW: [0C 00 00 00 00 00 00 01] DLC: 8
[2025-10-21 09:07:35.389] [ UPS, Pump State: 11, Mode: 1 ] RAW: [0B 00 00 00 00 00 00 01] DLC: 8
[2025-10-21 09:07:39.381] [ UPS, Pump State: 11, Mode: 1 ] RAW: [0B 00 00 00 00 00 00 01] DLC: 8
[2025-10-21 09:07:43.361] [ UPS, Pump State: 11, Mode: 1 ] RAW: [0B 00 00 00 00 00 00 01] DLC: 8
[2025-10-21 09:07:47.348] [ UPS, Pump State: 11, Mode: 1 ] RAW: [0B 00 00 00 00 00 00 01] DLC: 8
[2025-10-21 09:07:51.326] [ UPS, Pump State: 11, Mode: 1 ] RAW: [0B 00 00 00 00 00 00 01] DLC: 8
[2025-10-21 09:07:55.316] [ UPS, Pump State: 11, Mode: 1 ] RAW: [0B 00 00 00 00 00 00 01] DLC: 8
[2025-10-21 09:07:59.292] [ UPS, Pump State: 12, Mode: 1 ] RAW: [0C 00 00 00 00 00 00 01] DLC: 8
[2025-10-21 09:08:03.278] [ UPS, Pump State: 11, Mode: 1 ] RAW: [0B 00 00 00 00 00 00 01] DLC: 8
[2025-10-21 09:08:07.264] [ UPS, Pump State: 11, Mode: 1 ] RAW: [0B 00 00 00 00 00 00 01] DLC: 8
[2025-10-21 09:08:11.251] [ UPS, Pump State: 11, Mode: 1 ] RAW: [0B 00 00 00 00 00 00 01] DLC: 8
[2025-10-21 09:08:15.238] [ UPS, Pump State: 11, Mode: 1 ] RAW: [0B 00 00 00 00 00 00 01] DLC: 8
[2025-10-21 09:08:19.225] [ UPS, Pump State: 11, Mode: 1 ] RAW: [0B 00 00 00 00 00 00 01] DLC: 8
[2025-10-21 09:08:23.213] [ UPS, Pump State: 12, Mode: 1 ] RAW: [0C 00 00 00 00 00 00 01] DLC: 8
[2025-10-21 09:08:27.196] [ UPS, Pump State: 12, Mode: 1 ] RAW: [0C 00 00 00 00 00 00 01] DLC: 8
[2025-10-21 09:08:31.180] [ UPS, Pump State: 12, Mode: 1 ] RAW: [0C 00 00 00 00 00 00 01] DLC: 8
[2025-10-21 09:08:35.154] [ UPS, Pump State: 11, Mode: 1 ] RAW: [0B 00 00 00 00 00 00 01] DLC: 8
[2025-10-21 09:08:39.147] [ UPS, Pump State: 11, Mode: 1 ] RAW: [0B 00 00 00 00 00 00 01] DLC: 8
[2025-10-21 09:08:43.129] [ UPS, Pump State: 11, Mode: 1 ] RAW: [0B 00 00 00 00 00 00 01] DLC: 8
[2025-10-21 09:08:47.113] [ UPS, Pump State: 12, Mode: 1 ] RAW: [0C 00 00 00 00 00 00 01] DLC: 8
[2025-10-21 09:08:51.095] [ UPS, Pump State: 11, Mode: 1 ] RAW: [0B 00 00 00 00 00 00 01] DLC: 8
[2025-10-21 09:08:55.070] [ UPS, Pump State: 12, Mode: 1 ] RAW: [0C 00 00 00 00 00 00 01] DLC: 8
[2025-10-21 09:08:59.063] [ UPS, Pump State: 12, Mode: 1 ] RAW: [0C 00 00 00 00 00 00 01] DLC: 8
[2025-10-21 09:09:03.047] [ UPS, Pump State: 11, Mode: 1 ] RAW: [0B 00 00 00 00 00 00 01] DLC: 8
[2025-10-21 09:09:07.030] [ UPS, Pump State: 12, Mode: 1 ] RAW: [0C 00 00 00 00 00 00 01] DLC: 8
[2025-10-21 09:09:11.012] [ UPS, Pump State: 11, Mode: 1 ] RAW: [0B 00 00 00 00 00 00 01] DLC: 8
[2025-10-21 09:09:14.996] [ UPS, Pump State: 12, Mode: 1 ] RAW: [0C 00 00 00 00 00 00 01] DLC: 8
[2025-10-21 09:09:18.978] [ UPS, Pump State: 12, Mode: 1 ] RAW: [0C 00 00 00 00 00 00 01] DLC: 8
[2025-10-21 09:09:22.961] [ UPS, Pump State: 11, Mode: 1 ] RAW: [0B 00 00 00 00 00 00 01] DLC: 8
[2025-10-21 09:09:26.944] [ UPS, Pump State: 11, Mode: 1 ] RAW: [0B 00 00 00 00 00 00 01] DLC: 8
[2025-10-21 09:09:30.928] [ UPS, Pump State: 12, Mode: 1 ] RAW: [0C 00 00 00 00 00 00 01] DLC: 8
[2025-10-21 09:09:34.912] [ UPS, Pump State: 11, Mode: 1 ] RAW: [0B 00 00 00 00 00 00 01] DLC: 8
[2025-10-21 09:09:38.896] [ UPS, Pump State: 11, Mode: 1 ] RAW: [0B 00 00 00 00 00 00 01] DLC: 8
[2025-10-21 09:09:42.880] [ UPS, Pump State: 11, Mode: 1 ] RAW: [0B 00 00 00 00 00 00 01] DLC: 8
[2025-10-21 09:09:46.864] [ UPS, Pump State: 12, Mode: 1 ] RAW: [0C 00 00 00 00 00 00 01] DLC: 8
[2025-10-21 09:09:50.847] [ UPS, Pump State: 11, Mode: 1 ] RAW: [0B 00 00 00 00 00 00 01] DLC: 8
[2025-10-21 09:09:54.831] [ UPS, Pump State: 12, Mode: 1 ] RAW: [0C 00 00 00 00 00 00 01] DLC: 8
[2025-10-21 09:09:58.814] [ UPS, Pump State: 11, Mode: 1 ] RAW: [0B 00 00 00 00 00 00 01] DLC: 8
[2025-10-21 09:10:02.798] [ UPS, Pump State: 11, Mode: 1 ] RAW: [0B 00 00 00 00 00 00 01] DLC: 8
[2025-10-21 09:10:06.785] [ UPS, Pump State: 12, Mode: 1 ] RAW: [0C 00 00 00 00 00 00 01] DLC: 8
[2025-10-21 09:10:10.770] [ UPS, Pump State: 11, Mode: 1 ] RAW: [0B 00 00 00 00 00 00 01] DLC: 8
[2025-10-21 09:10:14.757] [ UPS, Pump State: 12, Mode: 1 ] RAW: [0C 00 00 00 00 00 00 01] DLC: 8
[2025-10-21 09:10:18.745] [ UPS, Pump State: 11, Mode: 1 ] RAW: [0B 00 00 00 00 00 00 01] DLC: 8
[2025-10-21 09:10:22.732] [ UPS, Pump State: 12, Mode: 1 ] RAW: [0C 00 00 00 00 00 00 01] DLC: 8
[2025-10-21 09:10:26.718] [ UPS, Pump State: 12, Mode: 1 ] RAW: [0C 00 00 00 00 00 00 01] DLC: 8
[2025-10-21 09:10:30.705] [ UPS, Pump State: 11, Mode: 1 ] RAW: [0B 00 00 00 00 00 00 01] DLC: 8
[2025-10-21 09:10:34.686] [ UPS, Pump State: 11, Mode: 1 ] RAW: [0B 00 00 00 00 00 00 01] DLC: 8
[2025-10-21 09:10:38.672] [ UPS, Pump State: 11, Mode: 1 ] RAW: [0B 00 00 00 00 00 00 01] DLC: 8
[2025-10-21 09:10:42.661] [ UPS, Pump State: 12, Mode: 1 ] RAW: [0C 00 00 00 00 00 00 01] DLC: 8
[2025-10-21 09:10:46.645] [ UPS, Pump State: 12, Mode: 1 ] RAW: [0C 00 00 00 00 00 00 01] DLC: 8
[2025-10-21 09:10:50.629] [ UPS, Pump State: 12, Mode: 1 ] RAW: [0C 00 00 00 00 00 00 01] DLC: 8
[2025-10-21 09:10:54.608] [ UPS, Pump State: 11, Mode: 1 ] RAW: [0B 00 00 00 00 00 00 01] DLC: 8
[2025-10-21 09:10:58.589] [ UPS, Pump State: 12, Mode: 1 ] RAW: [0C 00 00 00 00 00 00 01] DLC: 8
[2025-10-21 09:11:02.578] [ UPS, Pump State: 11, Mode: 1 ] RAW: [0B 00 00 00 00 00 00 01] DLC: 8
[2025-10-21 09:11:06.565] [ UPS, Pump State: 11, Mode: 1 ] RAW: [0B 00 00 00 00 00 00 01] DLC: 8
[2025-10-21 09:11:10.547] [ UPS, Pump State: 11, Mode: 1 ] RAW: [0B 00 00 00 00 00 00 01] DLC: 8
[2025-10-21 09:11:14.520] [ UPS, Pump State: 11, Mode: 1 ] RAW: [0B 00 00 00 00 00 00 01] DLC: 8
[2025-10-21 09:11:18.515] [ UPS, Pump State: 11, Mode: 1 ] RAW: [0B 00 00 00 00 00 00 01] DLC: 8
[2025-10-21 09:11:22.493] [ UPS, Pump State: 11, Mode: 1 ] RAW: [0B 00 00 00 00 00 00 01] DLC: 8
[2025-10-21 09:11:26.482] [ UPS, Pump State: 12, Mode: 1 ] RAW: [0C 00 00 00 00 00 00 01] DLC: 8
[2025-10-21 09:11:30.465] [ UPS, Pump State: 11, Mode: 1 ] RAW: [0B 00 00 00 00 00 00 01] DLC: 8
[2025-10-21 09:11:34.436] [ UPS, Pump State: 11, Mode: 1 ] RAW: [0B 00 00 00 00 00 00 01] DLC: 8
[2025-10-21 09:11:38.423] [ UPS, Pump State: 11, Mode: 1 ] RAW: [0B 00 00 00 00 00 00 01] DLC: 8
[2025-10-21 09:11:42.411] [ UPS, Pump State: 12, Mode: 1 ] RAW: [0C 00 00 00 00 00 00 01] DLC: 8
[2025-10-21 09:11:46.398] [ UPS, Pump State: 11, Mode: 1 ] RAW: [0B 00 00 00 00 00 00 01] DLC: 8
[2025-10-21 09:11:50.383] [ UPS, Pump State: 11, Mode: 1 ] RAW: [0B 00 00 00 00 00 00 01] DLC: 8
[2025-10-21 09:11:54.367] [ UPS, Pump State: 11, Mode: 1 ] RAW: [0B 00 00 00 00 00 00 01] DLC: 8
[2025-10-21 09:11:58.338] [ UPS, Pump State: 11, Mode: 1 ] RAW: [0B 00 00 00 00 00 00 01] DLC: 8
[2025-10-21 09:12:02.335] [ UPS, Pump State: 12, Mode: 1 ] RAW: [0C 00 00 00 00 00 00 01] DLC: 8
[2025-10-21 09:12:06.319] [ UPS, Pump State: 12, Mode: 1 ] RAW: [0C 00 00 00 00 00 00 01] DLC: 8
[2025-10-21 09:12:10.307] [ UPS, Pump State: 12, Mode: 1 ] RAW: [0C 00 00 00 00 00 00 01] DLC: 8
[2025-10-21 09:12:14.285] [ UPS, Pump State: 12, Mode: 1 ] RAW: [0C 00 00 00 00 00 00 01] DLC: 8
[2025-10-21 09:12:18.272] [ UPS, Pump State: 11, Mode: 1 ] RAW: [0B 00 00 00 00 00 00 01] DLC: 8
[2025-10-21 09:12:22.257] [ UPS, Pump State: 11, Mode: 1 ] RAW: [0B 00 00 00 00 00 00 01] DLC: 8
[2025-10-21 09:12:26.241] [ UPS, Pump State: 11, Mode: 1 ] RAW: [0B 00 00 00 00 00 00 01] DLC: 8
[2025-10-21 09:12:30.223] [ UPS, Pump State: 11, Mode: 1 ] RAW: [0B 00 00 00 00 00 00 01] DLC: 8
[2025-10-21 09:12:34.207] [ UPS, Pump State: 12, Mode: 1 ] RAW: [0C 00 00 00 00 00 00 01] DLC: 8
[2025-10-21 09:12:38.191] [ UPS, Pump State: 11, Mode: 1 ] RAW: [0B 00 00 00 00 00 00 01] DLC: 8
[2025-10-21 09:12:42.175] [ UPS, Pump State: 12, Mode: 1 ] RAW: [0C 00 00 00 00 00 00 01] DLC: 8
[2025-10-21 09:12:46.159] [ UPS, Pump State: 11, Mode: 1 ] RAW: [0B 00 00 00 00 00 00 01] DLC: 8
[2025-10-21 09:12:50.143] [ UPS, Pump State: 11, Mode: 1 ] RAW: [0B 00 00 00 00 00 00 01] DLC: 8
[2025-10-21 09:12:54.126] [ UPS, Pump State: 11, Mode: 1 ] RAW: [0B 00 00 00 00 00 00 01] DLC: 8
[2025-10-21 09:12:58.111] [ UPS, Pump State: 11, Mode: 1 ] RAW: [0B 00 00 00 00 00 00 01] DLC: 8
[2025-10-21 09:13:02.094] [ UPS, Pump State: 11, Mode: 1 ] RAW: [0B 00 00 00 00 00 00 01] DLC: 8
[2025-10-21 09:13:06.078] [ UPS, Pump State: 11, Mode: 1 ] RAW: [0B 00 00 00 00 00 00 01] DLC: 8
[2025-10-21 09:13:10.062] [ UPS, Pump State: 12, Mode: 1 ] RAW: [0C 00 00 00 00 00 00 01] DLC: 8
[2025-10-21 09:13:14.046] [ UPS, Pump State: 11, Mode: 1 ] RAW: [0B 00 00 00 00 00 00 01] DLC: 8
[2025-10-21 09:13:18.030] [ UPS, Pump State: 12, Mode: 1 ] RAW: [0C 00 00 00 00 00 00 01] DLC: 8
[2025-10-21 09:13:22.014] [ UPS, Pump State: 11, Mode: 1 ] RAW: [0B 00 00 00 00 00 00 01] DLC: 8
[2025-10-21 09:13:25.999] [ UPS, Pump State: 12, Mode: 1 ] RAW: [0C 00 00 00 00 00 00 01] DLC: 8
[2025-10-21 09:13:29.984] [ UPS, Pump State: 12, Mode: 1 ] RAW: [0C 00 00 00 00 00 00 01] DLC: 8
[2025-10-21 09:13:33.968] [ UPS, Pump State: 12, Mode: 1 ] RAW: [0C 00 00 00 00 00 00 01] DLC: 8
[2025-10-21 09:13:37.948] [ UPS, Pump State: 12, Mode: 1 ] RAW: [0C 00 00 00 00 00 00 01] DLC: 8
[2025-10-21 09:13:41.930] [ UPS, Pump State: 11, Mode: 1 ] RAW: [0B 00 00 00 00 00 00 01] DLC: 8
[2025-10-21 09:13:45.921] [ UPS, Pump State: 12, Mode: 1 ] RAW: [0C 00 00 00 00 00 00 01] DLC: 8
[2025-10-21 09:13:49.905] [ UPS, Pump State: 11, Mode: 1 ] RAW: [0B 00 00 00 00 00 00 01] DLC: 8
[2025-10-21 09:13:53.883] [ UPS, Pump State: 12, Mode: 1 ] RAW: [0C 00 00 00 00 00 00 01] DLC: 8
[2025-10-21 09:13:57.870] [ UPS, Pump State: 11, Mode: 1 ] RAW: [0B 00 00 00 00 00 00 01] DLC: 8
[2025-10-21 09:14:01.841] [ UPS, Pump State: 11, Mode: 1 ] RAW: [0B 00 00 00 00 00 00 01] DLC: 8
[2025-10-21 09:14:05.827] [ UPS, Pump State: 11, Mode: 1 ] RAW: [0B 00 00 00 00 00 00 01] DLC: 8
[2025-10-21 09:14:09.819] [ UPS, Pump State: 11, Mode: 1 ] RAW: [0B 00 00 00 00 00 00 01] DLC: 8
[2025-10-21 09:14:13.802] [ UPS, Pump State: 11, Mode: 1 ] RAW: [0B 00 00 00 00 00 00 01] DLC: 8
[2025-10-21 09:14:17.786] [ UPS, Pump State: 11, Mode: 1 ] RAW: [0B 00 00 00 00 00 00 01] DLC: 8
[2025-10-21 09:14:21.756] [ UPS, Pump State: 12, Mode: 1 ] RAW: [0C 00 00 00 00 00 00 01] DLC: 8
[2025-10-21 09:14:25.743] [ UPS, Pump State: 11, Mode: 1 ] RAW: [0B 00 00 00 00 00 00 01] DLC: 8
[2025-10-21 09:14:29.730] [ UPS, Pump State: 11, Mode: 1 ] RAW: [0B 00 00 00 00 00 00 01] DLC: 8
[2025-10-21 09:14:33.716] [ UPS, Pump State: 11, Mode: 1 ] RAW: [0B 00 00 00 00 00 00 01] DLC: 8
[2025-10-21 09:14:37.703] [ UPS, Pump State: 11, Mode: 1 ] RAW: [0B 00 00 00 00 00 00 01] DLC: 8
[2025-10-21 09:14:41.687] [ UPS, Pump State: 11, Mode: 1 ] RAW: [0B 00 00 00 00 00 00 01] DLC: 8
[2025-10-21 09:14:45.668] [ UPS, Pump State: 12, Mode: 1 ] RAW: [0C 00 00 00 00 00 00 01] DLC: 8
[2025-10-21 09:14:49.647] [ UPS, Pump State: 11, Mode: 1 ] RAW: [0B 00 00 00 00 00 00 01] DLC: 8
[2025-10-21 09:14:53.638] [ UPS, Pump State: 11, Mode: 1 ] RAW: [0B 00 00 00 00 00 00 01] DLC: 8
[2025-10-21 09:14:57.622] [ UPS, Pump State: 12, Mode: 1 ] RAW: [0C 00 00 00 00 00 00 01] DLC: 8
[2025-10-21 09:15:01.606] [ UPS, Pump State: 11, Mode: 1 ] RAW: [0B 00 00 00 00 00 00 01] DLC: 8
[2025-10-21 09:15:05.580] [ UPS, Pump State: 11, Mode: 1 ] RAW: [0B 00 00 00 00 00 00 01] DLC: 8
[2025-10-21 09:15:09.566] [ UPS, Pump State: 11, Mode: 1 ] RAW: [0B 00 00 00 00 00 00 01] DLC: 8
[2025-10-21 09:15:13.551] [ UPS, Pump State: 12, Mode: 1 ] RAW: [0C 00 00 00 00 00 00 01] DLC: 8
[2025-10-21 09:15:17.538] [ UPS, Pump State: 12, Mode: 1 ] RAW: [0C 00 00 00 00 00 00 01] DLC: 8
[2025-10-21 09:15:21.525] [ UPS, Pump State: 11, Mode: 1 ] RAW: [0B 00 00 00 00 00 00 01] DLC: 8
[2025-10-21 09:15:25.510] [ UPS, Pump State: 11, Mode: 1 ] RAW: [0B 00 00 00 00 00 00 01] DLC: 8
[2025-10-21 09:15:29.478] [ UPS, Pump State: 11, Mode: 1 ] RAW: [0B 00 00 00 00 00 00 01] DLC: 8
[2025-10-21 09:15:33.477] [ UPS, Pump State: 11, Mode: 1 ] RAW: [0B 00 00 00 00 00 00 01] DLC: 8
[2025-10-21 09:15:37.461] [ UPS, Pump State: 12, Mode: 1 ] RAW: [0C 00 00 00 00 00 00 01] DLC: 8
[2025-10-21 09:15:41.444] [ UPS, Pump State: 11, Mode: 1 ] RAW: [0B 00 00 00 00 00 00 01] DLC: 8
[2025-10-21 09:15:45.429] [ UPS, Pump State: 12, Mode: 1 ] RAW: [0C 00 00 00 00 00 00 01] DLC: 8
[2025-10-21 09:15:49.414] [ UPS, Pump State: 11, Mode: 1 ] RAW: [0B 00 00 00 00 00 00 01] DLC: 8
[2025-10-21 09:15:53.400] [ UPS, Pump State: 12, Mode: 1 ] RAW: [0C 00 00 00 00 00 00 01] DLC: 8
[2025-10-21 09:15:57.386] [ UPS, Pump State: 11, Mode: 1 ] RAW: [0B 00 00 00 00 00 00 01] DLC: 8
[2025-10-21 09:16:01.373] [ UPS, Pump State: 11, Mode: 1 ] RAW: [0B 00 00 00 00 00 00 01] DLC: 8
[2025-10-21 09:16:05.359] [ UPS, Pump State: 11, Mode: 1 ] RAW: [0B 00 00 00 00 00 00 01] DLC: 8
[2025-10-21 09:16:09.344] [ UPS, Pump State: 11, Mode: 1 ] RAW: [0B 00 00 00 00 00 00 01] DLC: 8
[2025-10-21 09:16:13.328] [ UPS, Pump State: 11, Mode: 1 ] RAW: [0B 00 00 00 00 00 00 01] DLC: 8
[2025-10-21 09:16:17.313] [ UPS, Pump State: 12, Mode: 1 ] RAW: [0C 00 00 00 00 00 00 01] DLC: 8
[2025-10-21 09:16:21.296] [ UPS, Pump State: 12, Mode: 1 ] RAW: [0C 00 00 00 00 00 00 01] DLC: 8
[2025-10-21 09:16:25.280] [ UPS, Pump State: 11, Mode: 1 ] RAW: [0B 00 00 00 00 00 00 01] DLC: 8
[2025-10-21 09:16:29.275] [ UPS, Pump State: 12, Mode: 1 ] RAW: [0C 00 00 00 00 00 00 01] DLC: 8
[2025-10-21 09:16:33.248] [ UPS, Pump State: 11, Mode: 1 ] RAW: [0B 00 00 00 00 00 00 01] DLC: 8
[2025-10-21 09:16:37.233] [ UPS, Pump State: 11, Mode: 1 ] RAW: [0B 00 00 00 00 00 00 01] DLC: 8
[2025-10-21 09:16:41.219] [ UPS, Pump State: 11, Mode: 1 ] RAW: [0B 00 00 00 00 00 00 01] DLC: 8
[2025-10-21 09:16:45.207] [ UPS, Pump State: 11, Mode: 1 ] RAW: [0B 00 00 00 00 00 00 01] DLC: 8
[2025-10-21 09:16:49.194] [ UPS, Pump State: 11, Mode: 1 ] RAW: [0B 00 00 00 00 00 00 01] DLC: 8
[2025-10-21 09:16:53.181] [ UPS, Pump State: 11, Mode: 1 ] RAW: [0B 00 00 00 00 00 00 01] DLC: 8
[2025-10-21 09:16:57.167] [ UPS, Pump State: 11, Mode: 1 ] RAW: [0B 00 00 00 00 00 00 01] DLC: 8
[2025-10-21 09:17:01.152] [ UPS, Pump State: 11, Mode: 1 ] RAW: [0B 00 00 00 00 00 00 01] DLC: 8
[2025-10-21 09:17:05.138] [ UPS, Pump State: 11, Mode: 1 ] RAW: [0B 00 00 00 00 00 00 01] DLC: 8
[2025-10-21 09:17:09.124] [ UPS, Pump State: 11, Mode: 1 ] RAW: [0B 00 00 00 00 00 00 01] DLC: 8
[2025-10-21 09:17:13.109] [ UPS, Pump State: 11, Mode: 1 ] RAW: [0B 00 00 00 00 00 00 01] DLC: 8
[2025-10-21 09:17:17.094] [ UPS, Pump State: 11, Mode: 1 ] RAW: [0B 00 00 00 00 00 00 01] DLC: 8
[2025-10-21 09:17:21.080] [ UPS, Pump State: 12, Mode: 1 ] RAW: [0C 00 00 00 00 00 00 01] DLC: 8
[2025-10-21 09:17:25.065] [ UPS, Pump State: 11, Mode: 1 ] RAW: [0B 00 00 00 00 00 00 01] DLC: 8
[2025-10-21 09:17:29.052] [ UPS, Pump State: 11, Mode: 1 ] RAW: [0B 00 00 00 00 00 00 01] DLC: 8
[2025-10-21 09:17:33.037] [ UPS, Pump State: 11, Mode: 1 ] RAW: [0B 00 00 00 00 00 00 01] DLC: 8
[2025-10-21 09:17:37.024] [ UPS, Pump State: 11, Mode: 1 ] RAW: [0B 00 00 00 00 00 00 01] DLC: 8
[2025-10-21 09:17:41.008] [ UPS, Pump State: 11, Mode: 1 ] RAW: [0B 00 00 00 00 00 00 01] DLC: 8
[2025-10-21 09:17:44.994] [ UPS, Pump State: 11, Mode: 1 ] RAW: [0B 00 00 00 00 00 00 01] DLC: 8
[2025-10-21 09:17:48.980] [ UPS, Pump State: 12, Mode: 1 ] RAW: [0C 00 00 00 00 00 00 01] DLC: 8
[2025-10-21 09:17:52.967] [ UPS, Pump State: 11, Mode: 1 ] RAW: [0B 00 00 00 00 00 00 01] DLC: 8
[2025-10-21 09:17:56.954] [ UPS, Pump State: 11, Mode: 1 ] RAW: [0B 00 00 00 00 00 00 01] DLC: 8
[2025-10-21 09:18:00.940] [ UPS, Pump State: 11, Mode: 1 ] RAW: [0B 00 00 00 00 00 00 01] DLC: 8
[2025-10-21 09:18:04.925] [ UPS, Pump State: 11, Mode: 1 ] RAW: [0B 00 00 00 00 00 00 01] DLC: 8
[2025-10-21 09:18:08.909] [ UPS, Pump State: 12, Mode: 1 ] RAW: [0C 00 00 00 00 00 00 01] DLC: 8
[2025-10-21 09:18:12.898] [ UPS, Pump State: 11, Mode: 1 ] RAW: [0B 00 00 00 00 00 00 01] DLC: 8
[2025-10-21 09:18:16.881] [ UPS, Pump State: 11, Mode: 1 ] RAW: [0B 00 00 00 00 00 00 01] DLC: 8
