[2025-10-20 22:01:33.762] [ UPS, Battery U: 14.4 V; I: 46 mA; SOC: 100000 mAh; Mode: 1 ] RAW: [90 00 2E 00 01 86 A0 01] DLC: 8
[2025-10-20 22:01:37.750] [ UPS, Battery U: 14.4 V; I: 47 mA; SOC: 100000 mAh; Mode: 1 ] RAW: [90 00 2F 00 01 86 A0 01] DLC: 8
[2025-10-20 22:01:41.743] [ UPS, Battery U: 14.4 V; I: 49 mA; SOC: 100000 mAh; Mode: 1 ] RAW: [90 00 31 00 01 86 A0 01] DLC: 8
[2025-10-20 22:01:45.732] [ UPS, Battery U: 14.4 V; I: 47 mA; SOC: 100000 mAh; Mode: 1 ] RAW: [90 00 2F 00 01 86 A0 01] DLC: 8
[2025-10-20 22:01:49.722] [ UPS, Battery U: 14.4 V; I: 46 mA; SOC: 100000 mAh; Mode: 1 ] RAW: [90 00 2E 00 01 86 A0 01] DLC: 8
[2025-10-20 22:01:53.709] [ UPS, Battery U: 14.4 V; I: 47 mA; SOC: 100000 mAh; Mode: 1 ] RAW: [90 00 2F 00 01 86 A0 01] DLC: 8
[2025-10-20 22:01:57.701] [ UPS, Battery U: 14.4 V; I: 47 mA; SOC: 100000 mAh; Mode: 1 ] RAW: [90 00 2F 00 01 86 A0 01] DLC: 8
[2025-10-20 22:02:01.692] [ UPS, Battery U: 14.4 V; I: 47 mA; SOC: 100000 mAh; Mode: 1 ] RAW: [90 00 2F 00 01 86 A0 01] DLC: 8
[2025-10-20 22:02:05.681] [ UPS, Battery U: 14.4 V; I: 46 mA; SOC: 100000 mAh; Mode: 1 ] RAW: [90 00 2E 00 01 86 A0 01] DLC: 8
[2025-10-20 22:02:09.669] [ UPS, Battery U: 14.4 V; I: 47 mA; SOC: 100000 mAh; Mode: 1 ] RAW: [90 00 2F 00 01 86 A0 01] DLC: 8
[2025-10-20 22:02:13.663] [ UPS, Battery U: 14.4 V; I: 47 mA; SOC: 100000 mAh; Mode: 1 ] RAW: [90 00 2F 00 01 86 A0 01] DLC: 8
[2025-10-20 22:02:17.651] [ UPS, Battery U: 14.4 V; I: 49 mA; SOC: 100000 mAh; Mode: 1 ] RAW: [90 00 31 00 01 86 A0 01] DLC: 8
[2025-10-20 22:02:21.639] [ UPS, Battery U: 14.4 V; I: 47 mA; SOC: 100000 mAh; Mode: 1 ] RAW: [90 00 2F 00 01 86 A0 01] DLC: 8
[2025-10-20 22:02:25.628] [ UPS, Battery U: 14.4 V; I: 47 mA; SOC: 100000 mAh; Mode: 1 ] RAW: [90 00 2F 00 01 86 A0 01] DLC: 8
[2025-10-20 22:02:29.619] [ UPS, Battery U: 14.4 V; I: 47 mA; SOC: 100000 mAh; Mode: 1 ] RAW: [90 00 2F 00 01 86 A0 01] DLC: 8
[2025-10-20 22:02:33.612] [ UPS, Battery U: 14.4 V; I: 47 mA; SOC: 100000 mAh; Mode: 1 ] RAW: [90 00 2F 00 01 86 A0 01] DLC: 8
[2025-10-20 22:02:37.598] [ UPS, Battery U: 14.4 V; I: 47 mA; SOC: 100000 mAh; Mode: 1 ] RAW: [90 00 2F 00 01 86 A0 01] DLC: 8
[2025-10-20 22:02:41.592] [ UPS, Battery U: 14.4 V; I: 47 mA; SOC: 100000 mAh; Mode: 1 ] RAW: [90 00 2F 00 01 86 A0 01] DLC: 8
[2025-10-20 22:02:45.581] [ UPS, Battery U: 14.4 V; I: 47 mA; SOC: 100000 mAh; Mode: 1 ] RAW: [90 00 2F 00 01 86 A0 01] DLC: 8
[2025-10-20 22:02:49.571] [ UPS, Battery U: 14.4 V; I: 47 mA; SOC: 100000 mAh; Mode: 1 ] RAW: [90 00 2F 00 01 86 A0 01] DLC: 8
[2025-10-20 22:02:53.561] [ UPS, Battery U: 14.4 V; I: 46 mA; SOC: 100000 mAh; Mode: 1 ] RAW: [90 00 2E 00 01 86 A0 01] DLC: 8
[2025-10-20 22:02:57.550] [ UPS, Battery U: 14.4 V; I: 47 mA; SOC: 100000 mAh; Mode: 1 ] RAW: [90 00 2F 00 01 86 A0 01] DLC: 8
[2025-10-20 22:03:01.540] [ UPS, Battery U: 14.4 V; I: 47 mA; SOC: 100000 mAh; Mode: 1 ] RAW: [90 00 2F 00 01 86 A0 01] DLC: 8
[2025-10-20 22:03:05.529] [ UPS, Battery U: 14.4 V; I: 49 mA; SOC: 100000 mAh; Mode: 1 ] RAW: [90 00 31 00 01 86 A0 01] DLC: 8
[2025-10-20 22:03:09.519] [ UPS, Battery U: 14.4 V; I: 47 mA; SOC: 100000 mAh; Mode: 1 ] RAW: [90 00 2F 00 01 86 A0 01] DLC: 8
[2025-10-20 22:03:13.509] [ UPS, Battery U: 14.4 V; I: 49 mA; SOC: 100000 mAh; Mode: 1 ] RAW: [90 00 31 00 01 86 A0 01] DLC: 8
[2025-10-20 22:03:17.500] [ UPS, Battery U: 14.4 V; I: 47 mA; SOC: 100000 mAh; Mode: 1 ] RAW: [90 00 2F 00 01 86 A0 01] DLC: 8
[2025-10-20 22:03:21.489] [ UPS, Battery U: 14.4 V; I: 49 mA; SOC: 100000 mAh; Mode: 1 ] RAW: [90 00 31 00 01 86 A0 01] DLC: 8
[2025-10-20 22:03:25.479] [ UPS, Battery U: 14.4 V; I: 46 mA; SOC: 100000 mAh; Mode: 1 ] RAW: [90 00 2E 00 01 86 A0 01] DLC: 8
[2025-10-20 22:03:29.469] [ UPS, Battery U: 14.4 V; I: 47 mA; SOC: 100000 mAh; Mode: 1 ] RAW: [90 00 2F 00 01 86 A0 01] DLC: 8
[2025-10-20 22:03:33.459] [ UPS, Battery U: 14.4 V; I: 47 mA; SOC: 100000 mAh; Mode: 1 ] RAW: [90 00 2F 00 01 86 A0 01] DLC: 8
[2025-10-20 22:03:37.449] [ UPS, Battery U: 14.4 V; I: 49 mA; SOC: 100000 mAh; Mode: 1 ] RAW: [90 00 31 00 01 86 A0 01] DLC: 8
[2025-10-20 22:03:41.439] [ UPS, Battery U: 14.4 V; I: 46 mA; SOC: 100000 mAh; Mode: 1 ] RAW: [90 00 2E 00 01 86 A0 01] DLC: 8
[2025-10-20 22:03:45.429] [ UPS, Battery U: 14.4 V; I: 47 mA; SOC: 100000 mAh; Mode: 1 ] RAW: [90 00 2F 00 01 86 A0 01] DLC: 8
[2025-10-20 22:03:49.420] [ UPS, Battery U: 14.4 V; I: 47 mA; SOC: 100000 mAh; Mode: 1 ] RAW: [90 00 2F 00 01 86 A0 01] DLC: 8
[2025-10-20 22:03:53.412] [ UPS, Battery U: 14.4 V; I: 47 mA; SOC: 100000 mAh; Mode: 1 ] RAW: [90 00 2F 00 01 86 A0 01] DLC: 8
[2025-10-20 22:03:57.405] [ UPS, Battery U: 14.4 V; I: 46 mA; SOC: 100000 mAh; Mode: 1 ] RAW: [90 00 2E 00 01 86 A0 01] DLC: 8
[2025-10-20 22:04:01.397] [ UPS, Battery U: 14.4 V; I: 47 mA; SOC: 100000 mAh; Mode: 1 ] RAW: [90 00 2F 00 01 86 A0 01] DLC: 8
[2025-10-20 22:04:05.390] [ UPS, Battery U: 14.4 V; I: 47 mA; SOC: 100000 mAh; Mode: 1 ] RAW: [90 00 2F 00 01 86 A0 01] DLC: 8
[2025-10-20 22:04:09.381] [ UPS, Battery U: 14.4 V; I: 47 mA; SOC: 100000 mAh; Mode: 1 ] RAW: [90 00 2F 00 01 86 A0 01] DLC: 8
[2025-10-20 22:04:13.374] [ UPS, Battery U: 14.4 V; I: 46 mA; SOC: 100000 mAh; Mode: 1 ] RAW: [90 00 2E 00 01 86 A0 01] DLC: 8
[2025-10-20 22:04:17.367] [ UPS, Battery U: 14.4 V; I: 47 mA; SOC: 100000 mAh; Mode: 1 ] RAW: [90 00 2F 00 01 86 A0 01] DLC: 8
[2025-10-20 22:04:21.359] [ UPS, Battery U: 14.4 V; I: 47 mA; SOC: 100000 mAh; Mode: 1 ] RAW: [90 00 2F 00 01 86 A0 01] DLC: 8
[2025-10-20 22:04:25.352] [ UPS, Battery U: 14.4 V; I: 49 mA; SOC: 100000 mAh; Mode: 1 ] RAW: [90 00 31 00 01 86 A0 01] DLC: 8
[2025-10-20 22:04:29.347] [ UPS, Battery U: 14.4 V; I: 46 mA; SOC: 100000 mAh; Mode: 1 ] RAW: [90 00 2E 00 01 86 A0 01] DLC: 8
[2025-10-20 22:04:33.340] [ UPS, Battery U: 14.4 V; I: 47 mA; SOC: 100000 mAh; Mode: 1 ] RAW: [90 00 2F 00 01 86 A0 01] DLC: 8
[2025-10-20 22:04:37.331] [ UPS, Battery U: 14.4 V; I: 47 mA; SOC: 100000 mAh; Mode: 1 ] RAW: [90 00 2F 00 01 86 A0 01] DLC: 8
[2025-10-20 22:04:41.324] [ UPS, Battery U: 14.4 V; I: 49 mA; SOC: 100000 mAh; Mode: 1 ] RAW: [90 00 31 00 01 86 A0 01] DLC: 8
[2025-10-20 22:04:45.317] [ UPS, Battery U: 14.4 V; I: 46 mA; SOC: 100000 mAh; Mode: 1 ] RAW: [90 00 2E 00 01 86 A0 01] DLC: 8
[2025-10-20 22:04:49.309] [ UPS, Battery U: 14.4 V; I: 47 mA; SOC: 100000 mAh; Mode: 1 ] RAW: [90 00 2F 00 01 86 A0 01] DLC: 8
[2025-10-20 22:04:53.301] [ UPS, Battery U: 14.4 V; I: 47 mA; SOC: 100000 mAh; Mode: 1 ] RAW: [90 00 2F 00 01 86 A0 01] DLC: 8
[2025-10-20 22:04:57.293] [ UPS, Battery U: 14.4 V; I: 47 mA; SOC: 100000 mAh; Mode: 1 ] RAW: [90 00 2F 00 01 86 A0 01] DLC: 8
[2025-10-20 22:05:01.285] [ UPS, Battery U: 14.4 V; I: 46 mA; SOC: 100000 mAh; Mode: 1 ] RAW: [90 00 2E 00 01 86 A0 01] DLC: 8
[2025-10-20 22:05:05.277] [ UPS, Battery U: 14.4 V; I: 47 mA; SOC: 100000 mAh; Mode: 1 ] RAW: [90 00 2F 00 01 86 A0 01] DLC: 8
[2025-10-20 22:05:09.266] [ UPS, Battery U: 14.4 V; I: 47 mA; SOC: 100000 mAh; Mode: 1 ] RAW: [90 00 2F 00 01 86 A0 01] DLC: 8
[2025-10-20 22:05:13.256] [ UPS, Battery U: 14.4 V; I: 49 mA; SOC: 100000 mAh; Mode: 1 ] RAW: [90 00 31 00 01 86 A0 01] DLC: 8
[2025-10-20 22:05:17.246] [ UPS, Battery U: 14.4 V; I: 46 mA; SOC: 100000 mAh; Mode: 1 ] RAW: [90 00 2E 00 01 86 A0 01] DLC: 8
[2025-10-20 22:05:21.237] [ UPS, Battery U: 14.4 V; I: 47 mA; SOC: 100000 mAh; Mode: 1 ] RAW: [90 00 2F 00 01 86 A0 01] DLC: 8
[2025-10-20 22:05:25.227] [ UPS, Battery U: 14.4 V; I: 47 mA; SOC: 100000 mAh; Mode: 1 ] RAW: [90 00 2F 00 01 86 A0 01] DLC: 8
[2025-10-20 22:05:29.218] [ UPS, Battery U: 14.4 V; I: 47 mA; SOC: 100000 mAh; Mode: 1 ] RAW: [90 00 2F 00 01 86 A0 01] DLC: 8
[2025-10-20 22:05:33.209] [ UPS, Battery U: 14.4 V; I: 46 mA; SOC: 100000 mAh; Mode: 1 ] RAW: [90 00 2E 00 01 86 A0 01] DLC: 8
[2025-10-20 22:05:37.200] [ UPS, Battery U: 14.4 V; I: 47 mA; SOC: 100000 mAh; Mode: 1 ] RAW: [90 00 2F 00 01 86 A0 01] DLC: 8
[2025-10-20 22:05:41.190] [ UPS, Battery U: 14.4 V; I: 47 mA; SOC: 100000 mAh; Mode: 1 ] RAW: [90 00 2F 00 01 86 A0 01] DLC: 8
[2025-10-20 22:05:45.182] [ UPS, Battery U: 14.4 V; I: 47 mA; SOC: 100000 mAh; Mode: 1 ] RAW: [90 00 2F 00 01 86 A0 01] DLC: 8
[2025-10-20 22:05:49.172] [ UPS, Battery U: 14.4 V; I: 46 mA; SOC: 100000 mAh; Mode: 1 ] RAW: [90 00 2E 00 01 86 A0 01] DLC: 8
[2025-10-20 22:05:53.164] [ UPS, Battery U: 14.4 V; I: 47 mA; SOC: 100000 mAh; Mode: 1 ] RAW: [90 00 2F 00 01 86 A0 01] DLC: 8
[2025-10-20 22:05:57.155] [ UPS, Battery U: 14.4 V; I: 47 mA; SOC: 100000 mAh; Mode: 1 ] RAW: [90 00 2F 00 01 86 A0 01] DLC: 8
[2025-10-20 22:06:01.146] [ UPS, Battery U: 14.4 V; I: 49 mA; SOC: 100000 mAh; Mode: 1 ] RAW: [90 00 31 00 01 86 A0 01] DLC: 8
[2025-10-20 22:06:05.136] [ UPS, Battery U: 14.4 V; I: 46 mA; SOC: 100000 mAh; Mode: 1 ] RAW: [90 00 2E 00 01 86 A0 01] DLC: 8
[2025-10-20 22:06:09.127] [ UPS, Battery U: 14.4 V; I: 47 mA; SOC: 100000 mAh; Mode: 1 ] RAW: [90 00 2F 00 01 86 A0 01] DLC: 8
[2025-10-20 22:06:13.119] [ UPS, Battery U: 14.4 V; I: 47 mA; SOC: 100000 mAh; Mode: 1 ] RAW: [90 00 2F 00 01 86 A0 01] DLC: 8
[2025-10-20 22:06:17.110] [ UPS, Battery U: 14.4 V; I: 49 mA; SOC: 100000 mAh; Mode: 1 ] RAW: [90 00 31 00 01 86 A0 01] DLC: 8
[2025-10-20 22:06:21.101] [ UPS, Battery U: 14.4 V; I: 46 mA; SOC: 100000 mAh; Mode: 1 ] RAW: [90 00 2E 00 01 86 A0 01] DLC: 8
[2025-10-20 22:06:25.091] [ UPS, Battery U: 14.4 V; I: 47 mA; SOC: 100000 mAh; Mode: 1 ] RAW: [90 00 2F 00 01 86 A0 01] DLC: 8
[2025-10-20 22:06:29.082] [ UPS, Battery U: 14.4 V; I: 47 mA; SOC: 100000 mAh; Mode: 1 ] RAW: [90 00 2F 00 01 86 A0 01] DLC: 8
[2025-10-20 22:06:33.072] [ UPS, Battery U: 14.4 V; I: 47 mA; SOC: 100000 mAh; Mode: 1 ] RAW: [90 00 2F 00 01 86 A0 01] DLC: 8
[2025-10-20 22:06:37.063] [ UPS, Battery U: 14.4 V; I: 46 mA; SOC: 100000 mAh; Mode: 1 ] RAW: [90 00 2E 00 01 86 A0 01] DLC: 8
[2025-10-20 22:06:41.053] [ UPS, Battery U: 14.4 V; I: 47 mA; SOC: 100000 mAh; Mode: 1 ] RAW: [90 00 2F 00 01 86 A0 01] DLC: 8
[2025-10-20 22:06:45.046] [ UPS, Battery U: 14.4 V; I: 46 mA; SOC: 100000 mAh; Mode: 1 ] RAW: [90 00 2E 00 01 86 A0 01] DLC: 8
[2025-10-20 22:06:49.037] [ UPS, Battery U: 14.4 V; I: 49 mA; SOC: 100000 mAh; Mode: 1 ] RAW: [90 00 31 00 01 86 A0 01] DLC: 8
[2025-10-20 22:06:53.028] [ UPS, Battery U: 14.4 V; I: 47 mA; SOC: 100000 mAh; Mode: 1 ] RAW: [90 00 2F 00 01 86 A0 01] DLC: 8
[2025-10-20 22:06:57.019] [ UPS, Battery U: 14.4 V; I: 47 mA; SOC: 100000 mAh; Mode: 1 ] RAW: [90 00 2F 00 01 86 A0 01] DLC: 8
[2025-10-20 22:07:01.009] [ UPS, Battery U: 14.4 V; I: 47 mA; SOC: 100000 mAh; Mode: 1 ] RAW: [90 00 2F 00 01 86 A0 01] DLC: 8
[2025-10-20 22:07:05.000] [ UPS, Battery U: 14.4 V; I: 47 mA; SOC: 100000 mAh; Mode: 1 ] RAW: [90 00 2F 00 01 86 A0 01] DLC: 8
[2025-10-20 22:07:08.989] [ UPS, Battery U: 14.4 V; I: 47 mA; SOC: 100000 mAh; Mode: 1 ] RAW: [90 00 2F 00 01 86 A0 01] DLC: 8
[2025-10-20 22:07:12.980] [ UPS, Battery U: 14.4 V; I: 47 mA; SOC: 100000 mAh; Mode: 1 ] RAW: [90 00 2F 00 01 86 A0 01] DLC: 8
[2025-10-20 22:07:16.969] [ UPS, Battery U: 14.4 V; I: 47 mA; SOC: 100000 mAh; Mode: 1 ] RAW: [90 00 2F 00 01 86 A0 01] DLC: 8
[2025-10-20 22:07:20.959] [ UPS, Battery U: 14.4 V; I: 49 mA; SOC: 100000 mAh; Mode: 1 ] RAW: [90 00 31 00 01 86 A0 01] DLC: 8
[2025-10-20 22:07:24.949] [ UPS, Battery U: 14.4 V; I: 47 mA; SOC: 100000 mAh; Mode: 1 ] RAW: [90 00 2F 00 01 86 A0 01] DLC: 8
[2025-10-20 22:07:28.939] [ UPS, Battery U: 14.4 V; I: 47 mA; SOC: 100000 mAh; Mode: 1 ] RAW: [90 00 2F 00 01 86 A0 01] DLC: 8
[2025-10-20 22:07:32.928] [ UPS, Battery U: 14.4 V; I: 47 mA; SOC: 100000 mAh; Mode: 1 ] RAW: [90 00 2F 00 01 86 A0 01] DLC: 8
[2025-10-20 22:07:36.919] [ UPS, Battery U: 14.4 V; I: 49 mA; SOC: 100000 mAh; Mode: 1 ] RAW: [90 00 31 00 01 86 A0 01] DLC: 8
[2025-10-20 22:07:40.910] [ UPS, Battery U: 14.4 V; I: 46 mA; SOC: 100000 mAh; Mode: 1 ] RAW: [90 00 2E 00 01 86 A0 01] DLC: 8
[2025-10-20 22:07:44.901] [ UPS, Battery U: 14.4 V; I: 47 mA; SOC: 100000 mAh; Mode: 1 ] RAW: [90 00 2F 00 01 86 A0 01] DLC: 8
[2025-10-20 22:07:48.891] [ UPS, Battery U: 14.4 V; I: 47 mA; SOC: 100000 mAh; Mode: 1 ] RAW: [90 00 2F 00 01 86 A0 01] DLC: 8
[2025-10-20 22:07:52.882] [ UPS, Battery U: 14.4 V; I: 49 mA; SOC: 100000 mAh; Mode: 1 ] RAW: [90 00 31 00 01 86 A0 01] DLC: 8
[2025-10-20 22:07:56.872] [ UPS, Battery U: 14.4 V; I: 46 mA; SOC: 100000 mAh; Mode: 1 ] RAW: [90 00 2E 00 01 86 A0 01] DLC: 8
[2025-10-20 22:08:00.863] [ UPS, Battery U: 14.4 V; I: 47 mA; SOC: 100000 mAh; Mode: 1 ] RAW: [90 00 2F 00 01 86 A0 01] DLC: 8
[2025-10-20 22:08:04.854] [ UPS, Battery U: 14.4 V; I: 47 mA; SOC: 100000 mAh; Mode: 1 ] RAW: [90 00 2F 00 01 86 A0 01] DLC: 8
[2025-10-20 22:08:08.843] [ UPS, Battery U: 14.4 V; I: 49 mA; SOC: 100000 mAh; Mode: 1 ] RAW: [90 00 31 00 01 86 A0 01] DLC: 8
[2025-10-20 22:08:12.833] [ UPS, Battery U: 14.4 V; I: 46 mA; SOC: 100000 mAh; Mode: 1 ] RAW: [90 00 2E 00 01 86 A0 01] DLC: 8
[2025-10-20 22:08:16.823] [ UPS, Battery U: 14.4 V; I: 47 mA; SOC: 100000 mAh; Mode: 1 ] RAW: [90 00 2F 00 01 86 A0 01] DLC: 8
[2025-10-20 22:08:20.813] [ UPS, Battery U: 14.4 V; I: 47 mA; SOC: 100000 mAh; Mode: 1 ] RAW: [90 00 2F 00 01 86 A0 01] DLC: 8
[2025-10-20 22:08:24.803] [ UPS, Battery U: 14.4 V; I: 47 mA; SOC: 100000 mAh; Mode: 1 ] RAW: [90 00 2F 00 01 86 A0 01] DLC: 8
[2025-10-20 22:08:28.794] [ UPS, Battery U: 14.4 V; I: 46 mA; SOC: 100000 mAh; Mode: 1 ] RAW: [90 00 2E 00 01 86 A0 01] DLC: 8
[2025-10-20 22:08:32.787] [ UPS, Battery U: 14.4 V; I: 47 mA; SOC: 100000 mAh; Mode: 1 ] RAW: [90 00 2F 00 01 86 A0 01] DLC: 8
[2025-10-20 22:08:36.779] [ UPS, Battery U: 14.4 V; I: 47 mA; SOC: 100000 mAh; Mode: 1 ] RAW: [90 00 2F 00 01 86 A0 01] DLC: 8
[2025-10-20 22:08:40.772] [ UPS, Battery U: 14.4 V; I: 49 mA; SOC: 100000 mAh; Mode: 1 ] RAW: [90 00 31 00 01 86 A0 01] DLC: 8
[2025-10-20 22:08:44.765] [ UPS, Battery U: 14.4 V; I: 46 mA; SOC: 100000 mAh; Mode: 1 ] RAW: [90 00 2E 00 01 86 A0 01] DLC: 8
[2025-10-20 22:08:48.758] [ UPS, Battery U: 14.4 V; I: 47 mA; SOC: 100000 mAh; Mode: 1 ] RAW: [90 00 2F 00 01 86 A0 01] DLC: 8
[2025-10-20 22:08:52.750] [ UPS, Battery U: 14.4 V; I: 47 mA; SOC: 100000 mAh; Mode: 1 ] RAW: [90 00 2F 00 01 86 A0 01] DLC: 8
[2025-10-20 22:08:56.743] [ UPS, Battery U: 14.4 V; I: 49 mA; SOC: 100000 mAh; Mode: 1 ] RAW: [90 00 31 00 01 86 A0 01] DLC: 8
[2025-10-20 22:09:00.736] [ UPS, Battery U: 14.4 V; I: 46 mA; SOC: 100000 mAh; Mode: 1 ] RAW: [90 00 2E 00 01 86 A0 01] DLC: 8
[2025-10-20 22:09:04.729] [ UPS, Battery U: 14.4 V; I: 47 mA; SOC: 100000 mAh; Mode: 1 ] RAW: [90 00 2F 00 01 86 A0 01] DLC: 8
[2025-10-20 22:09:08.721] [ UPS, Battery U: 14.4 V; I: 47 mA; SOC: 100000 mAh; Mode: 1 ] RAW: [90 00 2F 00 01 86 A0 01] DLC: 8
[2025-10-20 22:09:12.714] [ UPS, Battery U: 14.4 V; I: 49 mA; SOC: 100000 mAh; Mode: 1 ] RAW: [90 00 31 00 01 86 A0 01] DLC: 8
[2025-10-20 22:09:16.707] [ UPS, Battery U: 14.4 V; I: 46 mA; SOC: 100000 mAh; Mode: 1 ] RAW: [90 00 2E 00 01 86 A0 01] DLC: 8
[2025-10-20 22:09:20.699] [ UPS, Battery U: 14.4 V; I: 47 mA; SOC: 100000 mAh; Mode: 1 ] RAW: [90 00 2F 00 01 86 A0 01] DLC: 8
[2025-10-20 22:09:24.692] [ UPS, Battery U: 14.4 V; I: 47 mA; SOC: 100000 mAh; Mode: 1 ] RAW: [90 00 2F 00 01 86 A0 01] DLC: 8
[2025-10-20 22:09:28.684] [ UPS, Battery U: 14.4 V; I: 47 mA; SOC: 100000 mAh; Mode: 1 ] RAW: [90 00 2F 00 01 86 A0 01] DLC: 8
[2025-10-20 22:09:32.678] [ UPS, Battery U: 14.4 V; I: 46 mA; SOC: 100000 mAh; Mode: 1 ] RAW: [90 00 2E 00 01 86 A0 01] DLC: 8
[2025-10-20 22:09:36.669] [ UPS, Battery U: 14.4 V; I: 47 mA; SOC: 100000 mAh; Mode: 1 ] RAW: [90 00 2F 00 01 86 A0 01] DLC: 8
[2025-10-20 22:09:40.663] [ UPS, Battery U: 14.4 V; I: 49 mA; SOC: 100000 mAh; Mode: 1 ] RAW: [90 00 31 00 01 86 A0 01] DLC: 8
[2025-10-20 22:09:44.660] [ UPS, Battery U: 14.4 V; I: 47 mA; SOC: 100000 mAh; Mode: 1 ] RAW: [90 00 2F 00 01 86 A0 01] DLC: 8
[2025-10-20 22:09:48.649] [ UPS, Battery U: 14.4 V; I: 46 mA; SOC: 100000 mAh; Mode: 1 ] RAW: [90 00 2E 00 01 86 A0 01] DLC: 8
[2025-10-20 22:09:52.641] [ UPS, Battery U: 14.4 V; I: 49 mA; SOC: 100000 mAh; Mode: 1 ] RAW: [90 00 31 00 01 86 A0 01] DLC: 8
[2025-10-20 22:09:56.633] [ UPS, Battery U: 14.4 V; I: 47 mA; SOC: 100000 mAh; Mode: 1 ] RAW: [90 00 2F 00 01 86 A0 01] DLC: 8
[2025-10-20 22:10:00.626] [ UPS, Battery U: 14.4 V; I: 49 mA; SOC: 100000 mAh; Mode: 1 ] RAW: [90 00 31 00 01 86 A0 01] DLC: 8
[2025-10-20 22:10:04.619] [ UPS, Battery U: 14.4 V; I: 47 mA; SOC: 100000 mAh; Mode: 1 ] RAW: [90 00 2F 00 01 86 A0 01] DLC: 8
[2025-10-20 22:10:08.612] [ UPS, Battery U: 14.4 V; I: 47 mA; SOC: 100000 mAh; Mode: 1 ] RAW: [90 00 2F 00 01 86 A0 01] DLC: 8
[2025-10-20 22:10:12.605] [ UPS, Battery U: 14.4 V; I: 51 mA; SOC: 100000 mAh; Mode: 1 ] RAW: [90 00 33 00 01 86 A0 01] DLC: 8
[2025-10-20 22:10:16.598] [ UPS, Battery U: 14.4 V; I: 50 mA; SOC: 100000 mAh; Mode: 1 ] RAW: [90 00 32 00 01 86 A0 01] DLC: 8
[2025-10-20 22:10:20.590] [ UPS, Battery U: 14.4 V; I: 47 mA; SOC: 100000 mAh; Mode: 1 ] RAW: [90 00 2F 00 01 86 A0 01] DLC: 8
[2025-10-20 22:10:24.582] [ UPS, Battery U: 14.4 V; I: 47 mA; SOC: 100000 mAh; Mode: 1 ] RAW: [90 00 2F 00 01 86 A0 01] DLC: 8
[2025-10-20 22:10:28.572] [ UPS, Battery U: 14.4 V; I: 49 mA; SOC: 100000 mAh; Mode: 1 ] RAW: [90 00 31 00 01 86 A0 01] DLC: 8
[2025-10-20 22:10:32.562] [ UPS, Battery U: 14.4 V; I: 49 mA; SOC: 100000 mAh; Mode: 1 ] RAW: [90 00 31 00 01 86 A0 01] DLC: 8
[2025-10-20 22:10:36.551] [ UPS, Battery U: 14.4 V; I: 46 mA; SOC: 100000 mAh; Mode: 1 ] RAW: [90 00 2E 00 01 86 A0 01] DLC: 8
[2025-10-20 22:10:40.541] [ UPS, Battery U: 14.4 V; I: 47 mA; SOC: 100000 mAh; Mode: 1 ] RAW: [90 00 2F 00 01 86 A0 01] DLC: 8
[2025-10-20 22:10:44.529] [ UPS, Battery U: 14.4 V; I: 47 mA; SOC: 100000 mAh; Mode: 1 ] RAW: [90 00 2F 00 01 86 A0 01] DLC: 8
[2025-10-20 22:10:48.518] [ UPS, Battery U: 14.4 V; I: 49 mA; SOC: 100000 mAh; Mode: 1 ] RAW: [90 00 31 00 01 86 A0 01] DLC: 8
[2025-10-20 22:10:52.507] [ UPS, Battery U: 14.4 V; I: 46 mA; SOC: 100000 mAh; Mode: 1 ] RAW: [90 00 2E 00 01 86 A0 01] DLC: 8
[2025-10-20 22:10:56.496] [ UPS, Battery U: 14.4 V; I: 47 mA; SOC: 100000 mAh; Mode: 1 ] RAW: [90 00 2F 00 01 86 A0 01] DLC: 8
[2025-10-20 22:11:00.487] [ UPS, Battery U: 14.4 V; I: 47 mA; SOC: 100000 mAh; Mode: 1 ] RAW: [90 00 2F 00 01 86 A0 01] DLC: 8
[2025-10-20 22:11:04.477] [ UPS, Battery U: 14.4 V; I: 47 mA; SOC: 100000 mAh; Mode: 1 ] RAW: [90 00 2F 00 01 86 A0 01] DLC: 8
[2025-10-20 22:11:08.468] [ UPS, Battery U: 14.4 V; I: 46 mA; SOC: 100000 mAh; Mode: 1 ] RAW: [90 00 2E 00 01 86 A0 01] DLC: 8
[2025-10-20 22:11:12.457] [ UPS, Battery U: 14.4 V; I: 47 mA; SOC: 100000 mAh; Mode: 1 ] RAW: [90 00 2F 00 01 86 A0 01] DLC: 8
[2025-10-20 22:11:16.448] [ UPS, Battery U: 14.4 V; I: 47 mA; SOC: 100000 mAh; Mode: 1 ] RAW: [90 00 2F 00 01 86 A0 01] DLC: 8
[2025-10-20 22:11:20.437] [ UPS, Battery U: 14.4 V; I: 47 mA; SOC: 100000 mAh; Mode: 1 ] RAW: [90 00 2F 00 01 86 A0 01] DLC: 8
[2025-10-20 22:11:24.427] [ UPS, Battery U: 14.4 V; I: 46 mA; SOC: 100000 mAh; Mode: 1 ] RAW: [90 00 2E 00 01 86 A0 01] DLC: 8
[2025-10-20 22:11:28.418] [ UPS, Battery U: 14.4 V; I: 47 mA; SOC: 100000 mAh; Mode: 1 ] RAW: [90 00 2F 00 01 86 A0 01] DLC: 8
[2025-10-20 22:11:32.406] [ UPS, Battery U: 14.4 V; I: 47 mA; SOC: 100000 mAh; Mode: 1 ] RAW: [90 00 2F 00 01 86 A0 01] DLC: 8
[2025-10-20 22:11:36.398] [ UPS, Battery U: 14.4 V; I: 47 mA; SOC: 100000 mAh; Mode: 1 ] RAW: [90 00 2F 00 01 86 A0 01] DLC: 8
[2025-10-20 22:11:40.391] [ UPS, Battery U: 14.4 V; I: 46 mA; SOC: 100000 mAh; Mode: 1 ] RAW: [90 00 2E 00 01 86 A0 01] DLC: 8
[2025-10-20 22:11:44.383] [ UPS, Battery U: 14.4 V; I: 47 mA; SOC: 100000 mAh; Mode: 1 ] RAW: [90 00 2F 00 01 86 A0 01] DLC: 8
[2025-10-20 22:11:48.377] [ UPS, Battery U: 14.4 V; I: 47 mA; SOC: 100000 mAh; Mode: 1 ] RAW: [90 00 2F 00 01 86 A0 01] DLC: 8
[2025-10-20 22:11:52.371] [ UPS, Battery U: 14.4 V; I: 47 mA; SOC: 100000 mAh; Mode: 1 ] RAW: [90 00 2F 00 01 86 A0 01] DLC: 8
[2025-10-20 22:11:56.363] [ UPS, Battery U: 14.4 V; I: 46 mA; SOC: 100000 mAh; Mode: 1 ] RAW: [90 00 2E 00 01 86 A0 01] DLC: 8
[2025-10-20 22:12:00.356] [ UPS, Battery U: 14.4 V; I: 46 mA; SOC: 100000 mAh; Mode: 1 ] RAW: [90 00 2E 00 01 86 A0 01] DLC: 8
[2025-10-20 22:12:04.348] [ UPS, Battery U: 14.4 V; I: 46 mA; SOC: 100000 mAh; Mode: 1 ] RAW: [90 00 2E 00 01 86 A0 01] DLC: 8
[2025-10-20 22:12:08.341] [ UPS, Battery U: 14.4 V; I: 49 mA; SOC: 100000 mAh; Mode: 1 ] RAW: [90 00 31 00 01 86 A0 01] DLC: 8
[2025-10-20 22:12:12.335] [ UPS, Battery U: 14.4 V; I: 46 mA; SOC: 100000 mAh; Mode: 1 ] RAW: [90 00 2E 00 01 86 A0 01] DLC: 8
[2025-10-20 22:12:16.329] [ UPS, Battery U: 14.4 V; I: 47 mA; SOC: 100000 mAh; Mode: 1 ] RAW: [90 00 2F 00 01 86 A0 01] DLC: 8
[2025-10-20 22:12:20.321] [ UPS, Battery U: 14.4 V; I: 47 mA; SOC: 100000 mAh; Mode: 1 ] RAW: [90 00 2F 00 01 86 A0 01] DLC: 8
[2025-10-20 22:12:24.314] [ UPS, Battery U: 14.4 V; I: 47 mA; SOC: 100000 mAh; Mode: 1 ] RAW: [90 00 2F 00 01 86 A0 01] DLC: 8
[2025-10-20 22:12:28.307] [ UPS, Battery U: 14.4 V; I: 45 mA; SOC: 100000 mAh; Mode: 1 ] RAW: [90 00 2D 00 01 86 A0 01] DLC: 8
[2025-10-20 22:12:32.298] [ UPS, Battery U: 14.4 V; I: 47 mA; SOC: 100000 mAh; Mode: 1 ] RAW: [90 00 2F 00 01 86 A0 01] DLC: 8
[2025-10-20 22:12:36.290] [ UPS, Battery U: 14.4 V; I: 47 mA; SOC: 100000 mAh; Mode: 1 ] RAW: [90 00 2F 00 01 86 A0 01] DLC: 8
[2025-10-20 22:12:40.283] [ UPS, Battery U: 14.4 V; I: 49 mA; SOC: 100000 mAh; Mode: 1 ] RAW: [90 00 31 00 01 86 A0 01] DLC: 8
[2025-10-20 22:12:44.276] [ UPS, Battery U: 14.4 V; I: 46 mA; SOC: 100000 mAh; Mode: 1 ] RAW: [90 00 2E 00 01 86 A0 01] DLC: 8
[2025-10-20 22:12:48.269] [ UPS, Battery U: 14.4 V; I: 47 mA; SOC: 100000 mAh; Mode: 1 ] RAW: [90 00 2F 00 01 86 A0 01] DLC: 8
[2025-10-20 22:12:52.261] [ UPS, Battery U: 14.4 V; I: 47 mA; SOC: 100000 mAh; Mode: 1 ] RAW: [90 00 2F 00 01 86 A0 01] DLC: 8
[2025-10-20 22:12:56.253] [ UPS, Battery U: 14.4 V; I: 47 mA; SOC: 100000 mAh; Mode: 1 ] RAW: [90 00 2F 00 01 86 A0 01] DLC: 8
[2025-10-20 22:13:00.245] [ UPS, Battery U: 14.4 V; I: 46 mA; SOC: 100000 mAh; Mode: 1 ] RAW: [90 00 2E 00 01 86 A0 01] DLC: 8
[2025-10-20 22:13:04.237] [ UPS, Battery U: 14.4 V; I: 47 mA; SOC: 100000 mAh; Mode: 1 ] RAW: [90 00 2F 00 01 86 A0 01] DLC: 8
[2025-10-20 22:13:08.216] [ UPS, Battery U: 14.4 V; I: 46 mA; SOC: 100000 mAh; Mode: 1 ] RAW: [90 00 2E 00 01 86 A0 01] DLC: 8
[2025-10-20 22:13:12.220] [ UPS, Battery U: 14.4 V; I: 47 mA; SOC: 100000 mAh; Mode: 1 ] RAW: [90 00 2F 00 01 86 A0 01] DLC: 8
[2025-10-20 22:13:16.210] [ UPS, Battery U: 14.4 V; I: 47 mA; SOC: 100000 mAh; Mode: 1 ] RAW: [90 00 2F 00 01 86 A0 01] DLC: 8
[2025-10-20 22:13:20.194] [ UPS, Battery U: 14.4 V; I: 47 mA; SOC: 100000 mAh; Mode: 1 ] RAW: [90 00 2F 00 01 86 A0 01] DLC: 8
[2025-10-20 22:13:24.196] [ UPS, Battery U: 14.4 V; I: 47 mA; SOC: 100000 mAh; Mode: 1 ] RAW: [90 00 2F 00 01 86 A0 01] DLC: 8
[2025-10-20 22:13:28.187] [ UPS, Battery U: 14.4 V; I: 49 mA; SOC: 100000 mAh; Mode: 1 ] RAW: [90 00 31 00 01 86 A0 01] DLC: 8
[2025-10-20 22:13:32.179] [ UPS, Battery U: 14.4 V; I: 46 mA; SOC: 100000 mAh; Mode: 1 ] RAW: [90 00 2E 00 01 86 A0 01] DLC: 8
[2025-10-20 22:13:36.169] [ UPS, Battery U: 14.4 V; I: 46 mA; SOC: 100000 mAh; Mode: 1 ] RAW: [90 00 2E 00 01 86 A0 01] DLC: 8
[2025-10-20 22:13:40.163] [ UPS, Battery U: 14.4 V; I: 47 mA; SOC: 100000 mAh; Mode: 1 ] RAW: [90 00 2F 00 01 86 A0 01] DLC: 8
[2025-10-20 22:13:44.155] [ UPS, Battery U: 14.4 V; I: 47 mA; SOC: 100000 mAh; Mode: 1 ] RAW: [90 00 2F 00 01 86 A0 01] DLC: 8
[2025-10-20 22:13:48.146] [ UPS, Battery U: 14.4 V; I: 46 mA; SOC: 100000 mAh; Mode: 1 ] RAW: [90 00 2E 00 01 86 A0 01] DLC: 8
[2025-10-20 22:13:52.137] [ UPS, Battery U: 14.4 V; I: 47 mA; SOC: 100000 mAh; Mode: 1 ] RAW: [90 00 2F 00 01 86 A0 01] DLC: 8
[2025-10-20 22:13:56.128] [ UPS, Battery U: 14.4 V; I: 47 mA; SOC: 100000 mAh; Mode: 1 ] RAW: [90 00 2F 00 01 86 A0 01] DLC: 8
[2025-10-20 22:14:00.120] [ UPS, Battery U: 14.4 V; I: 49 mA; SOC: 100000 mAh; Mode: 1 ] RAW: [90 00 31 00 01 86 A0 01] DLC: 8
[2025-10-20 22:14:04.112] [ UPS, Battery U: 14.4 V; I: 45 mA; SOC: 100000 mAh; Mode: 1 ] RAW: [90 00 2D 00 01 86 A0 01] DLC: 8
[2025-10-20 22:14:08.103] [ UPS, Battery U: 14.4 V; I: 47 mA; SOC: 100000 mAh; Mode: 1 ] RAW: [90 00 2F 00 01 86 A0 01] DLC: 8
[2025-10-20 22:14:12.096] [ UPS, Battery U: 14.4 V; I: 47 mA; SOC: 100000 mAh; Mode: 1 ] RAW: [90 00 2F 00 01 86 A0 01] DLC: 8
[2025-10-20 22:14:16.087] [ UPS, Battery U: 14.4 V; I: 47 mA; SOC: 100000 mAh; Mode: 1 ] RAW: [90 00 2F 00 01 86 A0 01] DLC: 8
[2025-10-20 22:14:20.079] [ UPS, Battery U: 14.4 V; I: 46 mA; SOC: 100000 mAh; Mode: 1 ] RAW: [90 00 2E 00 01 86 A0 01] DLC: 8
[2025-10-20 22:14:24.072] [ UPS, Battery U: 14.4 V; I: 47 mA; SOC: 100000 mAh; Mode: 1 ] RAW: [90 00 2F 00 01 86 A0 01] DLC: 8
[2025-10-20 22:14:28.064] [ UPS, Battery U: 14.4 V; I: 47 mA; SOC: 100000 mAh; Mode: 1 ] RAW: [90 00 2F 00 01 86 A0 01] DLC: 8
[2025-10-20 22:14:32.056] [ UPS, Battery U: 14.4 V; I: 47 mA; SOC: 100000 mAh; Mode: 1 ] RAW: [90 00 2F 00 01 86 A0 01] DLC: 8
[2025-10-20 22:14:36.048] [ UPS, Battery U: 14.4 V; I: 46 mA; SOC: 100000 mAh; Mode: 1 ] RAW: [90 00 2E 00 01 86 A0 01] DLC: 8
[2025-10-20 22:14:40.040] [ UPS, Battery U: 14.4 V; I: 47 mA; SOC: 100000 mAh; Mode: 1 ] RAW: [90 00 2F 00 01 86 A0 01] DLC: 8
[2025-10-20 22:14:44.032] [ UPS, Battery U: 14.4 V; I: 46 mA; SOC: 100000 mAh; Mode: 1 ] RAW: [90 00 2E 00 01 86 A0 01] DLC: 8
[2025-10-20 22:14:48.024] [ UPS, Battery U: 14.4 V; I: 47 mA; SOC: 100000 mAh; Mode: 1 ] RAW: [90 00 2F 00 01 86 A0 01] DLC: 8
[2025-10-20 22:14:52.016] [ UPS, Battery U: 14.4 V; I: 46 mA; SOC: 100000 mAh; Mode: 1 ] RAW: [90 00 2E 00 01 86 A0 01] DLC: 8
[2025-10-20 22:14:56.008] [ UPS, Battery U: 14.4 V; I: 46 mA; SOC: 100000 mAh; Mode: 1 ] RAW: [90 00 2E 00 01 86 A0 01] DLC: 8
[2025-10-20 22:14:59.999] [ UPS, Battery U: 14.4 V; I: 46 mA; SOC: 100000 mAh; Mode: 1 ] RAW: [90 00 2E 00 01 86 A0 01] DLC: 8
[2025-10-20 22:15:03.990] [ UPS, Battery U: 14.4 V; I: 49 mA; SOC: 100000 mAh; Mode: 1 ] RAW: [90 00 31 00 01 86 A0 01] DLC: 8
[2025-10-20 22:15:07.982] [ UPS, Battery U: 14.4 V; I: 47 mA; SOC: 100000 mAh; Mode: 1 ] RAW: [90 00 2F 00 01 86 A0 01] DLC: 8
[2025-10-20 22:15:11.974] [ UPS, Battery U: 14.4 V; I: 46 mA; SOC: 100000 mAh; Mode: 1 ] RAW: [90 00 2E 00 01 86 A0 01] DLC: 8
[2025-10-20 22:15:15.968] [ UPS, Battery U: 14.4 V; I: 47 mA; SOC: 100000 mAh; Mode: 1 ] RAW: [90 00 2F 00 01 86 A0 01] DLC: 8
[2025-10-20 22:15:19.960] [ UPS, Battery U: 14.4 V; I: 49 mA; SOC: 100000 mAh; Mode: 1 ] RAW: [90 00 31 00 01 86 A0 01] DLC: 8
[2025-10-20 22:15:23.951] [ UPS, Battery U: 14.4 V; I: 45 mA; SOC: 100000 mAh; Mode: 1 ] RAW: [90 00 2D 00 01 86 A0 01] DLC: 8
[2025-10-20 22:15:27.943] [ UPS, Battery U: 14.4 V; I: 49 mA; SOC: 100000 mAh; Mode: 1 ] RAW: [90 00 31 00 01 86 A0 01] DLC: 8
[2025-10-20 22:15:31.936] [ UPS, Battery U: 14.4 V; I: 47 mA; SOC: 100000 mAh; Mode: 1 ] RAW: [90 00 2F 00 01 86 A0 01] DLC: 8
[2025-10-20 22:15:35.928] [ UPS, Battery U: 14.4 V; I: 47 mA; SOC: 100000 mAh; Mode: 1 ] RAW: [90 00 2F 00 01 86 A0 01] DLC: 8
[2025-10-20 22:15:39.920] [ UPS, Battery U: 14.4 V; I: 45 mA; SOC: 100000 mAh; Mode: 1 ] RAW: [90 00 2D 00 01 86 A0 01] DLC: 8
[2025-10-20 22:15:43.913] [ UPS, Battery U: 14.4 V; I: 46 mA; SOC: 100000 mAh; Mode: 1 ] RAW: [90 00 2E 00 01 86 A0 01] DLC: 8
[2025-10-20 22:15:47.905] [ UPS, Battery U: 14.4 V; I: 47 mA; SOC: 100000 mAh; Mode: 1 ] RAW: [90 00 2F 00 01 86 A0 01] DLC: 8
[2025-10-20 22:15:51.897] [ UPS, Battery U: 14.4 V; I: 47 mA; SOC: 100000 mAh; Mode: 1 ] RAW: [90 00 2F 00 01 86 A0 01] DLC: 8
[2025-10-20 22:15:55.890] [ UPS, Battery U: 14.4 V; I: 45 mA; SOC: 100000 mAh; Mode: 1 ] RAW: [90 00 2D 00 01 86 A0 01] DLC: 8
[2025-10-20 22:15:59.883] [ UPS, Battery U: 14.4 V; I: 47 mA; SOC: 100000 mAh; Mode: 1 ] RAW: [90 00 2F 00 01 86 A0 01] DLC: 8
[2025-10-20 22:16:03.874] [ UPS, Battery U: 14.4 V; I: 46 mA; SOC: 100000 mAh; Mode: 1 ] RAW: [90 00 2E 00 01 86 A0 01] DLC: 8
[2025-10-20 22:16:07.867] [ UPS, Battery U: 14.4 V; I: 47 mA; SOC: 100000 mAh; Mode: 1 ] RAW: [90 00 2F 00 01 86 A0 01] DLC: 8
[2025-10-20 22:16:11.860] [ UPS, Battery U: 14.4 V; I: 45 mA; SOC: 100000 mAh; Mode: 1 ] RAW: [90 00 2D 00 01 86 A0 01] DLC: 8
[2025-10-20 22:16:15.852] [ UPS, Battery U: 14.4 V; I: 47 mA; SOC: 100000 mAh; Mode: 1 ] RAW: [90 00 2F 00 01 86 A0 01] DLC: 8
[2025-10-20 22:16:19.845] [ UPS, Battery U: 14.4 V; I: 46 mA; SOC: 100000 mAh; Mode: 1 ] RAW: [90 00 2E 00 01 86 A0 01] DLC: 8
[2025-10-20 22:16:23.837] [ UPS, Battery U: 14.4 V; I: 47 mA; SOC: 100000 mAh; Mode: 1 ] RAW: [90 00 2F 00 01 86 A0 01] DLC: 8
[2025-10-20 22:16:27.829] [ UPS, Battery U: 14.4 V; I: 46 mA; SOC: 100000 mAh; Mode: 1 ] RAW: [90 00 2E 00 01 86 A0 01] DLC: 8
[2025-10-20 22:16:31.822] [ UPS, Battery U: 14.4 V; I: 46 mA; SOC: 100000 mAh; Mode: 1 ] RAW: [90 00 2E 00 01 86 A0 01] DLC: 8
[2025-10-20 22:16:35.816] [ UPS, Battery U: 14.4 V; I: 45 mA; SOC: 100000 mAh; Mode: 1 ] RAW: [90 00 2D 00 01 86 A0 01] DLC: 8
[2025-10-20 22:16:39.806] [ UPS, Battery U: 14.4 V; I: 47 mA; SOC: 100000 mAh; Mode: 1 ] RAW: [90 00 2F 00 01 86 A0 01] DLC: 8
[2025-10-20 22:16:43.797] [ UPS, Battery U: 14.4 V; I: 44 mA; SOC: 100000 mAh; Mode: 1 ] RAW: [90 00 2C 00 01 86 A0 01] DLC: 8
[2025-10-20 22:16:47.788] [ UPS, Battery U: 14.4 V; I: 46 mA; SOC: 100000 mAh; Mode: 1 ] RAW: [90 00 2E 00 01 86 A0 01] DLC: 8
[2025-10-20 22:16:51.777] [ UPS, Battery U: 14.4 V; I: 47 mA; SOC: 100000 mAh; Mode: 1 ] RAW: [90 00 2F 00 01 86 A0 01] DLC: 8
[2025-10-20 22:16:55.769] [ UPS, Battery U: 14.4 V; I: 47 mA; SOC: 100000 mAh; Mode: 1 ] RAW: [90 00 2F 00 01 86 A0 01] DLC: 8
[2025-10-20 22:16:59.760] [ UPS, Battery U: 14.4 V; I: 46 mA; SOC: 100000 mAh; Mode: 1 ] RAW: [90 00 2E 00 01 86 A0 01] DLC: 8
[2025-10-20 22:17:03.751] [ UPS, Battery U: 14.4 V; I: 47 mA; SOC: 100000 mAh; Mode: 1 ] RAW: [90 00 2F 00 01 86 A0 01] DLC: 8
[2025-10-20 22:17:07.743] [ UPS, Battery U: 14.4 V; I: 47 mA; SOC: 100000 mAh; Mode: 1 ] RAW: [90 00 2F 00 01 86 A0 01] DLC: 8
[2025-10-20 22:17:11.733] [ UPS, Battery U: 14.4 V; I: 46 mA; SOC: 100000 mAh; Mode: 1 ] RAW: [90 00 2E 00 01 86 A0 01] DLC: 8
[2025-10-20 22:17:15.723] [ UPS, Battery U: 14.4 V; I: 44 mA; SOC: 100000 mAh; Mode: 1 ] RAW: [90 00 2C 00 01 86 A0 01] DLC: 8
[2025-10-20 22:17:19.713] [ UPS, Battery U: 14.4 V; I: 46 mA; SOC: 100000 mAh; Mode: 1 ] RAW: [90 00 2E 00 01 86 A0 01] DLC: 8
[2025-10-20 22:17:23.703] [ UPS, Battery U: 14.4 V; I: 45 mA; SOC: 100000 mAh; Mode: 1 ] RAW: [90 00 2D 00 01 86 A0 01] DLC: 8
[2025-10-20 22:17:27.693] [ UPS, Battery U: 14.4 V; I: 46 mA; SOC: 100000 mAh; Mode: 1 ] RAW: [90 00 2E 00 01 86 A0 01] DLC: 8
[2025-10-20 22:17:31.683] [ UPS, Battery U: 14.4 V; I: 45 mA; SOC: 100000 mAh; Mode: 1 ] RAW: [90 00 2D 00 01 86 A0 01] DLC: 8
[2025-10-20 22:17:35.674] [ UPS, Battery U: 14.4 V; I: 46 mA; SOC: 100000 mAh; Mode: 1 ] RAW: [90 00 2E 00 01 86 A0 01] DLC: 8
[2025-10-20 22:17:39.666] [ UPS, Battery U: 14.4 V; I: 46 mA; SOC: 100000 mAh; Mode: 1 ] RAW: [90 00 2E 00 01 86 A0 01] DLC: 8
[2025-10-20 22:17:43.657] [ UPS, Battery U: 14.4 V; I: 46 mA; SOC: 100000 mAh; Mode: 1 ] RAW: [90 00 2E 00 01 86 A0 01] DLC: 8
[2025-10-20 22:17:47.650] [ UPS, Battery U: 14.4 V; I: 46 mA; SOC: 100000 mAh; Mode: 1 ] RAW: [90 00 2E 00 01 86 A0 01] DLC: 8
[2025-10-20 22:17:51.642] [ UPS, Battery U: 14.4 V; I: 46 mA; SOC: 100000 mAh; Mode: 1 ] RAW: [90 00 2E 00 01 86 A0 01] DLC: 8
[2025-10-20 22:17:55.633] [ UPS, Battery U: 14.4 V; I: 46 mA; SOC: 100000 mAh; Mode: 1 ] RAW: [90 00 2E 00 01 86 A0 01] DLC: 8
[2025-10-20 22:17:59.627] [ UPS, Battery U: 14.4 V; I: 47 mA; SOC: 100000 mAh; Mode: 1 ] RAW: [90 00 2F 00 01 86 A0 01] DLC: 8
[2025-10-20 22:18:03.617] [ UPS, Battery U: 14.4 V; I: 45 mA; SOC: 100000 mAh; Mode: 1 ] RAW: [90 00 2D 00 01 86 A0 01] DLC: 8
[2025-10-20 22:18:07.608] [ UPS, Battery U: 14.4 V; I: 46 mA; SOC: 100000 mAh; Mode: 1 ] RAW: [90 00 2E 00 01 86 A0 01] DLC: 8
[2025-10-20 22:18:11.597] [ UPS, Battery U: 14.4 V; I: 46 mA; SOC: 100000 mAh; Mode: 1 ] RAW: [90 00 2E 00 01 86 A0 01] DLC: 8
[2025-10-20 22:18:15.587] [ UPS, Battery U: 14.4 V; I: 47 mA; SOC: 100000 mAh; Mode: 1 ] RAW: [90 00 2F 00 01 86 A0 01] DLC: 8
[2025-10-20 22:18:19.576] [ UPS, Battery U: 14.4 V; I: 45 mA; SOC: 100000 mAh; Mode: 1 ] RAW: [90 00 2D 00 01 86 A0 01] DLC: 8
[2025-10-20 22:18:23.567] [ UPS, Battery U: 14.4 V; I: 46 mA; SOC: 100000 mAh; Mode: 1 ] RAW: [90 00 2E 00 01 86 A0 01] DLC: 8
[2025-10-20 22:18:27.557] [ UPS, Battery U: 14.4 V; I: 46 mA; SOC: 100000 mAh; Mode: 1 ] RAW: [90 00 2E 00 01 86 A0 01] DLC: 8
[2025-10-20 22:18:31.546] [ UPS, Battery U: 14.4 V; I: 46 mA; SOC: 100000 mAh; Mode: 1 ] RAW: [90 00 2E 00 01 86 A0 01] DLC: 8
[2025-10-20 22:18:35.536] [ UPS, Battery U: 14.4 V; I: 45 mA; SOC: 100000 mAh; Mode: 1 ] RAW: [90 00 2D 00 01 86 A0 01] DLC: 8
[2025-10-20 22:18:39.525] [ UPS, Battery U: 14.4 V; I: 46 mA; SOC: 100000 mAh; Mode: 1 ] RAW: [90 00 2E 00 01 86 A0 01] DLC: 8
[2025-10-20 22:18:43.515] [ UPS, Battery U: 14.4 V; I: 46 mA; SOC: 100000 mAh; Mode: 1 ] RAW: [90 00 2E 00 01 86 A0 01] DLC: 8
[2025-10-20 22:18:47.505] [ UPS, Battery U: 14.4 V; I: 47 mA; SOC: 100000 mAh; Mode: 1 ] RAW: [90 00 2F 00 01 86 A0 01] DLC: 8
[2025-10-20 22:18:51.496] [ UPS, Battery U: 14.4 V; I: 45 mA; SOC: 100000 mAh; Mode: 1 ] RAW: [90 00 2D 00 01 86 A0 01] DLC: 8
[2025-10-20 22:18:55.486] [ UPS, Battery U: 14.4 V; I: 46 mA; SOC: 100000 mAh; Mode: 1 ] RAW: [90 00 2E 00 01 86 A0 01] DLC: 8
[2025-10-20 22:18:59.477] [ UPS, Battery U: 14.4 V; I: 46 mA; SOC: 100000 mAh; Mode: 1 ] RAW: [90 00 2E 00 01 86 A0 01] DLC: 8
[2025-10-20 22:19:03.467] [ UPS, Battery U: 14.4 V; I: 46 mA; SOC: 100000 mAh; Mode: 1 ] RAW: [90 00 2E 00 01 86 A0 01] DLC: 8
[2025-10-20 22:19:07.458] [ UPS, Battery U: 14.4 V; I: 45 mA; SOC: 100000 mAh; Mode: 1 ] RAW: [90 00 2D 00 01 86 A0 01] DLC: 8
[2025-10-20 22:19:11.447] [ UPS, Battery U: 14.4 V; I: 46 mA; SOC: 100000 mAh; Mode: 1 ] RAW: [90 00 2E 00 01 86 A0 01] DLC: 8
[2025-10-20 22:19:15.439] [ UPS, Battery U: 14.4 V; I: 45 mA; SOC: 100000 mAh; Mode: 1 ] RAW: [90 00 2D 00 01 86 A0 01] DLC: 8
[2025-10-20 22:19:19.428] [ UPS, Battery U: 14.4 V; I: 46 mA; SOC: 100000 mAh; Mode: 1 ] RAW: [90 00 2E 00 01 86 A0 01] DLC: 8
[2025-10-20 22:19:23.418] [ UPS, Battery U: 14.4 V; I: 45 mA; SOC: 100000 mAh; Mode: 1 ] RAW: [90 00 2D 00 01 86 A0 01] DLC: 8
[2025-10-20 22:19:27.409] [ UPS, Battery U: 14.4 V; I: 45 mA; SOC: 100000 mAh; Mode: 1 ] RAW: [90 00 2D 00 01 86 A0 01] DLC: 8
[2025-10-20 22:19:31.398] [ UPS, Battery U: 14.4 V; I: 46 mA; SOC: 100000 mAh; Mode: 1 ] RAW: [90 00 2E 00 01 86 A0 01] DLC: 8
[2025-10-20 22:19:35.387] [ UPS, Battery U: 14.4 V; I: 47 mA; SOC: 100000 mAh; Mode: 1 ] RAW: [90 00 2F 00 01 86 A0 01] DLC: 8
[2025-10-20 22:19:39.378] [ UPS, Battery U: 14.4 V; I: 45 mA; SOC: 100000 mAh; Mode: 1 ] RAW: [90 00 2D 00 01 86 A0 01] DLC: 8
[2025-10-20 22:19:43.367] [ UPS, Battery U: 14.4 V; I: 46 mA; SOC: 100000 mAh; Mode: 1 ] RAW: [90 00 2E 00 01 86 A0 01] DLC: 8
[2025-10-20 22:19:47.357] [ UPS, Battery U: 14.4 V; I: 46 mA; SOC: 100000 mAh; Mode: 1 ] RAW: [90 00 2E 00 01 86 A0 01] DLC: 8
[2025-10-20 22:19:51.346] [ UPS, Battery U: 14.4 V; I: 47 mA; SOC: 100000 mAh; Mode: 1 ] RAW: [90 00 2F 00 01 86 A0 01] DLC: 8
[2025-10-20 22:19:55.337] [ UPS, Battery U: 14.4 V; I: 45 mA; SOC: 100000 mAh; Mode: 1 ] RAW: [90 00 2D 00 01 86 A0 01] DLC: 8
[2025-10-20 22:19:59.326] [ UPS, Battery U: 14.4 V; I: 46 mA; SOC: 100000 mAh; Mode: 1 ] RAW: [90 00 2E 00 01 86 A0 01] DLC: 8
[2025-10-20 22:20:03.320] [ UPS, Battery U: 14.4 V; I: 46 mA; SOC: 100000 mAh; Mode: 1 ] RAW: [90 00 2E 00 01 86 A0 01] DLC: 8
[2025-10-20 22:20:07.313] [ UPS, Battery U: 14.4 V; I: 47 mA; SOC: 100000 mAh; Mode: 1 ] RAW: [90 00 2F 00 01 86 A0 01] DLC: 8
[2025-10-20 22:20:11.306] [ UPS, Battery U: 14.4 V; I: 45 mA; SOC: 100000 mAh; Mode: 1 ] RAW: [90 00 2D 00 01 86 A0 01] DLC: 8
[2025-10-20 22:20:15.299] [ UPS, Battery U: 14.4 V; I: 46 mA; SOC: 100000 mAh; Mode: 1 ] RAW: [90 00 2E 00 01 86 A0 01] DLC: 8
[2025-10-20 22:20:19.292] [ UPS, Battery U: 14.4 V; I: 46 mA; SOC: 100000 mAh; Mode: 1 ] RAW: [90 00 2E 00 01 86 A0 01] DLC: 8
[2025-10-20 22:20:23.287] [ UPS, Battery U: 14.4 V; I: 47 mA; SOC: 100000 mAh; Mode: 1 ] RAW: [90 00 2F 00 01 86 A0 01] DLC: 8
[2025-10-20 22:20:27.279] [ UPS, Battery U: 14.4 V; I: 45 mA; SOC: 100000 mAh; Mode: 1 ] RAW: [90 00 2D 00 01 86 A0 01] DLC: 8
[2025-10-20 22:20:31.272] [ UPS, Battery U: 14.4 V; I: 47 mA; SOC: 100000 mAh; Mode: 1 ] RAW: [90 00 2F 00 01 86 A0 01] DLC: 8
[2025-10-20 22:20:35.266] [ UPS, Battery U: 14.4 V; I: 47 mA; SOC: 100000 mAh; Mode: 1 ] RAW: [90 00 2F 00 01 86 A0 01] DLC: 8
[2025-10-20 22:20:39.259] [ UPS, Battery U: 14.4 V; I: 47 mA; SOC: 100000 mAh; Mode: 1 ] RAW: [90 00 2F 00 01 86 A0 01] DLC: 8
[2025-10-20 22:20:43.251] [ UPS, Battery U: 14.4 V; I: 45 mA; SOC: 100000 mAh; Mode: 1 ] RAW: [90 00 2D 00 01 86 A0 01] DLC: 8
[2025-10-20 22:20:47.244] [ UPS, Battery U: 14.4 V; I: 46 mA; SOC: 100000 mAh; Mode: 1 ] RAW: [90 00 2E 00 01 86 A0 01] DLC: 8
[2025-10-20 22:20:51.236] [ UPS, Battery U: 14.4 V; I: 46 mA; SOC: 100000 mAh; Mode: 1 ] RAW: [90 00 2E 00 01 86 A0 01] DLC: 8
[2025-10-20 22:20:55.230] [ UPS, Battery U: 14.4 V; I: 47 mA; SOC: 100000 mAh; Mode: 1 ] RAW: [90 00 2F 00 01 86 A0 01] DLC: 8
[2025-10-20 22:20:59.222] [ UPS, Battery U: 14.4 V; I: 45 mA; SOC: 100000 mAh; Mode: 1 ] RAW: [90 00 2D 00 01 86 A0 01] DLC: 8
[2025-10-20 22:21:03.213] [ UPS, Battery U: 14.4 V; I: 46 mA; SOC: 100000 mAh; Mode: 1 ] RAW: [90 00 2E 00 01 86 A0 01] DLC: 8
[2025-10-20 22:21:07.206] [ UPS, Battery U: 14.4 V; I: 46 mA; SOC: 100000 mAh; Mode: 1 ] RAW: [90 00 2E 00 01 86 A0 01] DLC: 8
[2025-10-20 22:21:11.198] [ UPS, Battery U: 14.4 V; I: 47 mA; SOC: 100000 mAh; Mode: 1 ] RAW: [90 00 2F 00 01 86 A0 01] DLC: 8
[2025-10-20 22:21:15.189] [ UPS, Battery U: 14.4 V; I: 45 mA; SOC: 100000 mAh; Mode: 1 ] RAW: [90 00 2D 00 01 86 A0 01] DLC: 8
[2025-10-20 22:21:19.181] [ UPS, Battery U: 14.4 V; I: 46 mA; SOC: 100000 mAh; Mode: 1 ] RAW: [90 00 2E 00 01 86 A0 01] DLC: 8
[2025-10-20 22:21:23.170] [ UPS, Battery U: 14.4 V; I: 46 mA; SOC: 100000 mAh; Mode: 1 ] RAW: [90 00 2E 00 01 86 A0 01] DLC: 8
[2025-10-20 22:21:27.162] [ UPS, Battery U: 14.4 V; I: 47 mA; SOC: 100000 mAh; Mode: 1 ] RAW: [90 00 2F 00 01 86 A0 01] DLC: 8
[2025-10-20 22:21:31.150] [ UPS, Battery U: 14.4 V; I: 45 mA; SOC: 100000 mAh; Mode: 1 ] RAW: [90 00 2D 00 01 86 A0 01] DLC: 8
[2025-10-20 22:21:35.138] [ UPS, Battery U: 14.4 V; I: 46 mA; SOC: 100000 mAh; Mode: 1 ] RAW: [90 00 2E 00 01 86 A0 01] DLC: 8
[2025-10-20 22:21:39.128] [ UPS, Battery U: 14.4 V; I: 46 mA; SOC: 100000 mAh; Mode: 1 ] RAW: [90 00 2E 00 01 86 A0 01] DLC: 8
[2025-10-20 22:21:43.118] [ UPS, Battery U: 14.4 V; I: 47 mA; SOC: 100000 mAh; Mode: 1 ] RAW: [90 00 2F 00 01 86 A0 01] DLC: 8
[2025-10-20 22:21:47.109] [ UPS, Battery U: 14.4 V; I: 45 mA; SOC: 100000 mAh; Mode: 1 ] RAW: [90 00 2D 00 01 86 A0 01] DLC: 8
[2025-10-20 22:21:51.098] [ UPS, Battery U: 14.4 V; I: 46 mA; SOC: 100000 mAh; Mode: 1 ] RAW: [90 00 2E 00 01 86 A0 01] DLC: 8
[2025-10-20 22:21:55.089] [ UPS, Battery U: 14.4 V; I: 46 mA; SOC: 100000 mAh; Mode: 1 ] RAW: [90 00 2E 00 01 86 A0 01] DLC: 8
[2025-10-20 22:21:59.079] [ UPS, Battery U: 14.4 V; I: 47 mA; SOC: 100000 mAh; Mode: 1 ] RAW: [90 00 2F 00 01 86 A0 01] DLC: 8
[2025-10-20 22:22:03.070] [ UPS, Battery U: 14.4 V; I: 45 mA; SOC: 100000 mAh; Mode: 1 ] RAW: [90 00 2D 00 01 86 A0 01] DLC: 8
[2025-10-20 22:22:07.060] [ UPS, Battery U: 14.4 V; I: 46 mA; SOC: 100000 mAh; Mode: 1 ] RAW: [90 00 2E 00 01 86 A0 01] DLC: 8
[2025-10-20 22:22:11.053] [ UPS, Battery U: 14.4 V; I: 47 mA; SOC: 100000 mAh; Mode: 1 ] RAW: [90 00 2F 00 01 86 A0 01] DLC: 8
[2025-10-20 22:22:15.039] [ UPS, Battery U: 14.4 V; I: 46 mA; SOC: 100000 mAh; Mode: 1 ] RAW: [90 00 2E 00 01 86 A0 01] DLC: 8
[2025-10-20 22:22:19.029] [ UPS, Battery U: 14.4 V; I: 45 mA; SOC: 100000 mAh; Mode: 1 ] RAW: [90 00 2D 00 01 86 A0 01] DLC: 8
[2025-10-20 22:22:23.021] [ UPS, Battery U: 14.4 V; I: 47 mA; SOC: 100000 mAh; Mode: 1 ] RAW: [90 00 2F 00 01 86 A0 01] DLC: 8
[2025-10-20 22:22:27.012] [ UPS, Battery U: 14.4 V; I: 46 mA; SOC: 100000 mAh; Mode: 1 ] RAW: [90 00 2E 00 01 86 A0 01] DLC: 8
[2025-10-20 22:22:31.005] [ UPS, Battery U: 14.4 V; I: 46 mA; SOC: 100000 mAh; Mode: 1 ] RAW: [90 00 2E 00 01 86 A0 01] DLC: 8
[2025-10-20 22:22:34.997] [ UPS, Battery U: 14.4 V; I: 45 mA; SOC: 100000 mAh; Mode: 1 ] RAW: [90 00 2D 00 01 86 A0 01] DLC: 8
[2025-10-20 22:22:38.989] [ UPS, Battery U: 14.4 V; I: 46 mA; SOC: 100000 mAh; Mode: 1 ] RAW: [90 00 2E 00 01 86 A0 01] DLC: 8
[2025-10-20 22:22:42.980] [ UPS, Battery U: 14.4 V; I: 46 mA; SOC: 100000 mAh; Mode: 1 ] RAW: [90 00 2E 00 01 86 A0 01] DLC: 8
[2025-10-20 22:22:46.974] [ UPS, Battery U: 14.4 V; I: 47 mA; SOC: 100000 mAh; Mode: 1 ] RAW: [90 00 2F 00 01 86 A0 01] DLC: 8
[2025-10-20 22:22:50.963] [ UPS, Battery U: 14.4 V; I: 45 mA; SOC: 100000 mAh; Mode: 1 ] RAW: [90 00 2D 00 01 86 A0 01] DLC: 8
[2025-10-20 22:22:54.953] [ UPS, Battery U: 14.4 V; I: 46 mA; SOC: 100000 mAh; Mode: 1 ] RAW: [90 00 2E 00 01 86 A0 01] DLC: 8
[2025-10-20 22:22:58.942] [ UPS, Battery U: 14.4 V; I: 50 mA; SOC: 100000 mAh; Mode: 1 ] RAW: [90 00 32 00 01 86 A0 01] DLC: 8
[2025-10-20 22:23:02.930] [ UPS, Battery U: 14.4 V; I: 47 mA; SOC: 100000 mAh; Mode: 1 ] RAW: [90 00 2F 00 01 86 A0 01] DLC: 8
[2025-10-20 22:23:06.920] [ UPS, Battery U: 14.4 V; I: 45 mA; SOC: 100000 mAh; Mode: 1 ] RAW: [90 00 2D 00 01 86 A0 01] DLC: 8
[2025-10-20 22:23:10.911] [ UPS, Battery U: 14.4 V; I: 47 mA; SOC: 100000 mAh; Mode: 1 ] RAW: [90 00 2F 00 01 86 A0 01] DLC: 8
[2025-10-20 22:23:14.901] [ UPS, Battery U: 14.4 V; I: 45 mA; SOC: 100000 mAh; Mode: 1 ] RAW: [90 00 2D 00 01 86 A0 01] DLC: 8
[2025-10-20 22:23:18.890] [ UPS, Battery U: 14.4 V; I: 45 mA; SOC: 100000 mAh; Mode: 1 ] RAW: [90 00 2D 00 01 86 A0 01] DLC: 8
[2025-10-20 22:23:22.881] [ UPS, Battery U: 14.4 V; I: 44 mA; SOC: 100000 mAh; Mode: 1 ] RAW: [90 00 2C 00 01 86 A0 01] DLC: 8
[2025-10-20 22:23:26.871] [ UPS, Battery U: 14.4 V; I: 45 mA; SOC: 100000 mAh; Mode: 1 ] RAW: [90 00 2D 00 01 86 A0 01] DLC: 8
[2025-10-20 22:23:30.860] [ UPS, Battery U: 14.4 V; I: 46 mA; SOC: 100000 mAh; Mode: 1 ] RAW: [90 00 2E 00 01 86 A0 01] DLC: 8
[2025-10-20 22:23:34.850] [ UPS, Battery U: 14.4 V; I: 47 mA; SOC: 100000 mAh; Mode: 1 ] RAW: [90 00 2F 00 01 86 A0 01] DLC: 8
[2025-10-20 22:23:38.841] [ UPS, Battery U: 14.4 V; I: 45 mA; SOC: 100000 mAh; Mode: 1 ] RAW: [90 00 2D 00 01 86 A0 01] DLC: 8
[2025-10-20 22:23:42.829] [ UPS, Battery U: 14.4 V; I: 47 mA; SOC: 100000 mAh; Mode: 1 ] RAW: [90 00 2F 00 01 86 A0 01] DLC: 8
[2025-10-20 22:23:46.819] [ UPS, Battery U: 14.4 V; I: 46 mA; SOC: 100000 mAh; Mode: 1 ] RAW: [90 00 2E 00 01 86 A0 01] DLC: 8
[2025-10-20 22:23:50.810] [ UPS, Battery U: 14.4 V; I: 47 mA; SOC: 100000 mAh; Mode: 1 ] RAW: [90 00 2F 00 01 86 A0 01] DLC: 8
[2025-10-20 22:23:54.798] [ UPS, Battery U: 14.4 V; I: 45 mA; SOC: 100000 mAh; Mode: 1 ] RAW: [90 00 2D 00 01 86 A0 01] DLC: 8
[2025-10-20 22:23:58.790] [ UPS, Battery U: 14.4 V; I: 46 mA; SOC: 100000 mAh; Mode: 1 ] RAW: [90 00 2E 00 01 86 A0 01] DLC: 8
[2025-10-20 22:24:02.780] [ UPS, Battery U: 14.4 V; I: 47 mA; SOC: 100000 mAh; Mode: 1 ] RAW: [90 00 2F 00 01 86 A0 01] DLC: 8
[2025-10-20 22:24:06.771] [ UPS, Battery U: 14.4 V; I: 47 mA; SOC: 100000 mAh; Mode: 1 ] RAW: [90 00 2F 00 01 86 A0 01] DLC: 8
[2025-10-20 22:24:10.762] [ UPS, Battery U: 14.4 V; I: 45 mA; SOC: 100000 mAh; Mode: 1 ] RAW: [90 00 2D 00 01 86 A0 01] DLC: 8
[2025-10-20 22:24:14.750] [ UPS, Battery U: 14.4 V; I: 47 mA; SOC: 100000 mAh; Mode: 1 ] RAW: [90 00 2F 00 01 86 A0 01] DLC: 8
[2025-10-20 22:24:18.741] [ UPS, Battery U: 14.4 V; I: 47 mA; SOC: 100000 mAh; Mode: 1 ] RAW: [90 00 2F 00 01 86 A0 01] DLC: 8
[2025-10-20 22:24:22.731] [ UPS, Battery U: 14.4 V; I: 47 mA; SOC: 100000 mAh; Mode: 1 ] RAW: [90 00 2F 00 01 86 A0 01] DLC: 8
[2025-10-20 22:24:26.722] [ UPS, Battery U: 14.4 V; I: 45 mA; SOC: 100000 mAh; Mode: 1 ] RAW: [90 00 2D 00 01 86 A0 01] DLC: 8
[2025-10-20 22:24:30.714] [ UPS, Battery U: 14.4 V; I: 46 mA; SOC: 100000 mAh; Mode: 1 ] RAW: [90 00 2E 00 01 86 A0 01] DLC: 8
[2025-10-20 22:24:34.705] [ UPS, Battery U: 14.4 V; I: 47 mA; SOC: 100000 mAh; Mode: 1 ] RAW: [90 00 2F 00 01 86 A0 01] DLC: 8
[2025-10-20 22:24:38.696] [ UPS, Battery U: 14.4 V; I: 47 mA; SOC: 100000 mAh; Mode: 1 ] RAW: [90 00 2F 00 01 86 A0 01] DLC: 8
[2025-10-20 22:24:42.688] [ UPS, Battery U: 14.4 V; I: 45 mA; SOC: 100000 mAh; Mode: 1 ] RAW: [90 00 2D 00 01 86 A0 01] DLC: 8
[2025-10-20 22:24:46.680] [ UPS, Battery U: 14.4 V; I: 46 mA; SOC: 100000 mAh; Mode: 1 ] RAW: [90 00 2E 00 01 86 A0 01] DLC: 8
[2025-10-20 22:24:50.672] [ UPS, Battery U: 14.4 V; I: 46 mA; SOC: 100000 mAh; Mode: 1 ] RAW: [90 00 2E 00 01 86 A0 01] DLC: 8
[2025-10-20 22:24:54.665] [ UPS, Battery U: 14.4 V; I: 47 mA; SOC: 100000 mAh; Mode: 1 ] RAW: [90 00 2F 00 01 86 A0 01] DLC: 8
[2025-10-20 22:24:58.656] [ UPS, Battery U: 14.4 V; I: 45 mA; SOC: 100000 mAh; Mode: 1 ] RAW: [90 00 2D 00 01 86 A0 01] DLC: 8
[2025-10-20 22:25:02.649] [ UPS, Battery U: 14.4 V; I: 47 mA; SOC: 100000 mAh; Mode: 1 ] RAW: [90 00 2F 00 01 86 A0 01] DLC: 8
[2025-10-20 22:25:06.640] [ UPS, Battery U: 14.4 V; I: 47 mA; SOC: 100000 mAh; Mode: 1 ] RAW: [90 00 2F 00 01 86 A0 01] DLC: 8
[2025-10-20 22:25:10.634] [ UPS, Battery U: 14.4 V; I: 47 mA; SOC: 100000 mAh; Mode: 1 ] RAW: [90 00 2F 00 01 86 A0 01] DLC: 8
[2025-10-20 22:25:14.623] [ UPS, Battery U: 14.4 V; I: 46 mA; SOC: 100000 mAh; Mode: 1 ] RAW: [90 00 2E 00 01 86 A0 01] DLC: 8
[2025-10-20 22:25:18.613] [ UPS, Battery U: 14.4 V; I: 46 mA; SOC: 100000 mAh; Mode: 1 ] RAW: [90 00 2E 00 01 86 A0 01] DLC: 8
[2025-10-20 22:25:22.605] [ UPS, Battery U: 14.4 V; I: 47 mA; SOC: 100000 mAh; Mode: 1 ] RAW: [90 00 2F 00 01 86 A0 01] DLC: 8
[2025-10-20 22:25:26.595] [ UPS, Battery U: 14.4 V; I: 47 mA; SOC: 100000 mAh; Mode: 1 ] RAW: [90 00 2F 00 01 86 A0 01] DLC: 8
[2025-10-20 22:25:30.587] [ UPS, Battery U: 14.4 V; I: 45 mA; SOC: 100000 mAh; Mode: 1 ] RAW: [90 00 2D 00 01 86 A0 01] DLC: 8
[2025-10-20 22:25:34.577] [ UPS, Battery U: 14.4 V; I: 46 mA; SOC: 100000 mAh; Mode: 1 ] RAW: [90 00 2E 00 01 86 A0 01] DLC: 8
[2025-10-20 22:25:38.569] [ UPS, Battery U: 14.4 V; I: 46 mA; SOC: 100000 mAh; Mode: 1 ] RAW: [90 00 2E 00 01 86 A0 01] DLC: 8
[2025-10-20 22:25:42.560] [ UPS, Battery U: 14.4 V; I: 47 mA; SOC: 100000 mAh; Mode: 1 ] RAW: [90 00 2F 00 01 86 A0 01] DLC: 8
[2025-10-20 22:25:46.551] [ UPS, Battery U: 14.4 V; I: 45 mA; SOC: 100000 mAh; Mode: 1 ] RAW: [90 00 2D 00 01 86 A0 01] DLC: 8
[2025-10-20 22:25:50.566] [ UPS, Battery U: 14.4 V; I: 47 mA; SOC: 100000 mAh; Mode: 1 ] RAW: [90 00 2F 00 01 86 A0 01] DLC: 8
[2025-10-20 22:25:54.534] [ UPS, Battery U: 14.4 V; I: 46 mA; SOC: 100000 mAh; Mode: 1 ] RAW: [90 00 2E 00 01 86 A0 01] DLC: 8
[2025-10-20 22:25:58.522] [ UPS, Battery U: 14.4 V; I: 49 mA; SOC: 100000 mAh; Mode: 1 ] RAW: [90 00 31 00 01 86 A0 01] DLC: 8
[2025-10-20 22:26:02.512] [ UPS, Battery U: 14.4 V; I: 45 mA; SOC: 100000 mAh; Mode: 1 ] RAW: [90 00 2D 00 01 86 A0 01] DLC: 8
[2025-10-20 22:26:06.501] [ UPS, Battery U: 14.4 V; I: 46 mA; SOC: 100000 mAh; Mode: 1 ] RAW: [90 00 2E 00 01 86 A0 01] DLC: 8
[2025-10-20 22:26:10.491] [ UPS, Battery U: 14.4 V; I: 46 mA; SOC: 100000 mAh; Mode: 1 ] RAW: [90 00 2E 00 01 86 A0 01] DLC: 8
[2025-10-20 22:26:14.480] [ UPS, Battery U: 14.4 V; I: 46 mA; SOC: 100000 mAh; Mode: 1 ] RAW: [90 00 2E 00 01 86 A0 01] DLC: 8
[2025-10-20 22:26:18.469] [ UPS, Battery U: 14.4 V; I: 45 mA; SOC: 100000 mAh; Mode: 1 ] RAW: [90 00 2D 00 01 86 A0 01] DLC: 8
[2025-10-20 22:26:22.452] [ UPS, Battery U: 14.4 V; I: 46 mA; SOC: 100000 mAh; Mode: 1 ] RAW: [90 00 2E 00 01 86 A0 01] DLC: 8
[2025-10-20 22:26:26.440] [ UPS, Battery U: 14.4 V; I: 46 mA; SOC: 100000 mAh; Mode: 1 ] RAW: [90 00 2E 00 01 86 A0 01] DLC: 8
[2025-10-20 22:26:30.440] [ UPS, Battery U: 14.4 V; I: 49 mA; SOC: 100000 mAh; Mode: 1 ] RAW: [90 00 31 00 01 86 A0 01] DLC: 8
[2025-10-20 22:26:34.429] [ UPS, Battery U: 14.4 V; I: 46 mA; SOC: 100000 mAh; Mode: 1 ] RAW: [90 00 2E 00 01 86 A0 01] DLC: 8
[2025-10-20 22:26:38.420] [ UPS, Battery U: 14.4 V; I: 46 mA; SOC: 100000 mAh; Mode: 1 ] RAW: [90 00 2E 00 01 86 A0 01] DLC: 8
[2025-10-20 22:26:42.410] [ UPS, Battery U: 14.4 V; I: 46 mA; SOC: 100000 mAh; Mode: 1 ] RAW: [90 00 2E 00 01 86 A0 01] DLC: 8
[2025-10-20 22:26:46.391] [ UPS, Battery U: 14.4 V; I: 47 mA; SOC: 100000 mAh; Mode: 1 ] RAW: [90 00 2F 00 01 86 A0 01] DLC: 8
[2025-10-20 22:26:50.389] [ UPS, Battery U: 14.4 V; I: 45 mA; SOC: 100000 mAh; Mode: 1 ] RAW: [90 00 2D 00 01 86 A0 01] DLC: 8
[2025-10-20 22:26:54.379] [ UPS, Battery U: 14.4 V; I: 46 mA; SOC: 100000 mAh; Mode: 1 ] RAW: [90 00 2E 00 01 86 A0 01] DLC: 8
[2025-10-20 22:26:58.369] [ UPS, Battery U: 14.4 V; I: 46 mA; SOC: 100000 mAh; Mode: 1 ] RAW: [90 00 2E 00 01 86 A0 01] DLC: 8
[2025-10-20 22:27:02.360] [ UPS, Battery U: 14.4 V; I: 47 mA; SOC: 100000 mAh; Mode: 1 ] RAW: [90 00 2F 00 01 86 A0 01] DLC: 8
[2025-10-20 22:27:06.347] [ UPS, Battery U: 14.4 V; I: 45 mA; SOC: 100000 mAh; Mode: 1 ] RAW: [90 00 2D 00 01 86 A0 01] DLC: 8
[2025-10-20 22:27:10.326] [ UPS, Battery U: 14.4 V; I: 47 mA; SOC: 100000 mAh; Mode: 1 ] RAW: [90 00 2F 00 01 86 A0 01] DLC: 8
[2025-10-20 22:27:14.325] [ UPS, Battery U: 14.4 V; I: 46 mA; SOC: 100000 mAh; Mode: 1 ] RAW: [90 00 2E 00 01 86 A0 01] DLC: 8
[2025-10-20 22:27:18.313] [ UPS, Battery U: 14.4 V; I: 47 mA; SOC: 100000 mAh; Mode: 1 ] RAW: [90 00 2F 00 01 86 A0 01] DLC: 8
[2025-10-20 22:27:22.302] [ UPS, Battery U: 14.4 V; I: 45 mA; SOC: 100000 mAh; Mode: 1 ] RAW: [90 00 2D 00 01 86 A0 01] DLC: 8
[2025-10-20 22:27:26.288] [ UPS, Battery U: 14.4 V; I: 46 mA; SOC: 100000 mAh; Mode: 1 ] RAW: [90 00 2E 00 01 86 A0 01] DLC: 8
[2025-10-20 22:27:30.276] [ UPS, Battery U: 14.4 V; I: 46 mA; SOC: 100000 mAh; Mode: 1 ] RAW: [90 00 2E 00 01 86 A0 01] DLC: 8
[2025-10-20 22:27:34.264] [ UPS, Battery U: 14.4 V; I: 47 mA; SOC: 100000 mAh; Mode: 1 ] RAW: [90 00 2F 00 01 86 A0 01] DLC: 8
[2025-10-20 22:27:38.249] [ UPS, Battery U: 14.4 V; I: 45 mA; SOC: 100000 mAh; Mode: 1 ] RAW: [90 00 2D 00 01 86 A0 01] DLC: 8
[2025-10-20 22:27:42.236] [ UPS, Battery U: 14.4 V; I: 46 mA; SOC: 100000 mAh; Mode: 1 ] RAW: [90 00 2E 00 01 86 A0 01] DLC: 8
[2025-10-20 22:27:46.223] [ UPS, Battery U: 14.4 V; I: 46 mA; SOC: 100000 mAh; Mode: 1 ] RAW: [90 00 2E 00 01 86 A0 01] DLC: 8
[2025-10-20 22:27:50.218] [ UPS, Battery U: 14.4 V; I: 47 mA; SOC: 100000 mAh; Mode: 1 ] RAW: [90 00 2F 00 01 86 A0 01] DLC: 8
[2025-10-20 22:27:54.209] [ UPS, Battery U: 14.4 V; I: 46 mA; SOC: 100000 mAh; Mode: 1 ] RAW: [90 00 2E 00 01 86 A0 01] DLC: 8
[2025-10-20 22:27:58.198] [ UPS, Battery U: 14.4 V; I: 46 mA; SOC: 100000 mAh; Mode: 1 ] RAW: [90 00 2E 00 01 86 A0 01] DLC: 8
[2025-10-20 22:28:02.189] [ UPS, Battery U: 14.4 V; I: 47 mA; SOC: 100000 mAh; Mode: 1 ] RAW: [90 00 2F 00 01 86 A0 01] DLC: 8
[2025-10-20 22:28:06.181] [ UPS, Battery U: 14.4 V; I: 47 mA; SOC: 100000 mAh; Mode: 1 ] RAW: [90 00 2F 00 01 86 A0 01] DLC: 8
[2025-10-20 22:28:10.171] [ UPS, Battery U: 14.4 V; I: 46 mA; SOC: 100000 mAh; Mode: 1 ] RAW: [90 00 2E 00 01 86 A0 01] DLC: 8
[2025-10-20 22:28:14.161] [ UPS, Battery U: 14.4 V; I: 46 mA; SOC: 100000 mAh; Mode: 1 ] RAW: [90 00 2E 00 01 86 A0 01] DLC: 8
[2025-10-20 22:28:18.152] [ UPS, Battery U: 14.4 V; I: 46 mA; SOC: 100000 mAh; Mode: 1 ] RAW: [90 00 2E 00 01 86 A0 01] DLC: 8
[2025-10-20 22:28:22.143] [ UPS, Battery U: 14.4 V; I: 47 mA; SOC: 100000 mAh; Mode: 1 ] RAW: [90 00 2F 00 01 86 A0 01] DLC: 8
[2025-10-20 22:28:26.134] [ UPS, Battery U: 14.4 V; I: 46 mA; SOC: 100000 mAh; Mode: 1 ] RAW: [90 00 2E 00 01 86 A0 01] DLC: 8
[2025-10-20 22:28:30.126] [ UPS, Battery U: 14.4 V; I: 46 mA; SOC: 100000 mAh; Mode: 1 ] RAW: [90 00 2E 00 01 86 A0 01] DLC: 8
[2025-10-20 22:28:34.142] [ UPS, Battery U: 14.4 V; I: 47 mA; SOC: 100000 mAh; Mode: 1 ] RAW: [90 00 2F 00 01 86 A0 01] DLC: 8
[2025-10-21 09:06:30.672] [ UPS, Battery U: 14.4 V; I: 47 mA; SOC: 100000 mAh; Mode: 1 ] RAW: [90 00 2F 00 01 86 A0 01] DLC: 8
[2025-10-21 09:06:34.653] [ UPS, Battery U: 14.4 V; I: 46 mA; SOC: 100000 mAh; Mode: 1 ] RAW: [90 00 2E 00 01 86 A0 01] DLC: 8
[2025-10-21 09:06:38.652] [ UPS, Battery U: 14.4 V; I: 46 mA; SOC: 100000 mAh; Mode: 1 ] RAW: [90 00 2E 00 01 86 A0 01] DLC: 8
[2025-10-21 09:06:42.620] [ UPS, Battery U: 14.4 V; I: 46 mA; SOC: 100000 mAh; Mode: 1 ] RAW: [90 00 2E 00 01 86 A0 01] DLC: 8
[2025-10-21 09:06:46.603] [ UPS, Battery U: 14.4 V; I: 47 mA; SOC: 100000 mAh; Mode: 1 ] RAW: [90 00 2F 00 01 86 A0 01] DLC: 8
[2025-10-21 09:06:50.587] [ UPS, Battery U: 14.4 V; I: 45 mA; SOC: 100000 mAh; Mode: 1 ] RAW: [90 00 2D 00 01 86 A0 01] DLC: 8
[2025-10-21 09:06:54.572] [ UPS, Battery U: 14.4 V; I: 47 mA; SOC: 100000 mAh; Mode: 1 ] RAW: [90 00 2F 00 01 86 A0 01] DLC: 8
[2025-10-21 09:06:58.553] [ UPS, Battery U: 14.4 V; I: 47 mA; SOC: 100000 mAh; Mode: 1 ] RAW: [90 00 2F 00 01 86 A0 01] DLC: 8
[2025-10-21 09:07:02.527] [ UPS, Battery U: 14.4 V; I: 47 mA; SOC: 100000 mAh; Mode: 1 ] RAW: [90 00 2F 00 01 86 A0 01] DLC: 8
[2025-10-21 09:07:06.520] [ UPS, Battery U: 14.4 V; I: 46 mA; SOC: 100000 mAh; Mode: 1 ] RAW: [90 00 2E 00 01 86 A0 01] DLC: 8
[2025-10-21 09:07:10.503] [ UPS, Battery U: 14.4 V; I: 47 mA; SOC: 100000 mAh; Mode: 1 ] RAW: [90 00 2F 00 01 86 A0 01] DLC: 8
[2025-10-21 09:07:14.486] [ UPS, Battery U: 14.4 V; I: 47 mA; SOC: 100000 mAh; Mode: 1 ] RAW: [90 00 2F 00 01 86 A0 01] DLC: 8
[2025-10-21 09:07:18.459] [ UPS, Battery U: 14.4 V; I: 47 mA; SOC: 100000 mAh; Mode: 1 ] RAW: [90 00 2F 00 01 86 A0 01] DLC: 8
[2025-10-21 09:07:22.444] [ UPS, Battery U: 14.4 V; I: 46 mA; SOC: 100000 mAh; Mode: 1 ] RAW: [90 00 2E 00 01 86 A0 01] DLC: 8
[2025-10-21 09:07:26.436] [ UPS, Battery U: 14.4 V; I: 46 mA; SOC: 100000 mAh; Mode: 1 ] RAW: [90 00 2E 00 01 86 A0 01] DLC: 8
[2025-10-21 09:07:30.418] [ UPS, Battery U: 14.4 V; I: 46 mA; SOC: 100000 mAh; Mode: 1 ] RAW: [90 00 2E 00 01 86 A0 01] DLC: 8
[2025-10-21 09:07:34.402] [ UPS, Battery U: 14.4 V; I: 47 mA; SOC: 100000 mAh; Mode: 1 ] RAW: [90 00 2F 00 01 86 A0 01] DLC: 8
[2025-10-21 09:07:38.375] [ UPS, Battery U: 14.4 V; I: 46 mA; SOC: 100000 mAh; Mode: 1 ] RAW: [90 00 2E 00 01 86 A0 01] DLC: 8
[2025-10-21 09:07:42.370] [ UPS, Battery U: 14.4 V; I: 46 mA; SOC: 100000 mAh; Mode: 1 ] RAW: [90 00 2E 00 01 86 A0 01] DLC: 8
[2025-10-21 09:07:46.347] [ UPS, Battery U: 14.4 V; I: 47 mA; SOC: 100000 mAh; Mode: 1 ] RAW: [90 00 2F 00 01 86 A0 01] DLC: 8
[2025-10-21 09:07:50.336] [ UPS, Battery U: 14.4 V; I: 49 mA; SOC: 100000 mAh; Mode: 1 ] RAW: [90 00 31 00 01 86 A0 01] DLC: 8
[2025-10-21 09:07:54.320] [ UPS, Battery U: 14.4 V; I: 46 mA; SOC: 100000 mAh; Mode: 1 ] RAW: [90 00 2E 00 01 86 A0 01] DLC: 8
[2025-10-21 09:07:58.291] [ UPS, Battery U: 14.4 V; I: 47 mA; SOC: 100000 mAh; Mode: 1 ] RAW: [90 00 2F 00 01 86 A0 01] DLC: 8
[2025-10-21 09:08:02.278] [ UPS, Battery U: 14.4 V; I: 47 mA; SOC: 100000 mAh; Mode: 1 ] RAW: [90 00 2F 00 01 86 A0 01] DLC: 8
[2025-10-21 09:08:06.268] [ UPS, Battery U: 14.4 V; I: 47 mA; SOC: 100000 mAh; Mode: 1 ] RAW: [90 00 2F 00 01 86 A0 01] DLC: 8
[2025-10-21 09:08:10.255] [ UPS, Battery U: 14.4 V; I: 45 mA; SOC: 100000 mAh; Mode: 1 ] RAW: [90 00 2D 00 01 86 A0 01] DLC: 8
[2025-10-21 09:08:14.243] [ UPS, Battery U: 14.4 V; I: 47 mA; SOC: 100000 mAh; Mode: 1 ] RAW: [90 00 2F 00 01 86 A0 01] DLC: 8
[2025-10-21 09:08:18.227] [ UPS, Battery U: 14.4 V; I: 47 mA; SOC: 100000 mAh; Mode: 1 ] RAW: [90 00 2F 00 01 86 A0 01] DLC: 8
[2025-10-21 09:08:22.215] [ UPS, Battery U: 14.4 V; I: 49 mA; SOC: 100000 mAh; Mode: 1 ] RAW: [90 00 31 00 01 86 A0 01] DLC: 8
[2025-10-21 09:08:26.197] [ UPS, Battery U: 14.4 V; I: 46 mA; SOC: 100000 mAh; Mode: 1 ] RAW: [90 00 2E 00 01 86 A0 01] DLC: 8
[2025-10-21 09:08:30.184] [ UPS, Battery U: 14.4 V; I: 46 mA; SOC: 100000 mAh; Mode: 1 ] RAW: [90 00 2E 00 01 86 A0 01] DLC: 8
[2025-10-21 09:08:34.153] [ UPS, Battery U: 14.4 V; I: 46 mA; SOC: 100000 mAh; Mode: 1 ] RAW: [90 00 2E 00 01 86 A0 01] DLC: 8
[2025-10-21 09:08:38.151] [ UPS, Battery U: 14.4 V; I: 47 mA; SOC: 100000 mAh; Mode: 1 ] RAW: [90 00 2F 00 01 86 A0 01] DLC: 8
[2025-10-21 09:08:42.134] [ UPS, Battery U: 14.4 V; I: 45 mA; SOC: 100000 mAh; Mode: 1 ] RAW: [90 00 2D 00 01 86 A0 01] DLC: 8
[2025-10-21 09:08:46.116] [ UPS, Battery U: 14.4 V; I: 47 mA; SOC: 100000 mAh; Mode: 1 ] RAW: [90 00 2F 00 01 86 A0 01] DLC: 8
[2025-10-21 09:08:50.100] [ UPS, Battery U: 14.4 V; I: 47 mA; SOC: 100000 mAh; Mode: 1 ] RAW: [90 00 2F 00 01 86 A0 01] DLC: 8
[2025-10-21 09:08:54.079] [ UPS, Battery U: 14.4 V; I: 47 mA; SOC: 100000 mAh; Mode: 1 ] RAW: [90 00 2F 00 01 86 A0 01] DLC: 8
[2025-10-21 09:08:58.067] [ UPS, Battery U: 14.4 V; I: 45 mA; SOC: 100000 mAh; Mode: 1 ] RAW: [90 00 2D 00 01 86 A0 01] DLC: 8
[2025-10-21 09:09:02.051] [ UPS, Battery U: 14.4 V; I: 46 mA; SOC: 100000 mAh; Mode: 1 ] RAW: [90 00 2E 00 01 86 A0 01] DLC: 8
[2025-10-21 09:09:06.033] [ UPS, Battery U: 14.4 V; I: 47 mA; SOC: 100000 mAh; Mode: 1 ] RAW: [90 00 2F 00 01 86 A0 01] DLC: 8
[2025-10-21 09:09:10.016] [ UPS, Battery U: 14.4 V; I: 49 mA; SOC: 100000 mAh; Mode: 1 ] RAW: [90 00 31 00 01 86 A0 01] DLC: 8
[2025-10-21 09:09:14.000] [ UPS, Battery U: 14.4 V; I: 45 mA; SOC: 100000 mAh; Mode: 1 ] RAW: [90 00 2D 00 01 86 A0 01] DLC: 8
[2025-10-21 09:09:17.983] [ UPS, Battery U: 14.4 V; I: 46 mA; SOC: 100000 mAh; Mode: 1 ] RAW: [90 00 2E 00 01 86 A0 01] DLC: 8
[2025-10-21 09:09:21.966] [ UPS, Battery U: 14.4 V; I: 46 mA; SOC: 100000 mAh; Mode: 1 ] RAW: [90 00 2E 00 01 86 A0 01] DLC: 8
[2025-10-21 09:09:25.949] [ UPS, Battery U: 14.4 V; I: 47 mA; SOC: 100000 mAh; Mode: 1 ] RAW: [90 00 2F 00 01 86 A0 01] DLC: 8
[2025-10-21 09:09:29.933] [ UPS, Battery U: 14.4 V; I: 45 mA; SOC: 100000 mAh; Mode: 1 ] RAW: [90 00 2D 00 01 86 A0 01] DLC: 8
[2025-10-21 09:09:33.916] [ UPS, Battery U: 14.4 V; I: 46 mA; SOC: 100000 mAh; Mode: 1 ] RAW: [90 00 2E 00 01 86 A0 01] DLC: 8
[2025-10-21 09:09:37.900] [ UPS, Battery U: 14.4 V; I: 47 mA; SOC: 100000 mAh; Mode: 1 ] RAW: [90 00 2F 00 01 86 A0 01] DLC: 8
[2025-10-21 09:09:41.884] [ UPS, Battery U: 14.4 V; I: 47 mA; SOC: 100000 mAh; Mode: 1 ] RAW: [90 00 2F 00 01 86 A0 01] DLC: 8
[2025-10-21 09:09:45.868] [ UPS, Battery U: 14.4 V; I: 45 mA; SOC: 100000 mAh; Mode: 1 ] RAW: [90 00 2D 00 01 86 A0 01] DLC: 8
[2025-10-21 09:09:49.852] [ UPS, Battery U: 14.4 V; I: 46 mA; SOC: 100000 mAh; Mode: 1 ] RAW: [90 00 2E 00 01 86 A0 01] DLC: 8
[2025-10-21 09:09:53.835] [ UPS, Battery U: 14.4 V; I: 46 mA; SOC: 100000 mAh; Mode: 1 ] RAW: [90 00 2E 00 01 86 A0 01] DLC: 8
[2025-10-21 09:09:57.818] [ UPS, Battery U: 14.4 V; I: 47 mA; SOC: 100000 mAh; Mode: 1 ] RAW: [90 00 2F 00 01 86 A0 01] DLC: 8
[2025-10-21 09:10:01.801] [ UPS, Battery U: 14.4 V; I: 45 mA; SOC: 100000 mAh; Mode: 1 ] RAW: [90 00 2D 00 01 86 A0 01] DLC: 8
[2025-10-21 09:10:05.788] [ UPS, Battery U: 14.4 V; I: 46 mA; SOC: 100000 mAh; Mode: 1 ] RAW: [90 00 2E 00 01 86 A0 01] DLC: 8
[2025-10-21 09:10:09.774] [ UPS, Battery U: 14.4 V; I: 46 mA; SOC: 100000 mAh; Mode: 1 ] RAW: [90 00 2E 00 01 86 A0 01] DLC: 8
[2025-10-21 09:10:13.760] [ UPS, Battery U: 14.4 V; I: 47 mA; SOC: 100000 mAh; Mode: 1 ] RAW: [90 00 2F 00 01 86 A0 01] DLC: 8
[2025-10-21 09:10:17.748] [ UPS, Battery U: 14.4 V; I: 44 mA; SOC: 100000 mAh; Mode: 1 ] RAW: [90 00 2C 00 01 86 A0 01] DLC: 8
[2025-10-21 09:10:21.735] [ UPS, Battery U: 14.4 V; I: 46 mA; SOC: 100000 mAh; Mode: 1 ] RAW: [90 00 2E 00 01 86 A0 01] DLC: 8
[2025-10-21 09:10:25.722] [ UPS, Battery U: 14.4 V; I: 46 mA; SOC: 100000 mAh; Mode: 1 ] RAW: [90 00 2E 00 01 86 A0 01] DLC: 8
[2025-10-21 09:10:29.708] [ UPS, Battery U: 14.4 V; I: 47 mA; SOC: 100000 mAh; Mode: 1 ] RAW: [90 00 2F 00 01 86 A0 01] DLC: 8
[2025-10-21 09:10:33.694] [ UPS, Battery U: 14.4 V; I: 45 mA; SOC: 100000 mAh; Mode: 1 ] RAW: [90 00 2D 00 01 86 A0 01] DLC: 8
[2025-10-21 09:10:37.672] [ UPS, Battery U: 14.4 V; I: 46 mA; SOC: 100000 mAh; Mode: 1 ] RAW: [90 00 2E 00 01 86 A0 01] DLC: 8
[2025-10-21 09:10:41.665] [ UPS, Battery U: 14.4 V; I: 47 mA; SOC: 100000 mAh; Mode: 1 ] RAW: [90 00 2F 00 01 86 A0 01] DLC: 8
[2025-10-21 09:10:45.644] [ UPS, Battery U: 14.4 V; I: 46 mA; SOC: 100000 mAh; Mode: 1 ] RAW: [90 00 2E 00 01 86 A0 01] DLC: 8
[2025-10-21 09:10:49.633] [ UPS, Battery U: 14.4 V; I: 45 mA; SOC: 100000 mAh; Mode: 1 ] RAW: [90 00 2D 00 01 86 A0 01] DLC: 8
[2025-10-21 09:10:53.619] [ UPS, Battery U: 14.4 V; I: 46 mA; SOC: 100000 mAh; Mode: 1 ] RAW: [90 00 2E 00 01 86 A0 01] DLC: 8
[2025-10-21 09:10:57.588] [ UPS, Battery U: 14.4 V; I: 46 mA; SOC: 100000 mAh; Mode: 1 ] RAW: [90 00 2E 00 01 86 A0 01] DLC: 8
[2025-10-21 09:11:01.584] [ UPS, Battery U: 14.4 V; I: 47 mA; SOC: 100000 mAh; Mode: 1 ] RAW: [90 00 2F 00 01 86 A0 01] DLC: 8
[2025-10-21 09:11:05.567] [ UPS, Battery U: 14.4 V; I: 45 mA; SOC: 100000 mAh; Mode: 1 ] RAW: [90 00 2D 00 01 86 A0 01] DLC: 8
[2025-10-21 09:11:09.551] [ UPS, Battery U: 14.4 V; I: 46 mA; SOC: 100000 mAh; Mode: 1 ] RAW: [90 00 2E 00 01 86 A0 01] DLC: 8
[2025-10-21 09:11:13.535] [ UPS, Battery U: 14.4 V; I: 46 mA; SOC: 100000 mAh; Mode: 1 ] RAW: [90 00 2E 00 01 86 A0 01] DLC: 8
[2025-10-21 09:11:17.511] [ UPS, Battery U: 14.4 V; I: 47 mA; SOC: 100000 mAh; Mode: 1 ] RAW: [90 00 2F 00 01 86 A0 01] DLC: 8
[2025-10-21 09:11:21.503] [ UPS, Battery U: 14.4 V; I: 45 mA; SOC: 100000 mAh; Mode: 1 ] RAW: [90 00 2D 00 01 86 A0 01] DLC: 8
[2025-10-21 09:11:25.486] [ UPS, Battery U: 14.4 V; I: 46 mA; SOC: 100000 mAh; Mode: 1 ] RAW: [90 00 2E 00 01 86 A0 01] DLC: 8
[2025-10-21 09:11:29.465] [ UPS, Battery U: 14.4 V; I: 46 mA; SOC: 100000 mAh; Mode: 1 ] RAW: [90 00 2E 00 01 86 A0 01] DLC: 8
[2025-10-21 09:11:33.451] [ UPS, Battery U: 14.4 V; I: 47 mA; SOC: 100000 mAh; Mode: 1 ] RAW: [90 00 2F 00 01 86 A0 01] DLC: 8
[2025-10-21 09:11:37.421] [ UPS, Battery U: 14.4 V; I: 46 mA; SOC: 100000 mAh; Mode: 1 ] RAW: [90 00 2E 00 01 86 A0 01] DLC: 8
[2025-10-21 09:11:41.410] [ UPS, Battery U: 14.4 V; I: 46 mA; SOC: 100000 mAh; Mode: 1 ] RAW: [90 00 2E 00 01 86 A0 01] DLC: 8
[2025-10-21 09:11:45.396] [ UPS, Battery U: 14.4 V; I: 46 mA; SOC: 100000 mAh; Mode: 1 ] RAW: [90 00 2E 00 01 86 A0 01] DLC: 8
[2025-10-21 09:11:49.383] [ UPS, Battery U: 14.4 V; I: 47 mA; SOC: 100000 mAh; Mode: 1 ] RAW: [90 00 2F 00 01 86 A0 01] DLC: 8
[2025-10-21 09:11:53.370] [ UPS, Battery U: 14.4 V; I: 45 mA; SOC: 100000 mAh; Mode: 1 ] RAW: [90 00 2D 00 01 86 A0 01] DLC: 8
[2025-10-21 09:11:57.356] [ UPS, Battery U: 14.4 V; I: 46 mA; SOC: 100000 mAh; Mode: 1 ] RAW: [90 00 2E 00 01 86 A0 01] DLC: 8
[2025-10-21 09:12:01.340] [ UPS, Battery U: 14.4 V; I: 46 mA; SOC: 100000 mAh; Mode: 1 ] RAW: [90 00 2E 00 01 86 A0 01] DLC: 8
[2025-10-21 09:12:05.311] [ UPS, Battery U: 14.4 V; I: 46 mA; SOC: 100000 mAh; Mode: 1 ] RAW: [90 00 2E 00 01 86 A0 01] DLC: 8
[2025-10-21 09:12:09.299] [ UPS, Battery U: 14.4 V; I: 45 mA; SOC: 100000 mAh; Mode: 1 ] RAW: [90 00 2D 00 01 86 A0 01] DLC: 8
[2025-10-21 09:12:13.284] [ UPS, Battery U: 14.4 V; I: 47 mA; SOC: 100000 mAh; Mode: 1 ] RAW: [90 00 2F 00 01 86 A0 01] DLC: 8
[2025-10-21 09:12:17.270] [ UPS, Battery U: 14.4 V; I: 46 mA; SOC: 100000 mAh; Mode: 1 ] RAW: [90 00 2E 00 01 86 A0 01] DLC: 8
[2025-10-21 09:12:21.257] [ UPS, Battery U: 14.4 V; I: 47 mA; SOC: 100000 mAh; Mode: 1 ] RAW: [90 00 2F 00 01 86 A0 01] DLC: 8
[2025-10-21 09:12:25.244] [ UPS, Battery U: 14.4 V; I: 45 mA; SOC: 100000 mAh; Mode: 1 ] RAW: [90 00 2D 00 01 86 A0 01] DLC: 8
[2025-10-21 09:12:29.227] [ UPS, Battery U: 14.4 V; I: 46 mA; SOC: 100000 mAh; Mode: 1 ] RAW: [90 00 2E 00 01 86 A0 01] DLC: 8
[2025-10-21 09:12:33.234] [ UPS, Battery U: 14.4 V; I: 46 mA; SOC: 100000 mAh; Mode: 1 ] RAW: [90 00 2E 00 01 86 A0 01] DLC: 8
[2025-10-21 09:12:37.195] [ UPS, Battery U: 14.4 V; I: 47 mA; SOC: 100000 mAh; Mode: 1 ] RAW: [90 00 2F 00 01 86 A0 01] DLC: 8
[2025-10-21 09:12:41.178] [ UPS, Battery U: 14.4 V; I: 47 mA; SOC: 100000 mAh; Mode: 1 ] RAW: [90 00 2F 00 01 86 A0 01] DLC: 8
[2025-10-21 09:12:45.163] [ UPS, Battery U: 14.4 V; I: 46 mA; SOC: 100000 mAh; Mode: 1 ] RAW: [90 00 2E 00 01 86 A0 01] DLC: 8
[2025-10-21 09:12:49.147] [ UPS, Battery U: 14.4 V; I: 46 mA; SOC: 100000 mAh; Mode: 1 ] RAW: [90 00 2E 00 01 86 A0 01] DLC: 8
[2025-10-21 09:12:53.131] [ UPS, Battery U: 14.4 V; I: 47 mA; SOC: 100000 mAh; Mode: 1 ] RAW: [90 00 2F 00 01 86 A0 01] DLC: 8
[2025-10-21 09:12:57.114] [ UPS, Battery U: 14.4 V; I: 46 mA; SOC: 100000 mAh; Mode: 1 ] RAW: [90 00 2E 00 01 86 A0 01] DLC: 8
[2025-10-21 09:13:01.098] [ UPS, Battery U: 14.4 V; I: 46 mA; SOC: 100000 mAh; Mode: 1 ] RAW: [90 00 2E 00 01 86 A0 01] DLC: 8
[2025-10-21 09:13:05.082] [ UPS, Battery U: 14.4 V; I: 46 mA; SOC: 100000 mAh; Mode: 1 ] RAW: [90 00 2E 00 01 86 A0 01] DLC: 8
[2025-10-21 09:13:09.066] [ UPS, Battery U: 14.4 V; I: 47 mA; SOC: 100000 mAh; Mode: 1 ] RAW: [90 00 2F 00 01 86 A0 01] DLC: 8
[2025-10-21 09:13:13.050] [ UPS, Battery U: 14.4 V; I: 46 mA; SOC: 100000 mAh; Mode: 1 ] RAW: [90 00 2E 00 01 86 A0 01] DLC: 8
[2025-10-21 09:13:17.035] [ UPS, Battery U: 14.4 V; I: 47 mA; SOC: 100000 mAh; Mode: 1 ] RAW: [90 00 2F 00 01 86 A0 01] DLC: 8
[2025-10-21 09:13:21.019] [ UPS, Battery U: 14.4 V; I: 47 mA; SOC: 100000 mAh; Mode: 1 ] RAW: [90 00 2F 00 01 86 A0 01] DLC: 8
[2025-10-21 09:13:25.003] [ UPS, Battery U: 14.4 V; I: 47 mA; SOC: 100000 mAh; Mode: 1 ] RAW: [90 00 2F 00 01 86 A0 01] DLC: 8
[2025-10-21 09:13:28.987] [ UPS, Battery U: 14.4 V; I: 45 mA; SOC: 100000 mAh; Mode: 1 ] RAW: [90 00 2D 00 01 86 A0 01] DLC: 8
[2025-10-21 09:13:32.972] [ UPS, Battery U: 14.4 V; I: 46 mA; SOC: 100000 mAh; Mode: 1 ] RAW: [90 00 2E 00 01 86 A0 01] DLC: 8
[2025-10-21 09:13:36.953] [ UPS, Battery U: 14.4 V; I: 47 mA; SOC: 100000 mAh; Mode: 1 ] RAW: [90 00 2F 00 01 86 A0 01] DLC: 8
[2025-10-21 09:13:40.941] [ UPS, Battery U: 14.4 V; I: 47 mA; SOC: 100000 mAh; Mode: 1 ] RAW: [90 00 2F 00 01 86 A0 01] DLC: 8
[2025-10-21 09:13:44.923] [ UPS, Battery U: 14.4 V; I: 45 mA; SOC: 100000 mAh; Mode: 1 ] RAW: [90 00 2D 00 01 86 A0 01] DLC: 8
[2025-10-21 09:13:48.896] [ UPS, Battery U: 14.4 V; I: 47 mA; SOC: 100000 mAh; Mode: 1 ] RAW: [90 00 2F 00 01 86 A0 01] DLC: 8
[2025-10-21 09:13:52.882] [ UPS, Battery U: 14.4 V; I: 46 mA; SOC: 100000 mAh; Mode: 1 ] RAW: [90 00 2E 00 01 86 A0 01] DLC: 8
[2025-10-21 09:13:56.869] [ UPS, Battery U: 14.4 V; I: 47 mA; SOC: 100000 mAh; Mode: 1 ] RAW: [90 00 2F 00 01 86 A0 01] DLC: 8
[2025-10-21 09:14:00.856] [ UPS, Battery U: 14.4 V; I: 47 mA; SOC: 100000 mAh; Mode: 1 ] RAW: [90 00 2F 00 01 86 A0 01] DLC: 8
[2025-10-21 09:14:04.841] [ UPS, Battery U: 14.4 V; I: 47 mA; SOC: 100000 mAh; Mode: 1 ] RAW: [90 00 2F 00 01 86 A0 01] DLC: 8
[2025-10-21 09:14:08.823] [ UPS, Battery U: 14.4 V; I: 47 mA; SOC: 100000 mAh; Mode: 1 ] RAW: [90 00 2F 00 01 86 A0 01] DLC: 8
[2025-10-21 09:14:12.801] [ UPS, Battery U: 14.4 V; I: 49 mA; SOC: 100000 mAh; Mode: 1 ] RAW: [90 00 31 00 01 86 A0 01] DLC: 8
[2025-10-21 09:14:16.790] [ UPS, Battery U: 14.4 V; I: 47 mA; SOC: 100000 mAh; Mode: 1 ] RAW: [90 00 2F 00 01 86 A0 01] DLC: 8
[2025-10-21 09:14:20.772] [ UPS, Battery U: 14.4 V; I: 46 mA; SOC: 100000 mAh; Mode: 1 ] RAW: [90 00 2E 00 01 86 A0 01] DLC: 8
[2025-10-21 09:14:24.742] [ UPS, Battery U: 14.4 V; I: 46 mA; SOC: 100000 mAh; Mode: 1 ] RAW: [90 00 2E 00 01 86 A0 01] DLC: 8
[2025-10-21 09:14:28.729] [ UPS, Battery U: 14.4 V; I: 47 mA; SOC: 100000 mAh; Mode: 1 ] RAW: [90 00 2F 00 01 86 A0 01] DLC: 8
[2025-10-21 09:14:32.716] [ UPS, Battery U: 14.4 V; I: 46 mA; SOC: 100000 mAh; Mode: 1 ] RAW: [90 00 2E 00 01 86 A0 01] DLC: 8
[2025-10-21 09:14:36.707] [ UPS, Battery U: 14.4 V; I: 46 mA; SOC: 100000 mAh; Mode: 1 ] RAW: [90 00 2E 00 01 86 A0 01] DLC: 8
[2025-10-21 09:14:40.690] [ UPS, Battery U: 14.4 V; I: 47 mA; SOC: 100000 mAh; Mode: 1 ] RAW: [90 00 2F 00 01 86 A0 01] DLC: 8
[2025-10-21 09:14:44.675] [ UPS, Battery U: 14.4 V; I: 47 mA; SOC: 100000 mAh; Mode: 1 ] RAW: [90 00 2F 00 01 86 A0 01] DLC: 8
[2025-10-21 09:14:48.657] [ UPS, Battery U: 14.4 V; I: 46 mA; SOC: 100000 mAh; Mode: 1 ] RAW: [90 00 2E 00 01 86 A0 01] DLC: 8
[2025-10-21 09:14:52.641] [ UPS, Battery U: 14.4 V; I: 46 mA; SOC: 100000 mAh; Mode: 1 ] RAW: [90 00 2E 00 01 86 A0 01] DLC: 8
[2025-10-21 09:14:56.627] [ UPS, Battery U: 14.4 V; I: 47 mA; SOC: 100000 mAh; Mode: 1 ] RAW: [90 00 2F 00 01 86 A0 01] DLC: 8
[2025-10-21 09:15:00.605] [ UPS, Battery U: 14.4 V; I: 47 mA; SOC: 100000 mAh; Mode: 1 ] RAW: [90 00 2F 00 01 86 A0 01] DLC: 8
[2025-10-21 09:15:04.594] [ UPS, Battery U: 14.4 V; I: 46 mA; SOC: 100000 mAh; Mode: 1 ] RAW: [90 00 2E 00 01 86 A0 01] DLC: 8
[2025-10-21 09:15:08.578] [ UPS, Battery U: 14.4 V; I: 47 mA; SOC: 100000 mAh; Mode: 1 ] RAW: [90 00 2F 00 01 86 A0 01] DLC: 8
[2025-10-21 09:15:12.548] [ UPS, Battery U: 14.4 V; I: 47 mA; SOC: 100000 mAh; Mode: 1 ] RAW: [90 00 2F 00 01 86 A0 01] DLC: 8
[2025-10-21 09:15:16.545] [ UPS, Battery U: 14.4 V; I: 47 mA; SOC: 100000 mAh; Mode: 1 ] RAW: [90 00 2F 00 01 86 A0 01] DLC: 8
[2025-10-21 09:15:20.522] [ UPS, Battery U: 14.4 V; I: 49 mA; SOC: 100000 mAh; Mode: 1 ] RAW: [90 00 31 00 01 86 A0 01] DLC: 8
[2025-10-21 09:15:24.513] [ UPS, Battery U: 14.4 V; I: 47 mA; SOC: 100000 mAh; Mode: 1 ] RAW: [90 00 2F 00 01 86 A0 01] DLC: 8
[2025-10-21 09:15:28.494] [ UPS, Battery U: 14.4 V; I: 47 mA; SOC: 100000 mAh; Mode: 1 ] RAW: [90 00 2F 00 01 86 A0 01] DLC: 8
[2025-10-21 09:15:32.481] [ UPS, Battery U: 14.4 V; I: 49 mA; SOC: 100000 mAh; Mode: 1 ] RAW: [90 00 31 00 01 86 A0 01] DLC: 8
[2025-10-21 09:15:36.451] [ UPS, Battery U: 14.4 V; I: 49 mA; SOC: 100000 mAh; Mode: 1 ] RAW: [90 00 31 00 01 86 A0 01] DLC: 8
[2025-10-21 09:15:40.449] [ UPS, Battery U: 14.4 V; I: 46 mA; SOC: 100000 mAh; Mode: 1 ] RAW: [90 00 2E 00 01 86 A0 01] DLC: 8
[2025-10-21 09:15:44.432] [ UPS, Battery U: 14.4 V; I: 47 mA; SOC: 100000 mAh; Mode: 1 ] RAW: [90 00 2F 00 01 86 A0 01] DLC: 8
[2025-10-21 09:15:48.417] [ UPS, Battery U: 14.4 V; I: 47 mA; SOC: 100000 mAh; Mode: 1 ] RAW: [90 00 2F 00 01 86 A0 01] DLC: 8
[2025-10-21 09:15:52.406] [ UPS, Battery U: 14.4 V; I: 47 mA; SOC: 100000 mAh; Mode: 1 ] RAW: [90 00 2F 00 01 86 A0 01] DLC: 8
[2025-10-21 09:15:56.389] [ UPS, Battery U: 14.4 V; I: 46 mA; SOC: 100000 mAh; Mode: 1 ] RAW: [90 00 2E 00 01 86 A0 01] DLC: 8
[2025-10-21 09:16:00.376] [ UPS, Battery U: 14.4 V; I: 47 mA; SOC: 100000 mAh; Mode: 1 ] RAW: [90 00 2F 00 01 86 A0 01] DLC: 8
[2025-10-21 09:16:04.363] [ UPS, Battery U: 14.4 V; I: 47 mA; SOC: 100000 mAh; Mode: 1 ] RAW: [90 00 2F 00 01 86 A0 01] DLC: 8
[2025-10-21 09:16:08.348] [ UPS, Battery U: 14.4 V; I: 46 mA; SOC: 100000 mAh; Mode: 1 ] RAW: [90 00 2E 00 01 86 A0 01] DLC: 8
[2025-10-21 09:16:12.332] [ UPS, Battery U: 14.4 V; I: 46 mA; SOC: 100000 mAh; Mode: 1 ] RAW: [90 00 2E 00 01 86 A0 01] DLC: 8
[2025-10-21 09:16:16.316] [ UPS, Battery U: 14.4 V; I: 47 mA; SOC: 100000 mAh; Mode: 1 ] RAW: [90 00 2F 00 01 86 A0 01] DLC: 8
[2025-10-21 09:16:20.300] [ UPS, Battery U: 14.4 V; I: 47 mA; SOC: 100000 mAh; Mode: 1 ] RAW: [90 00 2F 00 01 86 A0 01] DLC: 8
[2025-10-21 09:16:24.284] [ UPS, Battery U: 14.4 V; I: 47 mA; SOC: 100000 mAh; Mode: 1 ] RAW: [90 00 2F 00 01 86 A0 01] DLC: 8
[2025-10-21 09:16:28.269] [ UPS, Battery U: 14.4 V; I: 46 mA; SOC: 100000 mAh; Mode: 1 ] RAW: [90 00 2E 00 01 86 A0 01] DLC: 8
[2025-10-21 09:16:32.252] [ UPS, Battery U: 14.4 V; I: 47 mA; SOC: 100000 mAh; Mode: 1 ] RAW: [90 00 2F 00 01 86 A0 01] DLC: 8
[2025-10-21 09:16:36.237] [ UPS, Battery U: 14.4 V; I: 47 mA; SOC: 100000 mAh; Mode: 1 ] RAW: [90 00 2F 00 01 86 A0 01] DLC: 8
[2025-10-21 09:16:40.223] [ UPS, Battery U: 14.4 V; I: 47 mA; SOC: 100000 mAh; Mode: 1 ] RAW: [90 00 2F 00 01 86 A0 01] DLC: 8
[2025-10-21 09:16:44.210] [ UPS, Battery U: 14.4 V; I: 46 mA; SOC: 100000 mAh; Mode: 1 ] RAW: [90 00 2E 00 01 86 A0 01] DLC: 8
[2025-10-21 09:16:48.198] [ UPS, Battery U: 14.4 V; I: 47 mA; SOC: 100000 mAh; Mode: 1 ] RAW: [90 00 2F 00 01 86 A0 01] DLC: 8
[2025-10-21 09:16:52.184] [ UPS, Battery U: 14.4 V; I: 47 mA; SOC: 100000 mAh; Mode: 1 ] RAW: [90 00 2F 00 01 86 A0 01] DLC: 8
[2025-10-21 09:16:56.170] [ UPS, Battery U: 14.4 V; I: 49 mA; SOC: 100000 mAh; Mode: 1 ] RAW: [90 00 31 00 01 86 A0 01] DLC: 8
[2025-10-21 09:17:00.156] [ UPS, Battery U: 14.4 V; I: 46 mA; SOC: 100000 mAh; Mode: 1 ] RAW: [90 00 2E 00 01 86 A0 01] DLC: 8
[2025-10-21 09:17:04.142] [ UPS, Battery U: 14.4 V; I: 47 mA; SOC: 100000 mAh; Mode: 1 ] RAW: [90 00 2F 00 01 86 A0 01] DLC: 8
[2025-10-21 09:17:08.127] [ UPS, Battery U: 14.4 V; I: 47 mA; SOC: 100000 mAh; Mode: 1 ] RAW: [90 00 2F 00 01 86 A0 01] DLC: 8
[2025-10-21 09:17:12.112] [ UPS, Battery U: 14.4 V; I: 47 mA; SOC: 100000 mAh; Mode: 1 ] RAW: [90 00 2F 00 01 86 A0 01] DLC: 8
[2025-10-21 09:17:16.098] [ UPS, Battery U: 14.4 V; I: 46 mA; SOC: 100000 mAh; Mode: 1 ] RAW: [90 00 2E 00 01 86 A0 01] DLC: 8
[2025-10-21 09:17:20.084] [ UPS, Battery U: 14.4 V; I: 47 mA; SOC: 100000 mAh; Mode: 1 ] RAW: [90 00 2F 00 01 86 A0 01] DLC: 8
[2025-10-21 09:17:24.070] [ UPS, Battery U: 14.4 V; I: 47 mA; SOC: 100000 mAh; Mode: 1 ] RAW: [90 00 2F 00 01 86 A0 01] DLC: 8
[2025-10-21 09:17:28.055] [ UPS, Battery U: 14.4 V; I: 47 mA; SOC: 100000 mAh; Mode: 1 ] RAW: [90 00 2F 00 01 86 A0 01] DLC: 8
[2025-10-21 09:17:32.040] [ UPS, Battery U: 14.4 V; I: 46 mA; SOC: 100000 mAh; Mode: 1 ] RAW: [90 00 2E 00 01 86 A0 01] DLC: 8
[2025-10-21 09:17:36.027] [ UPS, Battery U: 14.4 V; I: 47 mA; SOC: 100000 mAh; Mode: 1 ] RAW: [90 00 2F 00 01 86 A0 01] DLC: 8
[2025-10-21 09:17:40.013] [ UPS, Battery U: 14.4 V; I: 47 mA; SOC: 100000 mAh; Mode: 1 ] RAW: [90 00 2F 00 01 86 A0 01] DLC: 8
[2025-10-21 09:17:43.998] [ UPS, Battery U: 14.4 V; I: 47 mA; SOC: 100000 mAh; Mode: 1 ] RAW: [90 00 2F 00 01 86 A0 01] DLC: 8
[2025-10-21 09:17:47.984] [ UPS, Battery U: 14.4 V; I: 46 mA; SOC: 100000 mAh; Mode: 1 ] RAW: [90 00 2E 00 01 86 A0 01] DLC: 8
[2025-10-21 09:17:51.970] [ UPS, Battery U: 14.4 V; I: 47 mA; SOC: 100000 mAh; Mode: 1 ] RAW: [90 00 2F 00 01 86 A0 01] DLC: 8
[2025-10-21 09:17:55.957] [ UPS, Battery U: 14.4 V; I: 47 mA; SOC: 100000 mAh; Mode: 1 ] RAW: [90 00 2F 00 01 86 A0 01] DLC: 8
[2025-10-21 09:17:59.943] [ UPS, Battery U: 14.4 V; I: 47 mA; SOC: 100000 mAh; Mode: 1 ] RAW: [90 00 2F 00 01 86 A0 01] DLC: 8
[2025-10-21 09:18:03.922] [ UPS, Battery U: 14.4 V; I: 46 mA; SOC: 100000 mAh; Mode: 1 ] RAW: [90 00 2E 00 01 86 A0 01] DLC: 8
[2025-10-21 09:18:07.916] [ UPS, Battery U: 14.4 V; I: 47 mA; SOC: 100000 mAh; Mode: 1 ] RAW: [90 00 2F 00 01 86 A0 01] DLC: 8
[2025-10-21 09:18:11.889] [ UPS, Battery U: 14.4 V; I: 47 mA; SOC: 100000 mAh; Mode: 1 ] RAW: [90 00 2F 00 01 86 A0 01] DLC: 8
[2025-10-21 09:18:15.883] [ UPS, Battery U: 14.4 V; I: 47 mA; SOC: 100000 mAh; Mode: 1 ] RAW: [90 00 2F 00 01 86 A0 01] DLC: 8
[2025-10-21 09:18:19.871] [ UPS, Battery U: 14.4 V; I: 46 mA; SOC: 100000 mAh; Mode: 1 ] RAW: [90 00 2E 00 01 86 A0 01] DLC: 8
